============================================================
Time  2017/12/08 15:15:21 270 
============================================================
[2017/12/08 15:15:21 270] isr        1659 isr loaded!  
[2017/12/08 15:15:21 270] isr        1642 SYS_MSG_REGCB param0 =   msp_status_cb  param1 =   func(e00241e0) 
[2017/12/08 15:15:21 274] isr        1537 ASR_MSG_SSB  
[2017/12/08 15:15:21 274] isr        1066 session_begin() [in], params:   sub = asr, result_type = plain, result_encoding = utf8,sample_rate = 16000,aue = speex-wb  25d473f2d75bd2b2fd75b05f4d2aaa0b  
[2017/12/08 15:15:21 274] isr        927  vad_set [in]  
[2017/12/08 15:15:21 274] isr        962  vad_enable :  true  
[2017/12/08 15:15:21 275] isr        980  vad_bos :  10000  
[2017/12/08 15:15:21 275] isr        981  vad_eos :  2000  
[2017/12/08 15:15:21 275] isr        886  enable_vad [in]  
[2017/12/08 15:15:21 283] isr        918  vad enabled!  2000  10000  
[2017/12/08 15:15:21 283] isr        921  enable_vad [out]  
[2017/12/08 15:15:21 283] isr        987  vad_set [out] | ret =  0  
[2017/12/08 15:15:21 283] isr        1187 cur_engine_type =   cloud  
[2017/12/08 15:15:21 283] isr        1001 cloud_session_begin  
[2017/12/08 15:15:21 283] isr        1013 standard  
[2017/12/08 15:15:21 292] isr        1547 ASR_MSG_AUW,   cloud  
[2017/12/08 15:15:21 292] isr        1559 6400  1  
[2017/12/08 15:15:21 292] isr        1569 once_bytes:   6400  
[2017/12/08 15:15:21 296] isr        851  [aud] speech start  
[2017/12/08 15:15:21 296] isr        798  1  msc  
[2017/12/08 15:15:21 494] isr        1547 ASR_MSG_AUW,   cloud  
[2017/12/08 15:15:21 494] isr        1559 6400  2  
[2017/12/08 15:15:21 698] isr        1547 ASR_MSG_AUW,   cloud  
[2017/12/08 15:15:21 698] isr        1559 6400  2  
[2017/12/08 15:15:21 905] isr        1547 ASR_MSG_AUW,   cloud  
[2017/12/08 15:15:21 906] isr        1559 6400  2  
[2017/12/08 15:15:22 113] isr        1547 ASR_MSG_AUW,   cloud  
[2017/12/08 15:15:22 113] isr        1559 6400  2  
[2017/12/08 15:15:22 316] isr        1547 ASR_MSG_AUW,   cloud  
[2017/12/08 15:15:22 316] isr        1559 6400  2  
[2017/12/08 15:15:22 517] isr        1547 ASR_MSG_AUW,   cloud  
[2017/12/08 15:15:22 517] isr        1559 6400  2  
[2017/12/08 15:15:22 600] isr        700  cloud_status_cb, eps:  1  
[2017/12/08 15:15:22 600] isr        798  1  cloud  
[2017/12/08 15:15:22 600] isr        813  cloud eps ignored  
[2017/12/08 15:15:22 722] isr        1547 ASR_MSG_AUW,   cloud  
[2017/12/08 15:15:22 723] isr        1559 6400  2  
[2017/12/08 15:15:22 930] isr        1547 ASR_MSG_AUW,   cloud  
[2017/12/08 15:15:22 930] isr        1559 6400  2  
[2017/12/08 15:15:23 132] isr        1547 ASR_MSG_AUW,   cloud  
[2017/12/08 15:15:23 132] isr        1559 6400  2  
[2017/12/08 15:15:23 334] isr        1547 ASR_MSG_AUW,   cloud  
[2017/12/08 15:15:23 334] isr        1559 6400  2  
[2017/12/08 15:15:23 534] isr        1547 ASR_MSG_AUW,   cloud  
[2017/12/08 15:15:23 534] isr        1559 6400  2  
[2017/12/08 15:15:23 735] isr        1547 ASR_MSG_AUW,   cloud  
[2017/12/08 15:15:23 735] isr        1559 6400  2  
[2017/12/08 15:15:23 935] isr        1547 ASR_MSG_AUW,   cloud  
[2017/12/08 15:15:23 935] isr        1559 6400  2  
[2017/12/08 15:15:24 136] isr        1547 ASR_MSG_AUW,   cloud  
[2017/12/08 15:15:24 136] isr        1559 6400  2  
[2017/12/08 15:15:24 337] isr        1547 ASR_MSG_AUW,   cloud  
[2017/12/08 15:15:24 337] isr        1559 6400  2  
[2017/12/08 15:15:24 538] isr        1547 ASR_MSG_AUW,   cloud  
[2017/12/08 15:15:24 538] isr        1559 6400  2  
[2017/12/08 15:15:24 741] isr        1547 ASR_MSG_AUW,   cloud  
[2017/12/08 15:15:24 741] isr        1559 6400  2  
[2017/12/08 15:15:24 944] isr        1547 ASR_MSG_AUW,   cloud  
[2017/12/08 15:15:24 944] isr        1559 6400  2  
[2017/12/08 15:15:25 146] isr        1547 ASR_MSG_AUW,   cloud  
[2017/12/08 15:15:25 146] isr        1559 6400  2  
[2017/12/08 15:15:25 347] isr        1547 ASR_MSG_AUW,   cloud  
[2017/12/08 15:15:25 348] isr        1559 11442  2  
[2017/12/08 15:15:25 549] isr        1547 ASR_MSG_AUW,   cloud  
[2017/12/08 15:15:25 549] isr        1559 0  4  
[2017/12/08 15:15:25 549] isr        1592 aud end, USER  
[2017/12/08 15:15:25 550] isr        1636 ASR_MSG_GRSLT,   cloud  
[2017/12/08 15:15:25 550] isr        1335 0  nil  2  
[2017/12/08 15:15:25 558] isr        854  [aud] speech end  
[2017/12/08 15:15:25 558] isr        798  3  msc  
[2017/12/08 15:15:25 704] isr        1636 ASR_MSG_GRSLT,   cloud  
[2017/12/08 15:15:25 704] isr        1335 0  nil  2  
[2017/12/08 15:15:25 855] isr        1636 ASR_MSG_GRSLT,   cloud  
[2017/12/08 15:15:25 855] isr        1335 0  nil  2  
[2017/12/08 15:15:25 972] isr        662  cloud_rslt_cb status =   5  
[2017/12/08 15:15:25 972] isr        641  process_result call:  cloud  udata(e00291d8) 5  nil  
[2017/12/08 15:15:25 972] isr        798  3  msc  
[2017/12/08 15:15:25 972] isr        800  already speech end  
[2017/12/08 15:15:26 007] isr        1636 ASR_MSG_GRSLT,   cloud  
[2017/12/08 15:15:26 007] isr        1335 0  udata(e00291d8) 5  
[2017/12/08 15:15:26 161] isr        1639 ASR_MSG_SSE,   cloud  
[2017/12/08 15:15:26 161] isr        1356 session_end() [in]  
[2017/12/08 15:15:26 161] isr        1421 cloud_session_end() [in]  
[2017/12/08 15:15:26 184] isr        1488 ns_host=  open.xf-yun.com  
[2017/12/08 15:15:26 184] isr        1514 cloud_session_end() [out]  
[2017/12/08 15:15:26 185] isr        1667 isr unload!  
============================================================
Time  2017/12/08 15:19:00 075 
============================================================
[2017/12/08 15:19:00 075] isr        1659 isr loaded!  
[2017/12/08 15:19:00 075] isr        1642 SYS_MSG_REGCB param0 =   msp_status_cb  param1 =   func(68009220) 
[2017/12/08 15:19:00 075] isr        1537 ASR_MSG_SSB  
[2017/12/08 15:19:00 075] isr        1066 session_begin() [in], params:   sub = iat, domain = iat, language = zh_cn, accent = mandarin, sample_rate = 16000, result_type = plain, result_encoding = utf8  nil  
[2017/12/08 15:19:00 075] isr        927  vad_set [in]  
[2017/12/08 15:19:00 075] isr        962  vad_enable :  true  
[2017/12/08 15:19:00 076] isr        980  vad_bos :  10000  
[2017/12/08 15:19:00 076] isr        981  vad_eos :  2000  
[2017/12/08 15:19:00 076] isr        886  enable_vad [in]  
[2017/12/08 15:19:00 076] isr        918  vad enabled!  2000  10000  
[2017/12/08 15:19:00 076] isr        921  enable_vad [out]  
[2017/12/08 15:19:00 076] isr        987  vad_set [out] | ret =  0  
[2017/12/08 15:19:00 076] isr        1187 cur_engine_type =   cloud  
[2017/12/08 15:19:00 076] isr        1001 cloud_session_begin  
[2017/12/08 15:19:00 076] isr        1013 standard  
[2017/12/08 15:19:00 178] isr        1547 ASR_MSG_AUW,   cloud  
[2017/12/08 15:19:00 178] isr        1559 3200  1  
[2017/12/08 15:19:00 178] isr        1569 once_bytes:   3200  
[2017/12/08 15:19:00 186] isr        851  [aud] speech start  
[2017/12/08 15:19:00 186] isr        798  1  msc  
[2017/12/08 15:19:00 266] isr        1547 ASR_MSG_AUW,   cloud  
[2017/12/08 15:19:00 266] isr        1559 3200  2  
[2017/12/08 15:19:00 348] isr        700  cloud_status_cb, eps:  1  
[2017/12/08 15:19:00 348] isr        798  1  cloud  
[2017/12/08 15:19:00 348] isr        813  cloud eps ignored  
[2017/12/08 15:19:00 442] isr        1547 ASR_MSG_AUW,   cloud  
[2017/12/08 15:19:00 442] isr        1559 3200  2  
[2017/12/08 15:19:00 550] isr        1547 ASR_MSG_AUW,   cloud  
[2017/12/08 15:19:00 550] isr        1559 3200  2  
[2017/12/08 15:19:00 660] isr        1547 ASR_MSG_AUW,   cloud  
[2017/12/08 15:19:00 660] isr        1559 3200  2  
[2017/12/08 15:19:00 797] isr        1547 ASR_MSG_AUW,   cloud  
[2017/12/08 15:19:00 797] isr        1559 3200  2  
[2017/12/08 15:19:00 876] isr        1547 ASR_MSG_AUW,   cloud  
[2017/12/08 15:19:00 876] isr        1559 3200  2  
[2017/12/08 15:19:00 876] isr        1547 ASR_MSG_AUW,   cloud  
[2017/12/08 15:19:00 876] isr        1559 3200  2  
[2017/12/08 15:19:01 011] isr        1547 ASR_MSG_AUW,   cloud  
[2017/12/08 15:19:01 012] isr        1559 3200  2  
[2017/12/08 15:19:01 124] isr        1547 ASR_MSG_AUW,   cloud  
[2017/12/08 15:19:01 124] isr        1559 3200  2  
[2017/12/08 15:19:01 230] isr        1547 ASR_MSG_AUW,   cloud  
[2017/12/08 15:19:01 230] isr        1559 3200  2  
[2017/12/08 15:19:01 342] isr        1547 ASR_MSG_AUW,   cloud  
[2017/12/08 15:19:01 342] isr        1559 3200  2  
[2017/12/08 15:19:01 477] isr        1547 ASR_MSG_AUW,   cloud  
[2017/12/08 15:19:01 477] isr        1559 3200  2  
[2017/12/08 15:19:01 587] isr        1547 ASR_MSG_AUW,   cloud  
[2017/12/08 15:19:01 587] isr        1559 3200  2  
[2017/12/08 15:19:01 705] isr        1547 ASR_MSG_AUW,   cloud  
[2017/12/08 15:19:01 705] isr        1559 3200  2  
[2017/12/08 15:19:01 710] isr        1547 ASR_MSG_AUW,   cloud  
[2017/12/08 15:19:01 710] isr        1559 3200  2  
[2017/12/08 15:19:01 816] isr        1547 ASR_MSG_AUW,   cloud  
[2017/12/08 15:19:01 817] isr        1559 3200  2  
[2017/12/08 15:19:01 938] isr        1547 ASR_MSG_AUW,   cloud  
[2017/12/08 15:19:01 938] isr        1559 3200  2  
[2017/12/08 15:19:02 050] isr        1547 ASR_MSG_AUW,   cloud  
[2017/12/08 15:19:02 050] isr        1559 3200  2  
[2017/12/08 15:19:02 158] isr        1547 ASR_MSG_AUW,   cloud  
[2017/12/08 15:19:02 158] isr        1559 3200  2  
[2017/12/08 15:19:02 268] isr        1547 ASR_MSG_AUW,   cloud  
[2017/12/08 15:19:02 268] isr        1559 3200  2  
[2017/12/08 15:19:02 406] isr        1547 ASR_MSG_AUW,   cloud  
[2017/12/08 15:19:02 407] isr        1559 3200  2  
[2017/12/08 15:19:02 424] isr        1547 ASR_MSG_AUW,   cloud  
[2017/12/08 15:19:02 424] isr        1559 3200  2  
[2017/12/08 15:19:02 562] isr        1547 ASR_MSG_AUW,   cloud  
[2017/12/08 15:19:02 562] isr        1559 3200  2  
[2017/12/08 15:19:02 671] isr        1547 ASR_MSG_AUW,   cloud  
[2017/12/08 15:19:02 672] isr        1559 3200  2  
[2017/12/08 15:19:02 785] isr        1547 ASR_MSG_AUW,   cloud  
[2017/12/08 15:19:02 785] isr        1559 3200  2  
[2017/12/08 15:19:02 805] isr        1547 ASR_MSG_AUW,   cloud  
[2017/12/08 15:19:02 805] isr        1559 3200  2  
[2017/12/08 15:19:02 900] isr        1547 ASR_MSG_AUW,   cloud  
[2017/12/08 15:19:02 900] isr        1559 3200  2  
[2017/12/08 15:19:03 035] isr        1547 ASR_MSG_AUW,   cloud  
[2017/12/08 15:19:03 036] isr        1559 3200  2  
[2017/12/08 15:19:03 149] isr        1547 ASR_MSG_AUW,   cloud  
[2017/12/08 15:19:03 149] isr        1559 3200  2  
[2017/12/08 15:19:03 257] isr        1547 ASR_MSG_AUW,   cloud  
[2017/12/08 15:19:03 257] isr        1559 3200  2  
[2017/12/08 15:19:03 359] isr        1547 ASR_MSG_AUW,   cloud  
[2017/12/08 15:19:03 359] isr        1559 3200  2  
[2017/12/08 15:19:03 495] isr        1547 ASR_MSG_AUW,   cloud  
[2017/12/08 15:19:03 496] isr        1559 3200  2  
[2017/12/08 15:19:03 611] isr        1547 ASR_MSG_AUW,   cloud  
[2017/12/08 15:19:03 611] isr        1559 3200  2  
[2017/12/08 15:19:03 616] isr        1547 ASR_MSG_AUW,   cloud  
[2017/12/08 15:19:03 616] isr        1559 3200  2  
[2017/12/08 15:19:03 719] isr        1547 ASR_MSG_AUW,   cloud  
[2017/12/08 15:19:03 720] isr        1559 3200  2  
[2017/12/08 15:19:03 825] isr        1547 ASR_MSG_AUW,   cloud  
[2017/12/08 15:19:03 825] isr        1559 3200  2  
[2017/12/08 15:19:03 962] isr        1547 ASR_MSG_AUW,   cloud  
[2017/12/08 15:19:03 962] isr        1559 3200  2  
[2017/12/08 15:19:04 067] isr        1547 ASR_MSG_AUW,   cloud  
[2017/12/08 15:19:04 067] isr        1559 3200  2  
[2017/12/08 15:19:04 176] isr        1547 ASR_MSG_AUW,   cloud  
[2017/12/08 15:19:04 176] isr        1559 3200  2  
[2017/12/08 15:19:04 293] isr        1547 ASR_MSG_AUW,   cloud  
[2017/12/08 15:19:04 293] isr        1559 3200  2  
[2017/12/08 15:19:04 303] isr        1547 ASR_MSG_AUW,   cloud  
[2017/12/08 15:19:04 303] isr        1559 3200  2  
[2017/12/08 15:19:04 409] isr        1547 ASR_MSG_AUW,   cloud  
[2017/12/08 15:19:04 410] isr        1559 3200  2  
[2017/12/08 15:19:04 520] isr        1547 ASR_MSG_AUW,   cloud  
[2017/12/08 15:19:04 520] isr        1559 3200  2  
[2017/12/08 15:19:04 647] isr        1547 ASR_MSG_AUW,   cloud  
[2017/12/08 15:19:04 647] isr        1559 3200  2  
[2017/12/08 15:19:04 750] isr        1547 ASR_MSG_AUW,   cloud  
[2017/12/08 15:19:04 750] isr        1559 3200  2  
[2017/12/08 15:19:04 863] isr        1547 ASR_MSG_AUW,   cloud  
[2017/12/08 15:19:04 863] isr        1559 3200  2  
[2017/12/08 15:19:04 971] isr        1547 ASR_MSG_AUW,   cloud  
[2017/12/08 15:19:04 971] isr        1559 3200  2  
[2017/12/08 15:19:05 109] isr        1547 ASR_MSG_AUW,   cloud  
[2017/12/08 15:19:05 109] isr        1559 3200  2  
[2017/12/08 15:19:05 123] isr        1547 ASR_MSG_AUW,   cloud  
[2017/12/08 15:19:05 124] isr        1559 3200  2  
[2017/12/08 15:19:05 266] isr        1547 ASR_MSG_AUW,   cloud  
[2017/12/08 15:19:05 267] isr        1559 3200  2  
[2017/12/08 15:19:05 374] isr        1547 ASR_MSG_AUW,   cloud  
[2017/12/08 15:19:05 374] isr        1559 3200  2  
[2017/12/08 15:19:05 481] isr        1547 ASR_MSG_AUW,   cloud  
[2017/12/08 15:19:05 481] isr        1559 3200  2  
[2017/12/08 15:19:05 595] isr        1547 ASR_MSG_AUW,   cloud  
[2017/12/08 15:19:05 596] isr        1559 3200  2  
[2017/12/08 15:19:05 600] isr        1547 ASR_MSG_AUW,   cloud  
[2017/12/08 15:19:05 601] isr        1559 3200  2  
[2017/12/08 15:19:05 727] isr        1547 ASR_MSG_AUW,   cloud  
[2017/12/08 15:19:05 727] isr        1559 3200  2  
[2017/12/08 15:19:05 835] isr        1547 ASR_MSG_AUW,   cloud  
[2017/12/08 15:19:05 835] isr        1559 3200  2  
[2017/12/08 15:19:05 962] isr        1547 ASR_MSG_AUW,   cloud  
[2017/12/08 15:19:05 962] isr        1559 3200  2  
[2017/12/08 15:19:06 070] isr        1547 ASR_MSG_AUW,   cloud  
[2017/12/08 15:19:06 071] isr        1559 3200  2  
[2017/12/08 15:19:06 220] isr        1547 ASR_MSG_AUW,   cloud  
[2017/12/08 15:19:06 220] isr        1559 3200  2  
[2017/12/08 15:19:06 241] isr        1547 ASR_MSG_AUW,   cloud  
[2017/12/08 15:19:06 241] isr        1559 3200  2  
[2017/12/08 15:19:06 361] isr        1547 ASR_MSG_AUW,   cloud  
[2017/12/08 15:19:06 362] isr        1559 3200  2  
[2017/12/08 15:19:06 467] isr        1547 ASR_MSG_AUW,   cloud  
[2017/12/08 15:19:06 467] isr        1559 3200  2  
[2017/12/08 15:19:06 578] isr        1547 ASR_MSG_AUW,   cloud  
[2017/12/08 15:19:06 578] isr        1559 3200  2  
[2017/12/08 15:19:06 689] isr        1547 ASR_MSG_AUW,   cloud  
[2017/12/08 15:19:06 689] isr        1559 3200  2  
[2017/12/08 15:19:06 689] isr        1547 ASR_MSG_AUW,   cloud  
[2017/12/08 15:19:06 689] isr        1559 3200  2  
[2017/12/08 15:19:06 821] isr        1547 ASR_MSG_AUW,   cloud  
[2017/12/08 15:19:06 821] isr        1559 3200  2  
[2017/12/08 15:19:06 933] isr        1547 ASR_MSG_AUW,   cloud  
[2017/12/08 15:19:06 933] isr        1559 3200  2  
[2017/12/08 15:19:07 043] isr        1547 ASR_MSG_AUW,   cloud  
[2017/12/08 15:19:07 043] isr        1559 3200  2  
[2017/12/08 15:19:07 154] isr        1547 ASR_MSG_AUW,   cloud  
[2017/12/08 15:19:07 154] isr        1559 3200  2  
[2017/12/08 15:19:07 265] isr        1547 ASR_MSG_AUW,   cloud  
[2017/12/08 15:19:07 265] isr        1559 3200  2  
[2017/12/08 15:19:07 376] isr        1547 ASR_MSG_AUW,   cloud  
[2017/12/08 15:19:07 376] isr        1559 3200  2  
[2017/12/08 15:19:07 376] isr        1547 ASR_MSG_AUW,   cloud  
[2017/12/08 15:19:07 376] isr        1559 3200  2  
[2017/12/08 15:19:07 508] isr        1547 ASR_MSG_AUW,   cloud  
[2017/12/08 15:19:07 508] isr        1559 3200  2  
[2017/12/08 15:19:07 618] isr        1547 ASR_MSG_AUW,   cloud  
[2017/12/08 15:19:07 618] isr        1559 3200  2  
[2017/12/08 15:19:07 729] isr        1547 ASR_MSG_AUW,   cloud  
[2017/12/08 15:19:07 729] isr        1559 3200  2  
[2017/12/08 15:19:07 840] isr        1547 ASR_MSG_AUW,   cloud  
[2017/12/08 15:19:07 840] isr        1559 3200  2  
[2017/12/08 15:19:07 973] isr        1547 ASR_MSG_AUW,   cloud  
[2017/12/08 15:19:07 974] isr        1559 3200  2  
[2017/12/08 15:19:08 084] isr        1547 ASR_MSG_AUW,   cloud  
[2017/12/08 15:19:08 084] isr        1559 3200  2  
[2017/12/08 15:19:08 195] isr        1547 ASR_MSG_AUW,   cloud  
[2017/12/08 15:19:08 195] isr        1559 3200  2  
[2017/12/08 15:19:08 195] isr        1547 ASR_MSG_AUW,   cloud  
[2017/12/08 15:19:08 195] isr        1559 3200  2  
[2017/12/08 15:19:08 305] isr        1547 ASR_MSG_AUW,   cloud  
[2017/12/08 15:19:08 305] isr        1559 3200  2  
[2017/12/08 15:19:08 415] isr        1547 ASR_MSG_AUW,   cloud  
[2017/12/08 15:19:08 415] isr        1559 3200  2  
[2017/12/08 15:19:08 525] isr        1547 ASR_MSG_AUW,   cloud  
[2017/12/08 15:19:08 525] isr        1559 3200  2  
[2017/12/08 15:19:08 637] isr        1547 ASR_MSG_AUW,   cloud  
[2017/12/08 15:19:08 637] isr        1559 3200  2  
[2017/12/08 15:19:08 769] isr        1547 ASR_MSG_AUW,   cloud  
[2017/12/08 15:19:08 769] isr        1559 3200  2  
[2017/12/08 15:19:08 876] isr        1547 ASR_MSG_AUW,   cloud  
[2017/12/08 15:19:08 876] isr        1559 3200  2  
[2017/12/08 15:19:08 988] isr        1547 ASR_MSG_AUW,   cloud  
[2017/12/08 15:19:08 988] isr        1559 3200  2  
[2017/12/08 15:19:08 988] isr        1547 ASR_MSG_AUW,   cloud  
[2017/12/08 15:19:08 988] isr        1559 3200  2  
[2017/12/08 15:19:09 095] isr        1547 ASR_MSG_AUW,   cloud  
[2017/12/08 15:19:09 095] isr        1559 3200  2  
[2017/12/08 15:19:09 229] isr        1547 ASR_MSG_AUW,   cloud  
[2017/12/08 15:19:09 229] isr        1559 3200  2  
[2017/12/08 15:19:09 339] isr        1547 ASR_MSG_AUW,   cloud  
[2017/12/08 15:19:09 339] isr        1559 3200  2  
[2017/12/08 15:19:09 449] isr        1547 ASR_MSG_AUW,   cloud  
[2017/12/08 15:19:09 449] isr        1559 3200  2  
[2017/12/08 15:19:09 561] isr        1547 ASR_MSG_AUW,   cloud  
[2017/12/08 15:19:09 561] isr        1559 3200  2  
[2017/12/08 15:19:09 696] isr        1547 ASR_MSG_AUW,   cloud  
[2017/12/08 15:19:09 696] isr        1559 3200  2  
[2017/12/08 15:19:09 808] isr        1547 ASR_MSG_AUW,   cloud  
[2017/12/08 15:19:09 808] isr        1559 3200  2  
[2017/12/08 15:19:09 808] isr        1547 ASR_MSG_AUW,   cloud  
[2017/12/08 15:19:09 808] isr        1559 3200  2  
[2017/12/08 15:19:09 920] isr        1547 ASR_MSG_AUW,   cloud  
[2017/12/08 15:19:09 920] isr        1559 3200  2  
[2017/12/08 15:19:10 028] isr        1547 ASR_MSG_AUW,   cloud  
[2017/12/08 15:19:10 028] isr        1559 3200  2  
[2017/12/08 15:19:10 139] isr        1547 ASR_MSG_AUW,   cloud  
[2017/12/08 15:19:10 140] isr        1559 3200  2  
[2017/12/08 15:19:10 246] isr        1547 ASR_MSG_AUW,   cloud  
[2017/12/08 15:19:10 246] isr        1559 3200  2  
[2017/12/08 15:19:10 381] isr        1547 ASR_MSG_AUW,   cloud  
[2017/12/08 15:19:10 381] isr        1559 3200  2  
[2017/12/08 15:19:10 491] isr        1547 ASR_MSG_AUW,   cloud  
[2017/12/08 15:19:10 491] isr        1559 3200  2  
[2017/12/08 15:19:10 492] isr        1547 ASR_MSG_AUW,   cloud  
[2017/12/08 15:19:10 492] isr        1559 3200  2  
[2017/12/08 15:19:10 600] isr        1547 ASR_MSG_AUW,   cloud  
[2017/12/08 15:19:10 600] isr        1559 3200  2  
[2017/12/08 15:19:10 711] isr        1547 ASR_MSG_AUW,   cloud  
[2017/12/08 15:19:10 711] isr        1559 3200  2  
[2017/12/08 15:19:10 846] isr        1547 ASR_MSG_AUW,   cloud  
[2017/12/08 15:19:10 846] isr        1559 3200  2  
[2017/12/08 15:19:10 955] isr        1547 ASR_MSG_AUW,   cloud  
[2017/12/08 15:19:10 955] isr        1559 3200  2  
[2017/12/08 15:19:11 066] isr        1547 ASR_MSG_AUW,   cloud  
[2017/12/08 15:19:11 066] isr        1559 3200  2  
[2017/12/08 15:19:11 175] isr        1547 ASR_MSG_AUW,   cloud  
[2017/12/08 15:19:11 176] isr        1559 3200  2  
[2017/12/08 15:19:11 289] isr        1547 ASR_MSG_AUW,   cloud  
[2017/12/08 15:19:11 289] isr        1559 3200  2  
[2017/12/08 15:19:11 292] isr        1547 ASR_MSG_AUW,   cloud  
[2017/12/08 15:19:11 292] isr        1559 3200  2  
[2017/12/08 15:19:11 422] isr        1547 ASR_MSG_AUW,   cloud  
[2017/12/08 15:19:11 423] isr        1559 3200  2  
[2017/12/08 15:19:11 539] isr        1547 ASR_MSG_AUW,   cloud  
[2017/12/08 15:19:11 539] isr        1559 3200  2  
[2017/12/08 15:19:11 651] isr        1547 ASR_MSG_AUW,   cloud  
[2017/12/08 15:19:11 651] isr        1559 3200  2  
[2017/12/08 15:19:11 780] isr        1547 ASR_MSG_AUW,   cloud  
[2017/12/08 15:19:11 780] isr        1559 3200  2  
[2017/12/08 15:19:11 894] isr        1547 ASR_MSG_AUW,   cloud  
[2017/12/08 15:19:11 894] isr        1559 3200  2  
[2017/12/08 15:19:11 895] isr        1547 ASR_MSG_AUW,   cloud  
[2017/12/08 15:19:11 895] isr        1559 3200  2  
[2017/12/08 15:19:12 002] isr        1547 ASR_MSG_AUW,   cloud  
[2017/12/08 15:19:12 003] isr        1559 3200  2  
[2017/12/08 15:19:12 114] isr        1547 ASR_MSG_AUW,   cloud  
[2017/12/08 15:19:12 114] isr        1559 3200  2  
[2017/12/08 15:19:12 247] isr        1547 ASR_MSG_AUW,   cloud  
[2017/12/08 15:19:12 247] isr        1559 3200  2  
[2017/12/08 15:19:12 358] isr        1547 ASR_MSG_AUW,   cloud  
[2017/12/08 15:19:12 359] isr        1559 3200  2  
[2017/12/08 15:19:12 483] isr        1547 ASR_MSG_AUW,   cloud  
[2017/12/08 15:19:12 483] isr        1559 3200  2  
[2017/12/08 15:19:12 593] isr        1547 ASR_MSG_AUW,   cloud  
[2017/12/08 15:19:12 593] isr        1559 3200  2  
[2017/12/08 15:19:12 594] isr        1547 ASR_MSG_AUW,   cloud  
[2017/12/08 15:19:12 594] isr        1559 3200  2  
[2017/12/08 15:19:12 725] isr        1547 ASR_MSG_AUW,   cloud  
[2017/12/08 15:19:12 726] isr        1559 3200  2  
[2017/12/08 15:19:12 836] isr        1547 ASR_MSG_AUW,   cloud  
[2017/12/08 15:19:12 836] isr        1559 3200  2  
[2017/12/08 15:19:12 942] isr        1547 ASR_MSG_AUW,   cloud  
[2017/12/08 15:19:12 942] isr        1559 3200  2  
[2017/12/08 15:19:13 056] isr        1547 ASR_MSG_AUW,   cloud  
[2017/12/08 15:19:13 056] isr        1559 3200  2  
[2017/12/08 15:19:13 185] isr        1547 ASR_MSG_AUW,   cloud  
[2017/12/08 15:19:13 185] isr        1559 3200  2  
[2017/12/08 15:19:13 297] isr        1547 ASR_MSG_AUW,   cloud  
[2017/12/08 15:19:13 298] isr        1559 3200  2  
[2017/12/08 15:19:13 298] isr        1547 ASR_MSG_AUW,   cloud  
[2017/12/08 15:19:13 298] isr        1559 3200  2  
[2017/12/08 15:19:13 412] isr        1547 ASR_MSG_AUW,   cloud  
[2017/12/08 15:19:13 412] isr        1559 3200  2  
[2017/12/08 15:19:13 526] isr        1547 ASR_MSG_AUW,   cloud  
[2017/12/08 15:19:13 526] isr        1559 3200  2  
[2017/12/08 15:19:13 659] isr        1547 ASR_MSG_AUW,   cloud  
[2017/12/08 15:19:13 659] isr        1559 3200  2  
[2017/12/08 15:19:13 776] isr        1547 ASR_MSG_AUW,   cloud  
[2017/12/08 15:19:13 777] isr        1559 3200  2  
[2017/12/08 15:19:13 884] isr        1547 ASR_MSG_AUW,   cloud  
[2017/12/08 15:19:13 885] isr        1559 3200  2  
[2017/12/08 15:19:13 991] isr        1547 ASR_MSG_AUW,   cloud  
[2017/12/08 15:19:13 991] isr        1559 3200  2  
[2017/12/08 15:19:13 992] isr        1547 ASR_MSG_AUW,   cloud  
[2017/12/08 15:19:13 992] isr        1559 3200  2  
[2017/12/08 15:19:14 130] isr        1547 ASR_MSG_AUW,   cloud  
[2017/12/08 15:19:14 137] isr        1559 3200  2  
[2017/12/08 15:19:14 233] isr        1547 ASR_MSG_AUW,   cloud  
[2017/12/08 15:19:14 233] isr        1559 3200  2  
[2017/12/08 15:19:14 348] isr        1547 ASR_MSG_AUW,   cloud  
[2017/12/08 15:19:14 349] isr        1559 3200  2  
[2017/12/08 15:19:14 452] isr        1547 ASR_MSG_AUW,   cloud  
[2017/12/08 15:19:14 452] isr        1559 3200  2  
[2017/12/08 15:19:14 585] isr        1547 ASR_MSG_AUW,   cloud  
[2017/12/08 15:19:14 585] isr        1559 3200  2  
[2017/12/08 15:19:14 703] isr        1547 ASR_MSG_AUW,   cloud  
[2017/12/08 15:19:14 703] isr        1559 3200  2  
[2017/12/08 15:19:14 719] isr        1547 ASR_MSG_AUW,   cloud  
[2017/12/08 15:19:14 719] isr        1559 3200  2  
[2017/12/08 15:19:14 811] isr        1547 ASR_MSG_AUW,   cloud  
[2017/12/08 15:19:14 811] isr        1559 3200  2  
[2017/12/08 15:19:14 933] isr        1547 ASR_MSG_AUW,   cloud  
[2017/12/08 15:19:14 933] isr        1559 3200  2  
[2017/12/08 15:19:15 070] isr        1547 ASR_MSG_AUW,   cloud  
[2017/12/08 15:19:15 070] isr        1559 3200  2  
[2017/12/08 15:19:15 201] isr        1547 ASR_MSG_AUW,   cloud  
[2017/12/08 15:19:15 201] isr        1559 0  4  
[2017/12/08 15:19:15 201] isr        1592 aud end, USER  
[2017/12/08 15:19:15 201] isr        1636 ASR_MSG_GRSLT,   cloud  
[2017/12/08 15:19:15 201] isr        1335 0  nil  2  
[2017/12/08 15:19:15 202] isr        854  [aud] speech end  
[2017/12/08 15:19:15 202] isr        798  3  msc  
[2017/12/08 15:19:15 299] isr        700  cloud_status_cb, eps:  3  
[2017/12/08 15:19:15 299] isr        798  3  cloud  
[2017/12/08 15:19:15 299] isr        800  already speech end  
[2017/12/08 15:19:15 304] isr        1636 ASR_MSG_GRSLT,   cloud  
[2017/12/08 15:19:15 304] isr        1335 0  nil  2  
[2017/12/08 15:19:15 305] isr        662  cloud_rslt_cb status =   5  
[2017/12/08 15:19:15 305] isr        641  process_result call:  cloud  nil  5  nil  
[2017/12/08 15:19:15 305] isr        798  3  msc  
[2017/12/08 15:19:15 305] isr        800  already speech end  
[2017/12/08 15:19:15 406] isr        1636 ASR_MSG_GRSLT,   cloud  
[2017/12/08 15:19:15 406] isr        1335 0  nil  5  
[2017/12/08 15:19:15 511] isr        1639 ASR_MSG_SSE,   cloud  
[2017/12/08 15:19:15 512] isr        1356 session_end() [in]  
[2017/12/08 15:19:15 512] isr        1421 cloud_session_end() [in]  
[2017/12/08 15:19:15 548] isr        1488 ns_host=  open.xf-yun.com  
[2017/12/08 15:19:15 549] isr        1514 cloud_session_end() [out]  
[2017/12/08 15:19:15 549] isr        1667 isr unload!  
