============================================================
Time  2017/12/08 15:18:51 885 
============================================================
[2017/12/08 15:18:51 885] legacyuup  324  SYS_MSG_LOAD  
[2017/12/08 15:18:51 886] legacyuup  237  UUP_MSG_START  
[2017/12/08 15:18:51 886] legacyuup  239  legacyuup  legacyuup_143e543  268436457  1504680729  
[2017/12/08 15:18:51 886] legacyuup  282  User set url is   nil  
[2017/12/08 15:18:51 886] config     83   select default  
[2017/12/08 15:18:51 886] config     105  use general cloud  
[2017/12/08 15:18:51 886] transport  646  paramkvsport is   nil  
[2017/12/08 15:18:51 886] transport  658  ns_enable=  1  
[2017/12/08 15:18:51 886] transport  673  url.full=  nil  
[2017/12/08 15:18:51 886] transport  674  urltmp=  nil  
[2017/12/08 15:18:51 886] transport  678  server_url_host=, server_url_port=, server_url_path=  open.xf-yun.com  nil  /msp.do  
[2017/12/08 15:18:51 886] transport  706  url.full=  nil  
[2017/12/08 15:18:51 886] transport  883  switch 80  
[2017/12/08 15:18:51 886] transport  895  net type:  standard  
[2017/12/08 15:18:51 886] transport  896  net operator:  def  
[2017/12/08 15:18:51 886] transport  897  use proxy:  false  
[2017/12/08 15:18:51 886] legacyuup  299  not login!  
[2017/12/08 15:18:52 126] legacyuup  313  UUP_MSG_LGI_RESULT  
[2017/12/08 15:18:52 126] legacyuup  193  [session] send uup request  
[2017/12/08 15:18:52 126] transport  1098 session.domain=  open.xf-yun.com  
[2017/12/08 15:18:52 126] transport  1099 url.host=  open.xf-yun.com  
[2017/12/08 15:18:52 126] legacyuup  150  lver:  nil  
[2017/12/08 15:18:52 126] legacyuup  155  cfg_ver:  nil  
[2017/12/08 15:18:52 126] transport  1845 transport_obj.send | in  
[2017/12/08 15:18:52 127] transport  1851 self.msg_flag_q  table(680293d0) 
[2017/12/08 15:18:52 127] transport  1852 self.msg_q  table(68059aa0) 
[2017/12/08 15:18:52 127] transport  1784 transport_obj.try2send | in  
[2017/12/08 15:18:52 127] transport  1785 self.soc  nil  
[2017/12/08 15:18:52 127] transport  1786 self.connected  false  
[2017/12/08 15:18:52 128] transport  1787 self.latesterr  0  
[2017/12/08 15:18:52 128] transport  1858 transport_obj.send | out  
[2017/12/08 15:18:52 180] transport  194  [dns] [1] response 117.121.21.147  
[2017/12/08 15:18:52 180] transport  203  117  121  21  147  
[2017/12/08 15:18:52 181] transport  206  ipv =  v4  
[2017/12/08 15:18:52 181] transport  210  dns ip is v4  
[2017/12/08 15:18:52 181] transport  133  ip front is  117.121.21  
[2017/12/08 15:18:52 182] transport  263  expected ip  
[2017/12/08 15:18:52 182] network    94   iptoenv ,  ipcache  open.xf-yun.com  def  117.121.21.147  
[2017/12/08 15:18:52 193] transport  293  dns cb start conn  
[2017/12/08 15:18:52 193] transport  1294 [soc] connect   117.121.21.147  80  
[2017/12/08 15:18:52 194] transport  1306 mspsoc.open,prot_type=  tcp  
[2017/12/08 15:18:52 243] transport  476  [soc] [1] connected  
[2017/12/08 15:18:52 243] transport  1784 transport_obj.try2send | in  
[2017/12/08 15:18:52 244] transport  1785 self.soc  udata(6804e4e8) 
[2017/12/08 15:18:52 244] transport  1786 self.connected  true  
[2017/12/08 15:18:52 244] transport  1787 self.latesterr  0  
[2017/12/08 15:18:52 244] transport  1804 transport:try2send,#msg_q=  1  
[2017/12/08 15:18:52 245] transport  1348 build http request.  
[2017/12/08 15:18:52 257] transport  1462 POST /msp.do HTTP/1.1
Host: open.xf-yun.com
Content-Type: multipart/mixed;boundary=--
Content-Length: 852
User-Agent: iFLYCloud
Cache-Control: no-cache
Accept: */*

----
CL:83
CT:text/plain

ver=MSSP+0%2E9&sub=uup&cmd=uup&cver=5%2E2%2E0%2E1054&key=0c4G4KJ85svIz10sMzTVscwA==
----
CL:216
CT:binary/userdata+userword
CE:gzip,encrypt/0.2

ﬂZ„NÔ  
[2017/12/08 15:18:52 261] transport  1804 transport:try2send,#msg_q=  0  
[2017/12/08 15:18:52 261] transport  485  [soc] [1] send ok  1025  
[2017/12/08 15:18:52 262] transport  1784 transport_obj.try2send | in  
[2017/12/08 15:18:52 262] transport  1785 self.soc  udata(6804e4e8) 
[2017/12/08 15:18:52 262] transport  1786 self.connected  true  
[2017/12/08 15:18:52 262] transport  1787 self.latesterr  0  
[2017/12/08 15:18:52 262] transport  1804 transport:try2send,#msg_q=  0  
[2017/12/08 15:18:52 341] transport  497  [soc] [1] readable  
[2017/12/08 15:18:52 342] transport  1752 HTTP/1.1 200 OK
Content-Type: text/plain
Content-Length: 173
X-Req-Date: 2017/12/08 15:18:52 304
Cache-Control: no-cache
CL: 173
X-Res-Date: 2017/12/08 15:18:52 334

ver=MSSP+0%2E9&ret=0&cver=5%2E2%2E0%2E1054&uid=d8711805769&key=0fv2sDIvWU6olvHGCvvsTodgPVZGHPW0erdY1jXDJ2bl4^HBywnTxKrVHR7Pyu1J/CRhFCCJCFCunjehTfGazlhxmhs5T9hkCh43oU3xms5Yc=  
[2017/12/08 15:18:52 342] transport  1480 a_complete_httpmessage  200  
[2017/12/08 15:18:52 343] transport  1590 is_update  true  
[2017/12/08 15:18:52 344] legacyuup  70   [trans] [id = uuplegacyuup_143e543] readable  
[2017/12/08 15:18:52 358] network    89   ipfromenv ,  ipcache  open.xf-yun.com  def  117.121.21.147  
[2017/12/08 15:18:52 359] transport  969  cached ip is confirmed  
[2017/12/08 15:18:52 360] transport  1321 [soc] disconnect  
[2017/12/08 15:18:52 362] transport  980  transport clean  
[2017/12/08 15:18:52 363] legacyuup  80   uup ok!  
[2017/12/08 15:18:52 364] legacyuup  333  SYS_MSG_UNLOAD  
