This file contains any messages produced by compilers while
running configure, to aid debugging if configure makes a mistake.

It was created by GStreamer Base Plug-ins configure 1.10.4, which was
generated by GNU Autoconf 2.69.  Invocation command line was

  $ ./gst-plugins-base-1.10.4/configure 

## --------- ##
## Platform. ##
## --------- ##

hostname = ubuntu
uname -m = x86_64
uname -r = 4.4.0-112-generic
uname -s = Linux
uname -v = #135-Ubuntu SMP Fri Jan 19 11:48:36 UTC 2018

/usr/bin/uname -p = unknown
/bin/uname -X     = unknown

/bin/arch              = unknown
/usr/bin/arch -k       = unknown
/usr/convex/getsysinfo = unknown
/usr/bin/hostinfo      = unknown
/bin/machine           = unknown
/usr/bin/oslevel       = unknown
/bin/universe          = unknown

PATH: /usr/java8u161/jdk1.8.0_161/bin
PATH: /home/goeful/bin
PATH: /home/goeful/.local/bin
PATH: /usr/local/sbin
PATH: /usr/local/bin
PATH: /usr/sbin
PATH: /usr/bin
PATH: /sbin
PATH: /bin
PATH: /usr/games
PATH: /usr/local/games
PATH: /snap/bin
PATH: /opt/hisi-linux/x86-arm/arm-hisiv200-linux/bin
PATH: /opt/gcc-4.4.4-glibc-2.11.1-multilib-1.0/arm-fsl-linux-gnueabi/bin
PATH: /opt/hisi-linux/x86-arm/arm-hisiv200-linux/target/bin


## ----------- ##
## Core tests. ##
## ----------- ##

configure:3325: checking build system type
configure:3339: result: x86_64-pc-linux-gnu
configure:3359: checking host system type
configure:3372: result: x86_64-pc-linux-gnu
configure:3392: checking target system type
configure:3405: result: x86_64-pc-linux-gnu
configure:3451: checking for a BSD-compatible install
configure:3519: result: /usr/bin/install -c
configure:3530: checking whether build environment is sane
configure:3585: result: yes
configure:3736: checking for a thread-safe mkdir -p
configure:3775: result: /bin/mkdir -p
configure:3782: checking for gawk
configure:3798: found /usr/bin/gawk
configure:3809: result: gawk
configure:3820: checking whether make sets $(MAKE)
configure:3842: result: yes
configure:3871: checking whether make supports nested variables
configure:3888: result: yes
configure:3905: error: source directory already configured; run "make distclean" there first

## ---------------- ##
## Cache variables. ##
## ---------------- ##

ac_cv_build=x86_64-pc-linux-gnu
ac_cv_env_ALSA_CFLAGS_set=
ac_cv_env_ALSA_CFLAGS_value=
ac_cv_env_ALSA_LIBS_set=
ac_cv_env_ALSA_LIBS_value=
ac_cv_env_CCC_set=
ac_cv_env_CCC_value=
ac_cv_env_CC_set=
ac_cv_env_CC_value=
ac_cv_env_CDPARANOIA_CFLAGS_set=
ac_cv_env_CDPARANOIA_CFLAGS_value=
ac_cv_env_CDPARANOIA_LIBS_set=
ac_cv_env_CDPARANOIA_LIBS_value=
ac_cv_env_CFLAGS_set=
ac_cv_env_CFLAGS_value=
ac_cv_env_CPPFLAGS_set=
ac_cv_env_CPPFLAGS_value=
ac_cv_env_CPP_set=
ac_cv_env_CPP_value=
ac_cv_env_CXXCPP_set=
ac_cv_env_CXXCPP_value=
ac_cv_env_CXXFLAGS_set=
ac_cv_env_CXXFLAGS_value=
ac_cv_env_CXX_set=
ac_cv_env_CXX_value=
ac_cv_env_GIO_CFLAGS_set=
ac_cv_env_GIO_CFLAGS_value=
ac_cv_env_GIO_LIBS_set=
ac_cv_env_GIO_LIBS_value=
ac_cv_env_GIO_UNIX_2_0_CFLAGS_set=
ac_cv_env_GIO_UNIX_2_0_CFLAGS_value=
ac_cv_env_GIO_UNIX_2_0_LIBS_set=
ac_cv_env_GIO_UNIX_2_0_LIBS_value=
ac_cv_env_GLIB_CFLAGS_set=
ac_cv_env_GLIB_CFLAGS_value=
ac_cv_env_GLIB_LIBS_set=
ac_cv_env_GLIB_LIBS_value=
ac_cv_env_GST_BASE_CFLAGS_set=
ac_cv_env_GST_BASE_CFLAGS_value=
ac_cv_env_GST_BASE_LIBS_set=
ac_cv_env_GST_BASE_LIBS_value=
ac_cv_env_GST_CFLAGS_set=
ac_cv_env_GST_CFLAGS_value=
ac_cv_env_GST_CHECK_CFLAGS_set=
ac_cv_env_GST_CHECK_CFLAGS_value=
ac_cv_env_GST_CHECK_LIBS_set=
ac_cv_env_GST_CHECK_LIBS_value=
ac_cv_env_GST_CONTROLLER_CFLAGS_set=
ac_cv_env_GST_CONTROLLER_CFLAGS_value=
ac_cv_env_GST_CONTROLLER_LIBS_set=
ac_cv_env_GST_CONTROLLER_LIBS_value=
ac_cv_env_GST_LIBS_set=
ac_cv_env_GST_LIBS_value=
ac_cv_env_GST_NET_CFLAGS_set=
ac_cv_env_GST_NET_CFLAGS_value=
ac_cv_env_GST_NET_LIBS_set=
ac_cv_env_GST_NET_LIBS_value=
ac_cv_env_GTKDOC_DEPS_CFLAGS_set=
ac_cv_env_GTKDOC_DEPS_CFLAGS_value=
ac_cv_env_GTKDOC_DEPS_LIBS_set=
ac_cv_env_GTKDOC_DEPS_LIBS_value=
ac_cv_env_GTK_CFLAGS_set=
ac_cv_env_GTK_CFLAGS_value=
ac_cv_env_GTK_LIBS_set=
ac_cv_env_GTK_LIBS_value=
ac_cv_env_GTK_QUARTZ_CFLAGS_set=
ac_cv_env_GTK_QUARTZ_CFLAGS_value=
ac_cv_env_GTK_QUARTZ_LIBS_set=
ac_cv_env_GTK_QUARTZ_LIBS_value=
ac_cv_env_GTK_X11_CFLAGS_set=
ac_cv_env_GTK_X11_CFLAGS_value=
ac_cv_env_GTK_X11_LIBS_set=
ac_cv_env_GTK_X11_LIBS_value=
ac_cv_env_IVORBIS_CFLAGS_set=
ac_cv_env_IVORBIS_CFLAGS_value=
ac_cv_env_IVORBIS_LIBS_set=
ac_cv_env_IVORBIS_LIBS_value=
ac_cv_env_LDFLAGS_set=
ac_cv_env_LDFLAGS_value=
ac_cv_env_LIBS_set=
ac_cv_env_LIBS_value=
ac_cv_env_LIBVISUAL_CFLAGS_set=
ac_cv_env_LIBVISUAL_CFLAGS_value=
ac_cv_env_LIBVISUAL_LIBS_set=
ac_cv_env_LIBVISUAL_LIBS_value=
ac_cv_env_LT_SYS_LIBRARY_PATH_set=
ac_cv_env_LT_SYS_LIBRARY_PATH_value=
ac_cv_env_OGG_CFLAGS_set=
ac_cv_env_OGG_CFLAGS_value=
ac_cv_env_OGG_LIBS_set=
ac_cv_env_OGG_LIBS_value=
ac_cv_env_OPUS_CFLAGS_set=
ac_cv_env_OPUS_CFLAGS_value=
ac_cv_env_OPUS_LIBS_set=
ac_cv_env_OPUS_LIBS_value=
ac_cv_env_ORC_CFLAGS_set=
ac_cv_env_ORC_CFLAGS_value=
ac_cv_env_ORC_LIBS_set=
ac_cv_env_ORC_LIBS_value=
ac_cv_env_PANGO_CFLAGS_set=
ac_cv_env_PANGO_CFLAGS_value=
ac_cv_env_PANGO_LIBS_set=
ac_cv_env_PANGO_LIBS_value=
ac_cv_env_PKG_CONFIG_set=
ac_cv_env_PKG_CONFIG_value=
ac_cv_env_PYTHON_set=
ac_cv_env_PYTHON_value=
ac_cv_env_QT_CFLAGS_set=
ac_cv_env_QT_CFLAGS_value=
ac_cv_env_QT_LIBS_set=
ac_cv_env_QT_LIBS_value=
ac_cv_env_THEORA_CFLAGS_set=
ac_cv_env_THEORA_CFLAGS_value=
ac_cv_env_THEORA_LIBS_set=
ac_cv_env_THEORA_LIBS_value=
ac_cv_env_VALGRIND_CFLAGS_set=
ac_cv_env_VALGRIND_CFLAGS_value=
ac_cv_env_VALGRIND_LIBS_set=
ac_cv_env_VALGRIND_LIBS_value=
ac_cv_env_VORBIS_CFLAGS_set=
ac_cv_env_VORBIS_CFLAGS_value=
ac_cv_env_VORBIS_LIBS_set=
ac_cv_env_VORBIS_LIBS_value=
ac_cv_env_XSHM_CFLAGS_set=
ac_cv_env_XSHM_CFLAGS_value=
ac_cv_env_XSHM_LIBS_set=
ac_cv_env_XSHM_LIBS_value=
ac_cv_env_XVIDEO_CFLAGS_set=
ac_cv_env_XVIDEO_CFLAGS_value=
ac_cv_env_XVIDEO_LIBS_set=
ac_cv_env_XVIDEO_LIBS_value=
ac_cv_env_X_CFLAGS_set=
ac_cv_env_X_CFLAGS_value=
ac_cv_env_X_LIBS_set=
ac_cv_env_X_LIBS_value=
ac_cv_env_ZLIB_CFLAGS_set=
ac_cv_env_ZLIB_CFLAGS_value=
ac_cv_env_ZLIB_LIBS_set=
ac_cv_env_ZLIB_LIBS_value=
ac_cv_env_build_alias_set=
ac_cv_env_build_alias_value=
ac_cv_env_host_alias_set=
ac_cv_env_host_alias_value=
ac_cv_env_target_alias_set=
ac_cv_env_target_alias_value=
ac_cv_host=x86_64-pc-linux-gnu
ac_cv_path_install='/usr/bin/install -c'
ac_cv_path_mkdir=/bin/mkdir
ac_cv_prog_AWK=gawk
ac_cv_prog_make_make_set=yes
ac_cv_target=x86_64-pc-linux-gnu
am_cv_make_support_nested_variables=yes

## ----------------- ##
## Output variables. ##
## ----------------- ##

ACLOCAL=''
ACLOCAL_AMFLAGS=''
ALSA_CFLAGS=''
ALSA_LIBS=''
AMDEPBACKSLASH=''
AMDEP_FALSE=''
AMDEP_TRUE=''
AMTAR=''
AM_BACKSLASH='\'
AM_DEFAULT_V='$(AM_DEFAULT_VERBOSITY)'
AM_DEFAULT_VERBOSITY='1'
AM_V='$(V)'
AR=''
AS=''
AUDIORESAMPLE_FORMAT_AUTO=''
AUDIORESAMPLE_FORMAT_FLOAT=''
AUDIORESAMPLE_FORMAT_INT=''
AUTOCONF=''
AUTOHEADER=''
AUTOMAKE=''
AWK='gawk'
BUILD_EXAMPLES_FALSE=''
BUILD_EXAMPLES_TRUE=''
BUILD_EXPERIMENTAL_FALSE=''
BUILD_EXPERIMENTAL_TRUE=''
BUILD_EXTERNAL_FALSE=''
BUILD_EXTERNAL_TRUE=''
CC=''
CCASFLAGS=''
CCDEPMODE=''
CDPARANOIA_CFLAGS=''
CDPARANOIA_LIBS=''
CFLAGS=''
CPP=''
CPPFLAGS=''
CXX=''
CXXCPP=''
CXXDEPMODE=''
CXXFLAGS=''
CYGPATH_W=''
DEFAULT_AUDIOSINK=''
DEFAULT_AUDIOSRC=''
DEFAULT_VIDEOSINK=''
DEFAULT_VIDEOSRC=''
DEFAULT_VISUALIZER=''
DEFS=''
DEPDIR=''
DEPRECATED_CFLAGS=''
DLLTOOL=''
DSYMUTIL=''
DUMPBIN=''
ECHO_C=''
ECHO_N='-n'
ECHO_T=''
EGREP=''
ENABLE_GTK_DOC_FALSE=''
ENABLE_GTK_DOC_TRUE=''
ENABLE_PLUGIN_DOCS_FALSE=''
ENABLE_PLUGIN_DOCS_TRUE=''
ERROR_CFLAGS=''
ERROR_CXXFLAGS=''
EXEEXT=''
FFLAGS=''
FGREP=''
GCOV=''
GCOV_CFLAGS=''
GCOV_LIBS=''
GETTEXT_MACRO_VERSION=''
GETTEXT_PACKAGE=''
GIO_CFLAGS=''
GIO_LDFLAGS=''
GIO_LIBS=''
GIO_UNIX_2_0_CFLAGS=''
GIO_UNIX_2_0_LIBS=''
GLIB_CFLAGS=''
GLIB_EXTRA_CFLAGS=''
GLIB_GENMARSHAL=''
GLIB_LIBS=''
GLIB_MKENUMS=''
GLIB_PREFIX=''
GLIB_REQ=''
GMSGFMT=''
GMSGFMT_015=''
GREP=''
GST_AGE=''
GST_ALL_LDFLAGS=''
GST_API_VERSION=''
GST_BASE_CFLAGS=''
GST_BASE_LIBS=''
GST_CFLAGS=''
GST_CHECK_CFLAGS=''
GST_CHECK_LIBS=''
GST_CONTROLLER_CFLAGS=''
GST_CONTROLLER_LIBS=''
GST_CURRENT=''
GST_CXXFLAGS=''
GST_GCOV_ENABLED_FALSE=''
GST_GCOV_ENABLED_TRUE=''
GST_INSTALL_PLUGINS_HELPER=''
GST_LEVEL_DEFAULT=''
GST_LIBS=''
GST_LIBVERSION=''
GST_LIB_LDFLAGS=''
GST_LICENSE=''
GST_LT_LDFLAGS=''
GST_NET_CFLAGS=''
GST_NET_LIBS=''
GST_OPTION_CFLAGS=''
GST_OPTION_CXXFLAGS=''
GST_PACKAGE_NAME=''
GST_PACKAGE_ORIGIN=''
GST_PKG_CONFIG_PATH=''
GST_PLUGINS_ALL=''
GST_PLUGINS_BASE_CFLAGS=''
GST_PLUGINS_DIR=''
GST_PLUGINS_NONPORTED=''
GST_PLUGINS_SELECTED=''
GST_PLUGIN_BUILD_STATIC_FALSE=''
GST_PLUGIN_BUILD_STATIC_TRUE=''
GST_PLUGIN_LDFLAGS=''
GST_PLUGIN_LIBTOOLFLAGS=''
GST_PREFIX=''
GST_REVISION=''
GST_TOOLS_DIR=''
GTKDOC_CHECK=''
GTKDOC_DEPS_CFLAGS=''
GTKDOC_DEPS_LIBS=''
GTKDOC_MKPDF=''
GTKDOC_REBASE=''
GTK_CFLAGS=''
GTK_DOC_BUILD_HTML_FALSE=''
GTK_DOC_BUILD_HTML_TRUE=''
GTK_DOC_BUILD_PDF_FALSE=''
GTK_DOC_BUILD_PDF_TRUE=''
GTK_DOC_USE_LIBTOOL_FALSE=''
GTK_DOC_USE_LIBTOOL_TRUE=''
GTK_LIBS=''
GTK_QUARTZ_CFLAGS=''
GTK_QUARTZ_LIBS=''
GTK_X11_CFLAGS=''
GTK_X11_LIBS=''
HAVE_CDPARANOIA=''
HAVE_CPU_ALPHA_FALSE=''
HAVE_CPU_ALPHA_TRUE=''
HAVE_CPU_ARC_FALSE=''
HAVE_CPU_ARC_TRUE=''
HAVE_CPU_ARM_FALSE=''
HAVE_CPU_ARM_TRUE=''
HAVE_CPU_CRISV32_FALSE=''
HAVE_CPU_CRISV32_TRUE=''
HAVE_CPU_CRIS_FALSE=''
HAVE_CPU_CRIS_TRUE=''
HAVE_CPU_HPPA_FALSE=''
HAVE_CPU_HPPA_TRUE=''
HAVE_CPU_I386_FALSE=''
HAVE_CPU_I386_TRUE=''
HAVE_CPU_IA64_FALSE=''
HAVE_CPU_IA64_TRUE=''
HAVE_CPU_M68K_FALSE=''
HAVE_CPU_M68K_TRUE=''
HAVE_CPU_MIPS_FALSE=''
HAVE_CPU_MIPS_TRUE=''
HAVE_CPU_PPC64_FALSE=''
HAVE_CPU_PPC64_TRUE=''
HAVE_CPU_PPC_FALSE=''
HAVE_CPU_PPC_TRUE=''
HAVE_CPU_S390_FALSE=''
HAVE_CPU_S390_TRUE=''
HAVE_CPU_SPARC_FALSE=''
HAVE_CPU_SPARC_TRUE=''
HAVE_CPU_X86_64_FALSE=''
HAVE_CPU_X86_64_TRUE=''
HAVE_CXX_FALSE=''
HAVE_CXX_TRUE=''
HAVE_GST_CHECK_FALSE=''
HAVE_GST_CHECK_TRUE=''
HAVE_GTK_FALSE=''
HAVE_GTK_QUARTZ_FALSE=''
HAVE_GTK_QUARTZ_TRUE=''
HAVE_GTK_TRUE=''
HAVE_GTK_X11_FALSE=''
HAVE_GTK_X11_TRUE=''
HAVE_INTROSPECTION_FALSE=''
HAVE_INTROSPECTION_TRUE=''
HAVE_LINUX_JOYSTICK_HEADERS_FALSE=''
HAVE_LINUX_JOYSTICK_HEADERS_TRUE=''
HAVE_ORCC_FALSE=''
HAVE_ORCC_TRUE=''
HAVE_ORC_FALSE=''
HAVE_ORC_TRUE=''
HAVE_QT_FALSE=''
HAVE_QT_MOC_FALSE=''
HAVE_QT_MOC_TRUE=''
HAVE_QT_TRUE=''
HAVE_SYS_SOCKET_H_FALSE=''
HAVE_SYS_SOCKET_H_TRUE=''
HAVE_VALGRIND_FALSE=''
HAVE_VALGRIND_TRUE=''
HAVE_WINSOCK2_H_FALSE=''
HAVE_WINSOCK2_H_TRUE=''
HAVE_X86_FALSE=''
HAVE_X86_TRUE=''
HAVE_XSHM=''
HAVE_ZLIB=''
HTML_DIR=''
INSTALL_DATA='${INSTALL} -m 644'
INSTALL_PROGRAM='${INSTALL}'
INSTALL_SCRIPT='${INSTALL}'
INSTALL_STRIP_PROGRAM='$(install_sh) -c -s'
INTLLIBS=''
INTL_MACOSX_LIBS=''
INTROSPECTION_CFLAGS=''
INTROSPECTION_COMPILER=''
INTROSPECTION_GENERATE=''
INTROSPECTION_GIRDIR=''
INTROSPECTION_INIT=''
INTROSPECTION_LIBS=''
INTROSPECTION_MAKEFILE=''
INTROSPECTION_SCANNER=''
INTROSPECTION_TYPELIBDIR=''
IVORBIS_CFLAGS=''
IVORBIS_LIBS=''
LD=''
LDFLAGS=''
LIBICONV=''
LIBINTL=''
LIBM=''
LIBOBJS=''
LIBS=''
LIBTOOL=''
LIBVISUAL_CFLAGS=''
LIBVISUAL_LIBS=''
LIPO=''
LN_S=''
LOCALEDIR=''
LTLIBICONV=''
LTLIBINTL=''
LTLIBOBJS=''
LT_SYS_LIBRARY_PATH=''
MAINT=''
MAINTAINER_MODE_FALSE=''
MAINTAINER_MODE_TRUE=''
MAKEINFO=''
MANIFEST_TOOL=''
MKDIR_P='/bin/mkdir -p'
MSGFMT=''
MSGFMT_015=''
MSGMERGE=''
NM=''
NMEDIT=''
OBJDUMP=''
OBJEXT=''
OGG_CFLAGS=''
OGG_LIBS=''
OPUS_CFLAGS=''
OPUS_LIBS=''
ORCC=''
ORCC_FLAGS=''
ORC_CFLAGS=''
ORC_LIBS=''
OTOOL64=''
OTOOL=''
PACKAGE=''
PACKAGE_BUGREPORT='http://bugzilla.gnome.org/enter_bug.cgi?product=GStreamer'
PACKAGE_NAME='GStreamer Base Plug-ins'
PACKAGE_STRING='GStreamer Base Plug-ins 1.10.4'
PACKAGE_TARNAME='gst-plugins-base'
PACKAGE_URL=''
PACKAGE_VERSION='1.10.4'
PACKAGE_VERSION_MAJOR=''
PACKAGE_VERSION_MICRO=''
PACKAGE_VERSION_MINOR=''
PACKAGE_VERSION_NANO=''
PACKAGE_VERSION_RELEASE=''
PANGO_CFLAGS=''
PANGO_LIBS=''
PATH_SEPARATOR=':'
PKG_CONFIG=''
PLUGINDIR=''
POSUB=''
PROFILE_CFLAGS=''
PTHREAD_CC=''
PTHREAD_CFLAGS=''
PTHREAD_LIBS=''
PYTHON=''
PYTHON_EXEC_PREFIX=''
PYTHON_PLATFORM=''
PYTHON_PREFIX=''
PYTHON_VERSION=''
QTCHOOSER=''
QT_CFLAGS=''
QT_LIBS=''
QT_MOC=''
RANLIB=''
SED=''
SET_MAKE=''
SHELL='/bin/bash'
SSE2_CFLAGS=''
SSE41_CFLAGS=''
SSE_CFLAGS=''
STRIP=''
THEORA_CFLAGS=''
THEORA_LIBS=''
USE_ALSA_FALSE=''
USE_ALSA_TRUE=''
USE_CDPARANOIA_FALSE=''
USE_CDPARANOIA_TRUE=''
USE_EXPERIMENTAL_FALSE=''
USE_EXPERIMENTAL_TRUE=''
USE_EXTERNAL_FALSE=''
USE_EXTERNAL_TRUE=''
USE_GIO_UNIX_2_0_FALSE=''
USE_GIO_UNIX_2_0_TRUE=''
USE_ISO_CODES_FALSE=''
USE_ISO_CODES_TRUE=''
USE_IVORBIS_FALSE=''
USE_IVORBIS_TRUE=''
USE_LIBVISUAL_FALSE=''
USE_LIBVISUAL_TRUE=''
USE_NLS=''
USE_OGG_FALSE=''
USE_OGG_TRUE=''
USE_OPUS_FALSE=''
USE_OPUS_TRUE=''
USE_PANGO_FALSE=''
USE_PANGO_TRUE=''
USE_PLUGIN_ADDER_FALSE=''
USE_PLUGIN_ADDER_TRUE=''
USE_PLUGIN_APP_FALSE=''
USE_PLUGIN_APP_TRUE=''
USE_PLUGIN_AUDIOCONVERT_FALSE=''
USE_PLUGIN_AUDIOCONVERT_TRUE=''
USE_PLUGIN_AUDIORATE_FALSE=''
USE_PLUGIN_AUDIORATE_TRUE=''
USE_PLUGIN_AUDIORESAMPLE_FALSE=''
USE_PLUGIN_AUDIORESAMPLE_TRUE=''
USE_PLUGIN_AUDIOTESTSRC_FALSE=''
USE_PLUGIN_AUDIOTESTSRC_TRUE=''
USE_PLUGIN_ENCODING_FALSE=''
USE_PLUGIN_ENCODING_TRUE=''
USE_PLUGIN_GIO_FALSE=''
USE_PLUGIN_GIO_TRUE=''
USE_PLUGIN_PLAYBACK_FALSE=''
USE_PLUGIN_PLAYBACK_TRUE=''
USE_PLUGIN_SUBPARSE_FALSE=''
USE_PLUGIN_SUBPARSE_TRUE=''
USE_PLUGIN_TCP_FALSE=''
USE_PLUGIN_TCP_TRUE=''
USE_PLUGIN_TYPEFIND_FALSE=''
USE_PLUGIN_TYPEFIND_TRUE=''
USE_PLUGIN_VIDEOCONVERT_FALSE=''
USE_PLUGIN_VIDEOCONVERT_TRUE=''
USE_PLUGIN_VIDEORATE_FALSE=''
USE_PLUGIN_VIDEORATE_TRUE=''
USE_PLUGIN_VIDEOSCALE_FALSE=''
USE_PLUGIN_VIDEOSCALE_TRUE=''
USE_PLUGIN_VIDEOTESTSRC_FALSE=''
USE_PLUGIN_VIDEOTESTSRC_TRUE=''
USE_PLUGIN_VOLUME_FALSE=''
USE_PLUGIN_VOLUME_TRUE=''
USE_THEORA_FALSE=''
USE_THEORA_TRUE=''
USE_VORBIS_FALSE=''
USE_VORBIS_TRUE=''
USE_XSHM_FALSE=''
USE_XSHM_TRUE=''
USE_XVIDEO_FALSE=''
USE_XVIDEO_TRUE=''
USE_X_FALSE=''
USE_X_TRUE=''
USE_ZLIB_FALSE=''
USE_ZLIB_TRUE=''
VALGRIND_CFLAGS=''
VALGRIND_LIBS=''
VALGRIND_PATH=''
VERSION=''
VORBIS_CFLAGS=''
VORBIS_LIBS=''
WARNING_CFLAGS=''
WARNING_CXXFLAGS=''
WIN32_LIBS=''
XGETTEXT=''
XGETTEXT_015=''
XGETTEXT_EXTRA_OPTIONS=''
XSHM_CFLAGS=''
XSHM_LIBS=''
XVIDEO_CFLAGS=''
XVIDEO_LIBS=''
X_CFLAGS=''
X_LIBS=''
ZLIB_CFLAGS=''
ZLIB_LIBS=''
ac_ct_AR=''
ac_ct_CC=''
ac_ct_CXX=''
ac_ct_DUMPBIN=''
am__EXEEXT_FALSE=''
am__EXEEXT_TRUE=''
am__fastdepCC_FALSE=''
am__fastdepCC_TRUE=''
am__fastdepCXX_FALSE=''
am__fastdepCXX_TRUE=''
am__include=''
am__isrc=' -I$(srcdir)'
am__leading_dot='.'
am__nodep=''
am__quote=''
am__tar=''
am__untar=''
ax_pthread_config=''
bindir='${exec_prefix}/bin'
build='x86_64-pc-linux-gnu'
build_alias=''
build_cpu='x86_64'
build_os='linux-gnu'
build_vendor='pc'
datadir='${datarootdir}'
datarootdir='${prefix}/share'
docdir='${datarootdir}/doc/${PACKAGE_TARNAME}'
dvidir='${docdir}'
exec_prefix='NONE'
host='x86_64-pc-linux-gnu'
host_alias=''
host_cpu='x86_64'
host_os='linux-gnu'
host_vendor='pc'
htmldir='${docdir}'
includedir='${prefix}/include'
infodir='${datarootdir}/info'
install_sh='${SHELL} /home/goeful/tool/gstreamer/gst-plugins-base-1.10.4/install-sh'
libdir='${exec_prefix}/lib'
libexecdir='${exec_prefix}/libexec'
localedir='${datarootdir}/locale'
localstatedir='${prefix}/var'
mandir='${datarootdir}/man'
mkdir_p=''
oldincludedir='/usr/include'
pdfdir='${docdir}'
pkgpyexecdir=''
pkgpythondir=''
plugindir=''
prefix='NONE'
program_transform_name='s,x,x,'
psdir='${docdir}'
pyexecdir=''
pythondir=''
runstatedir='${localstatedir}/run'
sbindir='${exec_prefix}/sbin'
sharedstatedir='${prefix}/com'
sysconfdir='${prefix}/etc'
target='x86_64-pc-linux-gnu'
target_alias=''
target_cpu='x86_64'
target_os='linux-gnu'
target_vendor='pc'

## ----------- ##
## confdefs.h. ##
## ----------- ##

/* confdefs.h */
#define PACKAGE_NAME "GStreamer Base Plug-ins"
#define PACKAGE_TARNAME "gst-plugins-base"
#define PACKAGE_VERSION "1.10.4"
#define PACKAGE_STRING "GStreamer Base Plug-ins 1.10.4"
#define PACKAGE_BUGREPORT "http://bugzilla.gnome.org/enter_bug.cgi?product=GStreamer"
#define PACKAGE_URL ""

configure: exit 1
