============================================================
Time  2017/03/18 14:45:30 352 
============================================================
[2017/03/18 14:45:30 357] isr_1conn  2212 SYS_MSG_LOAD_CLOUD  
[2017/03/18 14:45:30 357] isr_1conn  2233 SYS_MSG_REGCB_CLOUD param0 =   msp_status_cb  param1 =  func(b5812f98) 
[2017/03/18 14:45:30 357] isr_1conn  2233 SYS_MSG_REGCB_CLOUD param0 =   cloud_rslt_cb  param1 =  func(b5813d28) 
[2017/03/18 14:45:30 357] isr_1conn  2233 SYS_MSG_REGCB_CLOUD param0 =   cloud_err_cb  param1 =  func(b5813e30) 
[2017/03/18 14:45:30 357] isr_1conn  2233 SYS_MSG_REGCB_CLOUD param0 =   cloud_status_cb  param1 =  func(b5813ed8) 
[2017/03/18 14:45:30 357] isr_1conn  1415 onesoc  
[2017/03/18 14:45:30 357] isr_1conn  1416 ASR_CLOUD_MSG_SSB  
[2017/03/18 14:45:30 358] isr_1conn  1431 isr_1conn  cloud_cisr1P1HHBHNfuxW5TvyEaadvLwtO1wuH5v  268436457  1488112098  
[2017/03/18 14:45:30 358] isr_1conn  1501 req_lgi_id =  d6106586316@57ac11ac  
[2017/03/18 14:45:30 358] isr_1conn  1635 nil  
[2017/03/18 14:45:30 358] isr_1conn  1693 speex-wb  
[2017/03/18 14:45:30 358] isr_1conn  1771 net_once_bytes  nil  
[2017/03/18 14:45:30 358] isr_1conn  1776 need_encode  true  
[2017/03/18 14:45:30 358] isr_1conn  1778 once bytes  122  
[2017/03/18 14:45:30 402] isr_1conn  1802 User set url is   nil  
[2017/03/18 14:45:30 402] transport  627  paramkvsport is   nil  
[2017/03/18 14:45:30 402] transport  635  ns_enable=  1  
[2017/03/18 14:45:30 402] transport  679  url.full=  nil  
[2017/03/18 14:45:30 402] transport  867  net type:  standard  
[2017/03/18 14:45:30 402] transport  868  net operator:  def  
[2017/03/18 14:45:30 402] transport  869  use proxy:  false  
[2017/03/18 14:45:30 403] transport  992  session.domain=  open.xf-yun.com  
[2017/03/18 14:45:30 403] transport  993  url.host=  open.xf-yun.com  
[2017/03/18 14:45:30 406] network    88   ipfromenv ,  ipcache  open.xf-yun.com  def  59.107.24.5  
[2017/03/18 14:45:30 406] transport  1089 using cached ip:  59.107.24.5  
[2017/03/18 14:45:30 406] transport  1027 NAMESERVER START  
[2017/03/18 14:45:30 406] transport  1030 name =   iat  
[2017/03/18 14:45:30 407] ns         626  ntt=  standard  
[2017/03/18 14:45:30 407] transport  1033 trans,ns_inprog =  0  
[2017/03/18 14:45:30 407] ns         582  name server start  
[2017/03/18 14:45:30 407] ns         583  ns_sub =   iat  
[2017/03/18 14:45:30 407] ns         585  ns_host=  open.xf-yun.com  
[2017/03/18 14:45:30 407] ns         476  ns_host=  open.xf-yun.com  
[2017/03/18 14:45:30 407] ns         555  GET /sip/resolver?srand=0318144511.32 HTTP/1.1
Host: hdns.openspeech.cn
Connection: Keep-Alive
X-Par: ver=1.3&appid=57ac11ac&operator=UNKNOW&nettype=STANDARD&cver=5.0.29.1151&svc=iat&host=open.xf-yun.com&sign=156534010bb2e6da569058b72eeaf6aa
User-Agent: iFLYCloud

  
[2017/03/18 14:45:30 407] ns         556  net_type =  standard  
[2017/03/18 14:45:30 407] ns         557  cmwapascmnet =  
[2017/03/18 14:45:30 407] ns         558  uniwapasuninet =  
[2017/03/18 14:45:30 407] ns         559  ctwapasctnet =  
[2017/03/18 14:45:30 407] ns         576  host=  hdns.openspeech.cn  
[2017/03/18 14:45:30 407] network    238  gethostbyname  hdns.openspeech.cn  ns_nw2  
[2017/03/18 14:45:30 409] transport  1210 [soc] connect   59.107.24.5  80  
[2017/03/18 14:45:30 410] transport  1227 mspsoc.open,prot_type=  tcp  
[2017/03/18 14:45:30 410] isr_1conn  2038 ASR_CLOUD_MSG_SSE  
[2017/03/18 14:45:30 412] isr_1conn  1281 isr_1conn session info  
[2017/03/18 14:45:30 437] isr_1conn  2181 session finished! ret =   10131  
