============================================================
Time  2017/05/29 18:23:17 060 
============================================================
[2017/05/29 18:23:17 061] isr_1conn  2212 SYS_MSG_LOAD_CLOUD  
[2017/05/29 18:23:17 061] isr_1conn  2233 SYS_MSG_REGCB_CLOUD param0 =   msp_status_cb  param1 =  func(8f267b8) 
[2017/05/29 18:23:17 065] isr_1conn  2233 SYS_MSG_REGCB_CLOUD param0 =   cloud_rslt_cb  param1 =  func(8ece458) 
[2017/05/29 18:23:17 065] isr_1conn  2233 SYS_MSG_REGCB_CLOUD param0 =   cloud_err_cb  param1 =  func(8f09da8) 
[2017/05/29 18:23:17 065] isr_1conn  2233 SYS_MSG_REGCB_CLOUD param0 =   cloud_status_cb  param1 =  func(8f284d0) 
[2017/05/29 18:23:17 065] isr_1conn  1415 onesoc  
[2017/05/29 18:23:17 065] isr_1conn  1416 ASR_CLOUD_MSG_SSB  
[2017/05/29 18:23:17 065] isr_1conn  1431 isr_1conn  cloud_cisr1PdHHBHe06X-ub2Yaw1SFaTQHgLC87  268436457  1488112098  
[2017/05/29 18:23:17 065] isr_1conn  1501 req_lgi_id =  nil  
[2017/05/29 18:23:17 065] isr_1conn  1502 not login!  
[2017/05/29 18:23:17 078] isr_1conn  1635 nil  
[2017/05/29 18:23:17 078] isr_1conn  1693 speex-wb  
[2017/05/29 18:23:17 078] isr_1conn  1771 net_once_bytes  nil  
[2017/05/29 18:23:17 078] isr_1conn  1776 need_encode  true  
[2017/05/29 18:23:17 078] isr_1conn  1778 once bytes  122  
[2017/05/29 18:23:17 078] isr_1conn  1802 User set url is   nil  
[2017/05/29 18:23:17 078] transport  627  paramkvsport is   nil  
[2017/05/29 18:23:17 078] transport  635  ns_enable=  1  
[2017/05/29 18:23:17 078] transport  679  url.full=  nil  
[2017/05/29 18:23:17 078] transport  867  net type:  standard  
[2017/05/29 18:23:17 078] transport  868  net operator:  def  
[2017/05/29 18:23:17 078] transport  869  use proxy:  false  
[2017/05/29 18:23:17 078] transport  992  session.domain=  open.xf-yun.com  
[2017/05/29 18:23:17 078] transport  993  url.host=  open.xf-yun.com  
[2017/05/29 18:23:17 079] network    88   ipfromenv ,  ipcache  open.xf-yun.com  def  59.107.24.5  
[2017/05/29 18:23:17 079] transport  1089 using cached ip:  59.107.24.5  
[2017/05/29 18:23:17 079] transport  1027 NAMESERVER START  
[2017/05/29 18:23:17 079] transport  1030 name =   iat  
[2017/05/29 18:23:17 079] ns         626  ntt=  standard  
[2017/05/29 18:23:17 079] transport  1033 trans,ns_inprog =  0  
[2017/05/29 18:23:17 079] ns         582  name server start  
[2017/05/29 18:23:17 079] ns         583  ns_sub =   iat  
[2017/05/29 18:23:17 079] ns         585  ns_host=  open.xf-yun.com  
[2017/05/29 18:23:17 079] ns         476  ns_host=  open.xf-yun.com  
[2017/05/29 18:23:17 079] ns         555  GET /sip/resolver?srand=0529182311.32 HTTP/1.1
Host: hdns.openspeech.cn
Connection: Keep-Alive
X-Par: ver=1.3&appid=592ae01b&operator=UNKNOW&nettype=STANDARD&cver=5.0.29.1151&svc=iat&host=open.xf-yun.com&sign=5bf02db5103fa1c41d6c78567e1b1ebc
User-Agent: iFLYCloud

  
[2017/05/29 18:23:17 079] ns         556  net_type =  standard  
[2017/05/29 18:23:17 079] ns         557  cmwapascmnet =  
[2017/05/29 18:23:17 079] ns         558  uniwapasuninet =  
[2017/05/29 18:23:17 079] ns         559  ctwapasctnet =  
[2017/05/29 18:23:17 079] ns         576  host=  hdns.openspeech.cn  
[2017/05/29 18:23:17 079] network    238  gethostbyname  hdns.openspeech.cn  ns_nw2  
[2017/05/29 18:23:17 080] transport  1210 [soc] connect   59.107.24.5  80  
[2017/05/29 18:23:17 080] transport  1227 mspsoc.open,prot_type=  tcp  
[2017/05/29 18:23:17 087] network    220  dns resp  0  ns_nw2  
[2017/05/29 18:23:17 087] ns         425  ns dns ok  117.121.56.5  
[2017/05/29 18:23:17 087] ns         212  ip front is  117.121.56  
[2017/05/29 18:23:17 087] ns         217  warning: ip not found in ip_list  
[2017/05/29 18:23:17 087] ns         432  is_voicecloud_ip=  1  
[2017/05/29 18:23:17 087] ns         439  ip_is_expected=  true  
[2017/05/29 18:23:17 087] ns         447  ip_is_expected=  true  
[2017/05/29 18:23:17 087] network    417  gethttpresp2  117.121.56.5  80  _nw3  
[2017/05/29 18:23:17 101] transport  476  [soc] [1] connected  
[2017/05/29 18:23:17 101] isr_1conn  367  transport connect ok  
[2017/05/29 18:23:17 102] isr_1conn  1123 send ssb request  
[2017/05/29 18:23:17 102] isr_1conn  838  lver:  nil  
[2017/05/29 18:23:17 102] isr_1conn  843  cfg_ver:  nil  
[2017/05/29 18:23:17 102] isr_1conn  864  send_lgi_auth_id =  nil  
[2017/05/29 18:23:17 103] transport  1264 build http request.  
[2017/05/29 18:23:17 103] transport  1364 POST /msp.do HTTP/1.1
Host: open.xf-yun.com
Content-Type: multipart/mixed;boundary=--
Content-Length: 508
User-Agent: iFLYCloud
Cache-Control: no-cache
Accept: */*

----
CL:183
CT:text/plain

ver=MSSP+0%2E9&sub=iat&cmd=ssb&ssm=1&auf=audio%2FL16%3Brate%3D16000&cver=5%2E0%2E29%2E1151&net%5Ftype=standard&csid=cisr1PdHHBHe06X%2Dub2Yaw1SFaTQHgLC87&key=0c4G4KJ85svIylYfsnzveb9w==
----
CL:56
CT:text/appinfo
CE:gzip,encrypt/0.2

∫˚Œ¨eSòòÅ  
[2017/05/29 18:23:17 104] transport  1684 msg:release()  
[2017/05/29 18:23:17 105] transport  506  [soc] [1] send ok  681  
[2017/05/29 18:23:17 122] transport  518  [soc] [1] readable  
[2017/05/29 18:23:17 123] transport  1637 HTTP/1.1 200 OK
Content-Type: text/plain
Content-Length: 118
X-Req-Date: 2017/05/29 18:23:17 88
Cache-Control: no-cache
CL: 118
X-Res-Date: 2017/05/29 18:23:17 92

ver=MSSP+0%2E9&ret=10407&cver=5%2E0%2E29%2E1151&key=0dI3SYhv^ZjlzQziwxXkYCr0YiaMYgi^JNinwsnWK1xUycacJAk0EnHQbCHEdgYvdJ  
[2017/05/29 18:23:17 123] transport  1383 a_complete_httpmessage  200  
[2017/05/29 18:23:17 123] transport  1493 is_update  true  
[2017/05/29 18:23:17 123] isr_1conn  399  [trans] [isr_1conncisr1PdHHBHe06X-ub2Yaw1SFaTQHgLC87] readable  
[2017/05/29 18:23:17 123] isr_1conn  438  MSS:bad response:10407  
[2017/05/29 18:23:17 123] isr_1conn  441  bad sid =   iat1h1YGU2I@gzuslW0c874295462f0e  
[2017/05/29 18:23:17 144] network    323  connected  _nw3  
[2017/05/29 18:23:17 144] network    326  send ok  271  _nw3  
[2017/05/29 18:23:17 208] network    335  readable  _nw3  
[2017/05/29 18:23:17 208] ns         256  name server http resp  table(8ee9b40) 0  udata(8f0facc) 
[2017/05/29 18:23:17 208] ns         269  ns response OK for this time!  
[2017/05/29 18:23:17 208] ns         280  from_server=  iflytek/hdns  
[2017/05/29 18:23:17 209] ns         363  compel :  0  
[2017/05/29 18:23:17 209] ns         374  tick()=  3500869  
[2017/05/29 18:23:17 209] ns         378  tick()mod=  3500869  
[2017/05/29 18:23:17 209] ns         379  ns_host=  open.xf-yun.com  
[2017/05/29 18:23:17 209] ns         392  ns_host=  open.xf-yun.com  
[2017/05/29 18:23:17 209] transport  1007 ns_ip =   59.107.24.5  
[2017/05/29 18:23:17 209] transport  1008 ip_type =  assigned_iatopen.xf-yun.com_host  
[2017/05/29 18:23:17 209] ns         655  no data in ns_q  
[2017/05/29 18:23:17 209] ns         656  conti_ns,ns_inprog =   1  
[2017/05/29 18:23:17 230] isr_1conn  2038 ASR_CLOUD_MSG_SSE  
[2017/05/29 18:23:17 231] isr_1conn  1281 isr_1conn session info  
[2017/05/29 18:23:17 233] isr_1conn  2181 session finished! ret =   10407  
