============================================================
Time  2017/05/29 19:15:36 020 
============================================================
[2017/05/29 19:15:36 020] isr_1conn  2212 SYS_MSG_LOAD_CLOUD  
[2017/05/29 19:15:36 020] isr_1conn  2233 SYS_MSG_REGCB_CLOUD param0 =   msp_status_cb  param1 =  func(9adcbc8) 
[2017/05/29 19:15:36 021] isr_1conn  2233 SYS_MSG_REGCB_CLOUD param0 =   cloud_rslt_cb  param1 =  func(9ade8e0) 
[2017/05/29 19:15:36 021] isr_1conn  2233 SYS_MSG_REGCB_CLOUD param0 =   cloud_err_cb  param1 =  func(9ade9e8) 
[2017/05/29 19:15:36 021] isr_1conn  2233 SYS_MSG_REGCB_CLOUD param0 =   cloud_status_cb  param1 =  func(9adea88) 
[2017/05/29 19:15:36 021] isr_1conn  1415 onesoc  
[2017/05/29 19:15:36 021] isr_1conn  1416 ASR_CLOUD_MSG_SSB  
[2017/05/29 19:15:36 021] isr_1conn  1431 isr_1conn  cloud_cisr1PdHHBHeCmCNe-m3aadg-aN5m9W1G-  268436457  1488112098  
[2017/05/29 19:15:36 021] isr_1conn  1501 req_lgi_id =  nil  
[2017/05/29 19:15:36 021] isr_1conn  1502 not login!  
[2017/05/29 19:15:36 035] isr_1conn  1635 nil  
[2017/05/29 19:15:36 035] isr_1conn  1693 speex-wb  
[2017/05/29 19:15:36 035] isr_1conn  1771 net_once_bytes  nil  
[2017/05/29 19:15:36 035] isr_1conn  1776 need_encode  true  
[2017/05/29 19:15:36 035] isr_1conn  1778 once bytes  122  
[2017/05/29 19:15:36 035] isr_1conn  1802 User set url is   nil  
[2017/05/29 19:15:36 036] transport  627  paramkvsport is   nil  
[2017/05/29 19:15:36 036] transport  635  ns_enable=  1  
[2017/05/29 19:15:36 036] transport  679  url.full=  nil  
[2017/05/29 19:15:36 036] transport  867  net type:  standard  
[2017/05/29 19:15:36 036] transport  868  net operator:  def  
[2017/05/29 19:15:36 036] transport  869  use proxy:  false  
[2017/05/29 19:15:36 036] transport  992  session.domain=  open.xf-yun.com  
[2017/05/29 19:15:36 036] transport  993  url.host=  open.xf-yun.com  
[2017/05/29 19:15:36 036] network    88   ipfromenv ,  ipcache  open.xf-yun.com  def  nil  
[2017/05/29 19:15:36 036] transport  1027 NAMESERVER START  
[2017/05/29 19:15:36 036] transport  1030 name =   iat  
[2017/05/29 19:15:36 036] ns         626  ntt=  standard  
[2017/05/29 19:15:36 036] transport  1033 trans,ns_inprog =  0  
[2017/05/29 19:15:36 036] ns         582  name server start  
[2017/05/29 19:15:36 036] ns         583  ns_sub =   iat  
[2017/05/29 19:15:36 036] ns         585  ns_host=  open.xf-yun.com  
[2017/05/29 19:15:36 036] ns         476  ns_host=  open.xf-yun.com  
[2017/05/29 19:15:36 037] ns         555  GET /sip/resolver?srand=0529191511.32 HTTP/1.1
Host: hdns.openspeech.cn
Connection: Keep-Alive
X-Par: ver=1.3&appid=592ae01b&operator=UNKNOW&nettype=STANDARD&cver=5.0.29.1151&svc=iat&host=open.xf-yun.com&sign=8b30c6fd6c52a2ea8c44cd6da73ac8bf
User-Agent: iFLYCloud

  
[2017/05/29 19:15:36 037] ns         556  net_type =  standard  
[2017/05/29 19:15:36 037] ns         557  cmwapascmnet =  
[2017/05/29 19:15:36 037] ns         558  uniwapasuninet =  
[2017/05/29 19:15:36 037] ns         559  ctwapasctnet =  
[2017/05/29 19:15:36 037] ns         576  host=  hdns.openspeech.cn  
[2017/05/29 19:15:36 037] network    238  gethostbyname  hdns.openspeech.cn  ns_nw2  
[2017/05/29 19:15:36 059] network    220  dns resp  0  ns_nw2  
[2017/05/29 19:15:36 059] ns         425  ns dns ok  117.121.56.5  
[2017/05/29 19:15:36 059] ns         205  iplist not avail  
[2017/05/29 19:15:36 060] ns         432  is_voicecloud_ip=  0  
[2017/05/29 19:15:36 060] ns         439  ip_is_expected=  true  
[2017/05/29 19:15:36 060] ns         447  ip_is_expected=  true  
[2017/05/29 19:15:36 060] network    417  gethttpresp2  117.121.56.5  80  _nw3  
[2017/05/29 19:15:36 079] transport  142  [dns] [1] response 59.107.24.11  
[2017/05/29 19:15:36 079] transport  152  59  107  24  11  
[2017/05/29 19:15:36 079] transport  203  ipv =  v4  
[2017/05/29 19:15:36 080] transport  207  dns ip is v4  
[2017/05/29 19:15:36 080] transport  181  iplist not avail  
[2017/05/29 19:15:36 080] transport  247  no iplist now  
[2017/05/29 19:15:36 080] network    93   iptoenv ,  ipcache  open.xf-yun.com  def  59.107.24.11  
[2017/05/29 19:15:36 080] transport  291  dns cb start conn  
[2017/05/29 19:15:36 080] transport  1210 [soc] connect   59.107.24.11  80  
[2017/05/29 19:15:36 080] transport  1227 mspsoc.open,prot_type=  tcp  
[2017/05/29 19:15:36 178] network    323  connected  _nw3  
[2017/05/29 19:15:36 178] transport  476  [soc] [1] connected  
[2017/05/29 19:15:36 178] isr_1conn  367  transport connect ok  
[2017/05/29 19:15:36 179] isr_1conn  1123 send ssb request  
[2017/05/29 19:15:36 179] isr_1conn  838  lver:  nil  
[2017/05/29 19:15:36 179] isr_1conn  843  cfg_ver:  nil  
[2017/05/29 19:15:36 179] isr_1conn  864  send_lgi_auth_id =  nil  
[2017/05/29 19:15:36 179] transport  1264 build http request.  
[2017/05/29 19:15:36 179] transport  1364 POST /msp.do HTTP/1.1
Host: open.xf-yun.com
Content-Type: multipart/mixed;boundary=--
Content-Length: 512
User-Agent: iFLYCloud
Cache-Control: no-cache
Accept: */*

----
CL:187
CT:text/plain

ver=MSSP+0%2E9&sub=iat&cmd=ssb&ssm=1&auf=audio%2FL16%3Brate%3D16000&cver=5%2E0%2E29%2E1151&net%5Ftype=standard&csid=cisr1PdHHBHeCmCNe%2Dm3aadg%2DaN5m9W1G%2D&key=0c4G4KJ85svIylYfsnzveb9w==
----
CL:56
CT:text/appinfo
CE:gzip,encrypt/0.2

∫˚Œ¨eSòòÅ  
[2017/05/29 19:15:36 180] transport  1684 msg:release()  
[2017/05/29 19:15:36 180] network    326  send ok  271  _nw3  
[2017/05/29 19:15:36 180] transport  506  [soc] [1] send ok  685  
[2017/05/29 19:15:36 244] transport  518  [soc] [1] readable  
[2017/05/29 19:15:36 244] transport  1637 HTTP/1.1 200 OK
Content-Type: text/plain
Content-Length: 118
X-Req-Date: 2017/05/29 19:15:36 131
Cache-Control: no-cache
CL: 118
X-Res-Date: 2017/05/29 19:15:36 136

ver=MSSP+0%2E9&ret=10407&cver=5%2E0%2E29%2E1151&key=0dwrDHLBtnn182jM/c4LSYrq4cWbOaw7BeXqhcBjQOAjGcacJAk0EnHQbCHEdgYvdJ  
[2017/05/29 19:15:36 244] transport  1383 a_complete_httpmessage  200  
[2017/05/29 19:15:36 244] transport  1493 is_update  true  
[2017/05/29 19:15:36 244] transport  1497 port updated  80  
[2017/05/29 19:15:36 244] transport  1499 switch  80  
[2017/05/29 19:15:36 244] isr_1conn  399  [trans] [isr_1conncisr1PdHHBHeCmCNe-m3aadg-aN5m9W1G-] readable  
[2017/05/29 19:15:36 244] isr_1conn  438  MSS:bad response:10407  
[2017/05/29 19:15:36 244] isr_1conn  441  bad sid =   iat1VDhw20T@gzAFiy0c874ed8462f0e  
[2017/05/29 19:15:36 263] isr_1conn  2038 ASR_CLOUD_MSG_SSE  
[2017/05/29 19:15:36 263] isr_1conn  1281 isr_1conn session info  
[2017/05/29 19:15:36 268] isr_1conn  2181 session finished! ret =   10407  
