============================================================
Time  2017/05/29 18:29:06 251 
============================================================
[2017/05/29 18:29:06 252] isr_1conn  2212 SYS_MSG_LOAD_CLOUD  
[2017/05/29 18:29:06 252] isr_1conn  2233 SYS_MSG_REGCB_CLOUD param0 =   msp_status_cb  param1 =  func(b5735f10) 
[2017/05/29 18:29:06 252] isr_1conn  2233 SYS_MSG_REGCB_CLOUD param0 =   cloud_rslt_cb  param1 =  func(b5737c28) 
[2017/05/29 18:29:06 253] isr_1conn  2233 SYS_MSG_REGCB_CLOUD param0 =   cloud_err_cb  param1 =  func(b5737d30) 
[2017/05/29 18:29:06 253] isr_1conn  2233 SYS_MSG_REGCB_CLOUD param0 =   cloud_status_cb  param1 =  func(b5737dd0) 
[2017/05/29 18:29:06 253] isr_1conn  1415 onesoc  
[2017/05/29 18:29:06 253] isr_1conn  1416 ASR_CLOUD_MSG_SSB  
[2017/05/29 18:29:06 253] isr_1conn  1431 isr_1conn  cloud_cisr1PdHHBHe06ZqkFzVaw0WS0EMPKZd8N  268436457  1488112098  
[2017/05/29 18:29:06 253] isr_1conn  1501 req_lgi_id =  nil  
[2017/05/29 18:29:06 253] isr_1conn  1502 not login!  
[2017/05/29 18:29:06 312] isr_1conn  1635 nil  
[2017/05/29 18:29:06 312] isr_1conn  1693 speex-wb  
[2017/05/29 18:29:06 312] isr_1conn  1771 net_once_bytes  nil  
[2017/05/29 18:29:06 312] isr_1conn  1776 need_encode  true  
[2017/05/29 18:29:06 312] isr_1conn  1778 once bytes  122  
[2017/05/29 18:29:06 312] isr_1conn  1802 User set url is   nil  
[2017/05/29 18:29:06 313] transport  627  paramkvsport is   nil  
[2017/05/29 18:29:06 313] transport  635  ns_enable=  1  
[2017/05/29 18:29:06 313] transport  679  url.full=  nil  
[2017/05/29 18:29:06 313] transport  867  net type:  standard  
[2017/05/29 18:29:06 313] transport  868  net operator:  def  
[2017/05/29 18:29:06 313] transport  869  use proxy:  false  
[2017/05/29 18:29:06 313] transport  992  session.domain=  open.xf-yun.com  
[2017/05/29 18:29:06 313] transport  993  url.host=  open.xf-yun.com  
[2017/05/29 18:29:06 313] transport  1078 using nameserver ip:  59.107.24.11  
[2017/05/29 18:29:06 313] transport  1210 [soc] connect   59.107.24.11  80  
[2017/05/29 18:29:06 313] transport  1227 mspsoc.open,prot_type=  tcp  
[2017/05/29 18:29:06 444] transport  476  [soc] [1] connected  
[2017/05/29 18:29:06 444] isr_1conn  367  transport connect ok  
[2017/05/29 18:29:06 444] isr_1conn  1123 send ssb request  
[2017/05/29 18:29:06 444] isr_1conn  838  lver:  nil  
[2017/05/29 18:29:06 444] isr_1conn  843  cfg_ver:  nil  
[2017/05/29 18:29:06 444] isr_1conn  864  send_lgi_auth_id =  nil  
[2017/05/29 18:29:06 445] transport  1264 build http request.  
[2017/05/29 18:29:06 445] transport  1364 POST /msp.do HTTP/1.1
Host: open.xf-yun.com
Content-Type: multipart/mixed;boundary=--
Content-Length: 506
User-Agent: iFLYCloud
Cache-Control: no-cache
Accept: */*

----
CL:181
CT:text/plain

ver=MSSP+0%2E9&sub=iat&cmd=ssb&ssm=1&auf=audio%2FL16%3Brate%3D16000&cver=5%2E0%2E29%2E1151&net%5Ftype=standard&csid=cisr1PdHHBHe06ZqkFzVaw0WS0EMPKZd8N&key=0c4G4KJ85svIylYfsnzveb9w==
----
CL:56
CT:text/appinfo
CE:gzip,encrypt/0.2

∫˚Œ¨eSòòÅ  
[2017/05/29 18:29:06 446] transport  1684 msg:release()  
[2017/05/29 18:29:06 446] transport  506  [soc] [1] send ok  679  
[2017/05/29 18:29:06 466] transport  518  [soc] [1] readable  
[2017/05/29 18:29:06 466] transport  1637 HTTP/1.1 200 OK
Content-Type: text/plain
Content-Length: 118
X-Req-Date: 2017/05/29 18:29:06 426
Cache-Control: no-cache
CL: 118
X-Res-Date: 2017/05/29 18:29:06 430

ver=MSSP+0%2E9&ret=10407&cver=5%2E0%2E29%2E1151&key=0dojTNXA9dt1RoCahxy4kT8dKFBxJoJ^yexDLKOHXQ^NGcacJAk0EnHQbCHEdgYvdJ  
[2017/05/29 18:29:06 466] transport  1383 a_complete_httpmessage  200  
[2017/05/29 18:29:06 466] transport  1493 is_update  true  
[2017/05/29 18:29:06 466] isr_1conn  399  [trans] [isr_1conncisr1PdHHBHe06ZqkFzVaw0WS0EMPKZd8N] readable  
[2017/05/29 18:29:06 466] isr_1conn  438  MSS:bad response:10407  
[2017/05/29 18:29:06 466] isr_1conn  441  bad sid =   iat1oRhis05@gzR25k0c8743f2462f0e  
[2017/05/29 18:29:06 506] isr_1conn  2038 ASR_CLOUD_MSG_SSE  
[2017/05/29 18:29:06 507] isr_1conn  1281 isr_1conn session info  
[2017/05/29 18:29:06 512] isr_1conn  2181 session finished! ret =   10407  
