============================================================
Time  2017/03/20 14:14:47 393 
============================================================
[2017/03/20 14:14:47 394] tts        555  SYS_MSG_REGCB param0 =  msp_status_cb  param1 =  func(b575d6f8) 
[2017/03/20 14:14:47 396] config     42   use general cloud  
[2017/03/20 14:14:47 411] tts_cloud  1420 SYS_MSG_REGCB_CLOUD param0 =   msp_status_cb  param1 =  func(b575d6f8) 
[2017/03/20 14:14:47 411] tts        527  TTS_MSG_SSB  
[2017/03/20 14:14:47 411] tts        338  params =  voice_name = xiaoyan, text_encoding = utf8, sample_rate = 16000, speed = 50, volume = 50, pitch = 50, rdn = 2  
[2017/03/20 14:14:47 411] tts        373  ssb|use cloud  
[2017/03/20 14:14:47 411] tts_cloud  1391 SYS_MSG_LOAD_CLOUD  
[2017/03/20 14:14:47 412] tts_cloud  954  TTS_MSG_SSB_CLOUD  
[2017/03/20 14:14:47 412] tts_cloud  977  tts  ctts1PdHHBHNf8uy6m1batmXkkp4aiGWh7c  268436457  1488112124  
[2017/03/20 14:14:47 412] tts_cloud  1146 need_decode  true  
[2017/03/20 14:14:47 412] tts_cloud  1147 aue=  speex-wb;7   auf=  audio/L16;rate=16000  
[2017/03/20 14:14:47 412] tts_cloud  1169 User set url is   nil  
[2017/03/20 14:14:47 412] transport  627  paramkvsport is   nil  
[2017/03/20 14:14:47 412] transport  635  ns_enable=  1  
[2017/03/20 14:14:47 412] transport  679  url.full=  nil  
[2017/03/20 14:14:47 412] transport  867  net type:  standard  
[2017/03/20 14:14:47 412] transport  868  net operator:  def  
[2017/03/20 14:14:47 412] transport  869  use proxy:  false  
[2017/03/20 14:14:47 412] transport  992  session.domain=  open.xf-yun.com  
[2017/03/20 14:14:47 413] transport  993  url.host=  open.xf-yun.com  
[2017/03/20 14:14:47 413] transport  1078 using nameserver ip:  59.107.24.11  
[2017/03/20 14:14:47 413] transport  1210 [soc] connect   59.107.24.11  80  
[2017/03/20 14:14:47 413] transport  1227 mspsoc.open,prot_type=  tcp  
[2017/03/20 14:14:47 413] tts        533  TTS_MSG_SYN  0  
[2017/03/20 14:14:47 413] tts        413  synth|use cloud  
[2017/03/20 14:14:47 413] tts_cloud  1189 TTS_MSG_SYN_CLOUD  
[2017/03/20 14:14:47 413] tts_cloud  1200 remote_connected =  false  
[2017/03/20 14:14:47 414] tts        536  TTS_MSG_GETAUDIO  0  
[2017/03/20 14:14:47 414] tts        474  get audio|use cloud  
[2017/03/20 14:14:47 414] tts_cloud  1284 TTS_MSG_GETAUDIO_CLOUD | synth_status  1  
[2017/03/20 14:14:47 564] tts        536  TTS_MSG_GETAUDIO  0  
[2017/03/20 14:14:47 564] tts        474  get audio|use cloud  
[2017/03/20 14:14:47 564] tts_cloud  1284 TTS_MSG_GETAUDIO_CLOUD | synth_status  1  
[2017/03/20 14:14:47 715] tts        536  TTS_MSG_GETAUDIO  0  
[2017/03/20 14:14:47 715] tts        474  get audio|use cloud  
[2017/03/20 14:14:47 715] tts_cloud  1284 TTS_MSG_GETAUDIO_CLOUD | synth_status  1  
[2017/03/20 14:14:47 867] tts        536  TTS_MSG_GETAUDIO  0  
[2017/03/20 14:14:47 867] tts        474  get audio|use cloud  
[2017/03/20 14:14:47 867] tts_cloud  1284 TTS_MSG_GETAUDIO_CLOUD | synth_status  1  
[2017/03/20 14:14:48 018] tts        536  TTS_MSG_GETAUDIO  0  
[2017/03/20 14:14:48 018] tts        474  get audio|use cloud  
[2017/03/20 14:14:48 018] tts_cloud  1284 TTS_MSG_GETAUDIO_CLOUD | synth_status  1  
[2017/03/20 14:14:48 169] tts        536  TTS_MSG_GETAUDIO  0  
[2017/03/20 14:14:48 169] tts        474  get audio|use cloud  
[2017/03/20 14:14:48 169] tts_cloud  1284 TTS_MSG_GETAUDIO_CLOUD | synth_status  1  
[2017/03/20 14:14:48 320] tts        536  TTS_MSG_GETAUDIO  0  
[2017/03/20 14:14:48 320] tts        474  get audio|use cloud  
[2017/03/20 14:14:48 320] tts_cloud  1284 TTS_MSG_GETAUDIO_CLOUD | synth_status  1  
[2017/03/20 14:14:48 416] transport  476  [soc] [1] connected  
[2017/03/20 14:14:48 417] tts_cloud  296  text =  udata(b57327a4) 
[2017/03/20 14:14:48 417] tts_cloud  717  send ssb request  
[2017/03/20 14:14:48 417] tts_cloud  543  using loginid  
[2017/03/20 14:14:48 417] tts_cloud  584  lver:  nil  
[2017/03/20 14:14:48 417] tts_cloud  589  cfg_ver:  nil  
[2017/03/20 14:14:48 417] transport  1264 build http request.  
[2017/03/20 14:14:48 417] transport  1364 POST /msp.do HTTP/1.1
Host: open.xf-yun.com
Content-Type: multipart/mixed;boundary=--
Content-Length: 533
User-Agent: iFLYCloud
Cache-Control: no-cache
Accept: */*

----
CL:235
CT:text/plain

ver=MSSP+0%2E9&sub=tts&cmd=ssb&aue=speex%2Dwb%3B7&auf=audio%2FL16%3Brate%3D16000&cver=5%2E0%2E29%2E1151&net%5Ftype=standard&csid=ctts1PdHHBHNf8uy6m1batmXkkp4aiGWh7c&key=0ekT/KgQg8uem^6XRVEjZcpnXOkyvEf/bnjKwGIWQMRqxzTMirmS8ZG4ysBiFkDEas
----
CL:24
CT:binary/synth+text
CE:gzip,encrypt/0.2

ÉãŒNΩG≈ï‹≈mdjgÜ  
[2017/03/20 14:14:48 418] transport  1684 msg:release()  
[2017/03/20 14:14:48 418] transport  506  [soc] [1] send ok  706  
[2017/03/20 14:14:48 471] tts        536  TTS_MSG_GETAUDIO  0  
[2017/03/20 14:14:48 471] tts        474  get audio|use cloud  
[2017/03/20 14:14:48 471] tts_cloud  1284 TTS_MSG_GETAUDIO_CLOUD | synth_status  1  
[2017/03/20 14:14:48 514] transport  518  [soc] [1] readable  
[2017/03/20 14:14:48 514] transport  1637 HTTP/1.1 200 OK
Content-Type: multipart/mixed;boundary=--
Content-Length: 1064
X-Req-Date: 2017/03/20 14:14:48 341
Cache-Control: no-cache
CL: 1064
X-Res-Date: 2017/03/20 14:14:48 432

----
Content-Length:186

ver=MSSP+0%2E9&ret=0&cver=5%2E0%2E29%2E1151&uid=d6106586316&ced=6&ofg=2&key=0fifP02Mo07sLG/Gz9EHAil0vTTr5SgS/a7Fi82wotmHk^HBywnTxKrRdKbraiH^^XWg^teRfX6BnjehTfGazlhxmhs5T9hkCh43oU3xms5Yc=
----
Content-Length:744
Content-Type:binary/audio
Content-Encoding:speex-wb;7,encrypt/0.2

*|v«∆ØÃêúúúúúúú„à@  
[2017/03/20 14:14:48 514] transport  1637 ô˘Í?”øÃ/ód?]`ÓË¯a‡XÄüh˜ñ´HDäÀ# O⁄Ãó¬  
[2017/03/20 14:14:48 514] transport  1383 a_complete_httpmessage  200  
[2017/03/20 14:14:48 514] transport  1493 is_update  true  
[2017/03/20 14:14:48 514] tts_cloud  317  [trans] [tts_cloudctts1PdHHBHNf8uy6m1batmXkkp4aiGWh7c] readable  
[2017/03/20 14:14:48 514] tts_cloud  335  response  
[2017/03/20 14:14:48 514] tts_cloud  392  sid =   tts608e8fa1@gz3c770c2abf58507e00  
[2017/03/20 14:14:48 514] tts_cloud  414  synth_parse_response| ssb time:  97  .  
[2017/03/20 14:14:48 514] tts_cloud  415  text to first audio:  97  .  
[2017/03/20 14:14:48 514] tts_cloud  428  text to last audio:  97  .  
[2017/03/20 14:14:48 514] tts_cloud  429  ssb to sse:  97  .  
[2017/03/20 14:14:48 515] network    88   ipfromenv ,  ipcache  open.xf-yun.com  def  59.107.24.11  
[2017/03/20 14:14:48 515] transport  942  cached ip is confirmed  
[2017/03/20 14:14:48 515] transport  1242 [soc] disconnect   
[2017/03/20 14:14:48 516] tts_cloud  476  theory decode audiolen:  7680  ,ced:  6  ,markinfo:  nil  
[2017/03/20 14:14:48 516] tts_cloud  786  aud_data:len()=  732  
[2017/03/20 14:14:48 521] tts_cloud  689  last audio  
[2017/03/20 14:14:48 521] tts_cloud  696  u_aul =  7680  audiolen =  7680  
[2017/03/20 14:14:48 521] tts_cloud  791  aud_data = nil  
[2017/03/20 14:14:48 622] tts        536  TTS_MSG_GETAUDIO  0  
[2017/03/20 14:14:48 622] tts        474  get audio|use cloud  
[2017/03/20 14:14:48 622] tts_cloud  1224 actual decode audiolen:  7680  ,ced:  6  ,markinfo:  nil  
[2017/03/20 14:14:48 622] tts_cloud  1284 TTS_MSG_GETAUDIO_CLOUD | synth_status  2  
[2017/03/20 14:14:48 623] tts        539  TTS_MSG_SSE  
[2017/03/20 14:14:48 623] tts        512  sse|use cloud  
[2017/03/20 14:14:48 623] tts_cloud  1287 TTS_MSG_SSE_CLOUD  
[2017/03/20 14:14:48 623] tts_cloud  844  tts session info  
[2017/03/20 14:14:48 628] tts        546  SYS_MSG_UNLOAD  
