============================================================
Time  2017/05/29 16:52:10 247 
============================================================
[2017/05/29 16:52:10 263] tts        555  SYS_MSG_REGCB param0 =  msp_status_cb  param1 =  func(b5786450) 
[2017/05/29 16:52:10 265] config     42   use general cloud  
[2017/05/29 16:52:10 268] tts_cloud  1420 SYS_MSG_REGCB_CLOUD param0 =   msp_status_cb  param1 =  func(b5786450) 
[2017/05/29 16:52:10 268] tts        527  TTS_MSG_SSB  
[2017/05/29 16:52:10 268] tts        338  params =  voice_name = xiaoyan, text_encoding = utf8, sample_rate = 16000, speed = 50, volume = 50, pitch = 50, rdn = 2  
[2017/05/29 16:52:10 268] tts        373  ssb|use cloud  
[2017/05/29 16:52:10 268] tts_cloud  1391 SYS_MSG_LOAD_CLOUD  
[2017/05/29 16:52:10 268] tts_cloud  954  TTS_MSG_SSB_CLOUD  
[2017/05/29 16:52:10 268] tts_cloud  977  tts  ctts1PdHHBHe0Rdzw3WYaaC630vXWHZ0Jl  268436457  1488112124  
[2017/05/29 16:52:10 281] tts_cloud  1146 need_decode  true  
[2017/05/29 16:52:10 281] tts_cloud  1147 aue=  speex-wb;7   auf=  audio/L16;rate=16000  
[2017/05/29 16:52:10 282] tts_cloud  1169 User set url is   nil  
[2017/05/29 16:52:10 282] transport  627  paramkvsport is   nil  
[2017/05/29 16:52:10 282] transport  635  ns_enable=  1  
[2017/05/29 16:52:10 282] transport  679  url.full=  nil  
[2017/05/29 16:52:10 282] transport  867  net type:  standard  
[2017/05/29 16:52:10 282] transport  868  net operator:  def  
[2017/05/29 16:52:10 282] transport  869  use proxy:  false  
[2017/05/29 16:52:10 283] transport  992  session.domain=  open.xf-yun.com  
[2017/05/29 16:52:10 283] transport  993  url.host=  open.xf-yun.com  
[2017/05/29 16:52:10 284] network    88   ipfromenv ,  ipcache  open.xf-yun.com  def  59.107.24.13  
[2017/05/29 16:52:10 284] transport  1089 using cached ip:  59.107.24.13  
[2017/05/29 16:52:10 284] transport  1027 NAMESERVER START  
[2017/05/29 16:52:10 284] transport  1030 name =   tts  
[2017/05/29 16:52:10 284] ns         626  ntt=  standard  
[2017/05/29 16:52:10 284] transport  1033 trans,ns_inprog =  0  
[2017/05/29 16:52:10 284] ns         582  name server start  
[2017/05/29 16:52:10 284] ns         583  ns_sub =   tts  
[2017/05/29 16:52:10 284] ns         585  ns_host=  open.xf-yun.com  
[2017/05/29 16:52:10 284] ns         476  ns_host=  open.xf-yun.com  
[2017/05/29 16:52:10 285] ns         555  GET /sip/resolver?srand=0529165211.32 HTTP/1.1
Host: hdns.openspeech.cn
Connection: Keep-Alive
X-Par: ver=1.3&appid=592ae01b&operator=UNKNOW&nettype=STANDARD&cver=5.0.29.1151&svc=tts&host=open.xf-yun.com&sign=816cd7c14e7d91cf962b8463073186ec
User-Agent: iFLYCloud

  
[2017/05/29 16:52:10 285] ns         556  net_type =  standard  
[2017/05/29 16:52:10 285] ns         557  cmwapascmnet =  
[2017/05/29 16:52:10 285] ns         558  uniwapasuninet =  
[2017/05/29 16:52:10 285] ns         559  ctwapasctnet =  
[2017/05/29 16:52:10 285] ns         576  host=  hdns.openspeech.cn  
[2017/05/29 16:52:10 285] network    238  gethostbyname  hdns.openspeech.cn  ns_nw2  
[2017/05/29 16:52:10 285] transport  1210 [soc] connect   59.107.24.13  80  
[2017/05/29 16:52:10 285] transport  1227 mspsoc.open,prot_type=  tcp  
[2017/05/29 16:52:10 286] tts        533  TTS_MSG_SYN  0  
[2017/05/29 16:52:10 286] tts        413  synth|use cloud  
[2017/05/29 16:52:10 286] tts_cloud  1189 TTS_MSG_SYN_CLOUD  
[2017/05/29 16:52:10 286] tts_cloud  1200 remote_connected =  false  
[2017/05/29 16:52:10 286] tts        536  TTS_MSG_GETAUDIO  0  
[2017/05/29 16:52:10 286] tts        474  get audio|use cloud  
[2017/05/29 16:52:10 286] tts_cloud  1284 TTS_MSG_GETAUDIO_CLOUD | synth_status  1  
[2017/05/29 16:52:10 293] network    220  dns resp  0  ns_nw2  
[2017/05/29 16:52:10 293] ns         425  ns dns ok  117.121.56.5  
[2017/05/29 16:52:10 293] ns         212  ip front is  117.121.56  
[2017/05/29 16:52:10 293] ns         217  warning: ip not found in ip_list  
[2017/05/29 16:52:10 293] ns         432  is_voicecloud_ip=  1  
[2017/05/29 16:52:10 293] ns         439  ip_is_expected=  true  
[2017/05/29 16:52:10 293] ns         447  ip_is_expected=  true  
[2017/05/29 16:52:10 293] network    417  gethttpresp2  117.121.56.5  80  _nw3  
[2017/05/29 16:52:10 304] transport  476  [soc] [1] connected  
[2017/05/29 16:52:10 304] tts_cloud  296  text =  udata(b57db73c) 
[2017/05/29 16:52:10 304] tts_cloud  717  send ssb request  
[2017/05/29 16:52:10 304] tts_cloud  543  using loginid  
[2017/05/29 16:52:10 304] tts_cloud  584  lver:  nil  
[2017/05/29 16:52:10 304] tts_cloud  589  cfg_ver:  nil  
[2017/05/29 16:52:10 304] transport  1264 build http request.  
[2017/05/29 16:52:10 305] transport  1364 POST /msp.do HTTP/1.1
Host: open.xf-yun.com
Content-Type: multipart/mixed;boundary=--
Content-Length: 507
User-Agent: iFLYCloud
Cache-Control: no-cache
Accept: */*

----
CL:234
CT:text/plain

ver=MSSP+0%2E9&sub=tts&cmd=ssb&aue=speex%2Dwb%3B7&auf=audio%2FL16%3Brate%3D16000&cver=5%2E0%2E29%2E1151&net%5Ftype=standard&csid=ctts1PdHHBHe0Rdzw3WYaaC630vXWHZ0Jl&key=0ekT/KgQg8uekIENYP4hq94Qp2l78wMwljtuMK7aVg/Z5zTMirmS8ZG7bjCu2lYP2e
----
CL:24
CT:binary/synth+text
CE:gzip,encrypt/0.2

gbbË»yïuu  
[2017/05/29 16:52:10 306] transport  1684 msg:release()  
[2017/05/29 16:52:10 306] transport  506  [soc] [1] send ok  680  
[2017/05/29 16:52:10 348] network    323  connected  _nw3  
[2017/05/29 16:52:10 349] network    326  send ok  271  _nw3  
[2017/05/29 16:52:10 404] network    335  readable  _nw3  
[2017/05/29 16:52:10 404] ns         256  name server http resp  table(b57cdcb8) 0  udata(b576412c) 
[2017/05/29 16:52:10 404] ns         269  ns response OK for this time!  
[2017/05/29 16:52:10 404] ns         280  from_server=  iflytek/hdns  
[2017/05/29 16:52:10 405] ns         363  compel :  0  
[2017/05/29 16:52:10 405] ns         374  tick()=  987912  
[2017/05/29 16:52:10 405] ns         378  tick()mod=  987912  
[2017/05/29 16:52:10 405] ns         379  ns_host=  open.xf-yun.com  
[2017/05/29 16:52:10 405] ns         392  ns_host=  open.xf-yun.com  
[2017/05/29 16:52:10 405] transport  1007 ns_ip =   59.107.24.5  
[2017/05/29 16:52:10 405] transport  1008 ip_type =  assigned_ttsopen.xf-yun.com_host  
[2017/05/29 16:52:10 405] ns         655  no data in ns_q  
[2017/05/29 16:52:10 406] ns         656  conti_ns,ns_inprog =   1  
[2017/05/29 16:52:10 437] tts        536  TTS_MSG_GETAUDIO  0  
[2017/05/29 16:52:10 437] tts        474  get audio|use cloud  
[2017/05/29 16:52:10 438] tts_cloud  1284 TTS_MSG_GETAUDIO_CLOUD | synth_status  1  
[2017/05/29 16:52:10 589] tts        536  TTS_MSG_GETAUDIO  0  
[2017/05/29 16:52:10 589] tts        474  get audio|use cloud  
[2017/05/29 16:52:10 589] tts_cloud  1284 TTS_MSG_GETAUDIO_CLOUD | synth_status  1  
[2017/05/29 16:52:10 710] transport  518  [soc] [1] readable  
[2017/05/29 16:52:10 710] transport  1637 HTTP/1.1 200 OK
Content-Type: multipart/mixed;boundary=--
Content-Length: 864
X-Req-Date: 2017/05/29 16:52:10 275
Cache-Control: no-cache
CL: 864
X-Res-Date: 2017/05/29 16:52:10 662

----
Content-Length:170

ver=MSSP+0%2E9&ret=0&cver=5%2E0%2E29%2E1151&ced=1&ofg=2&key=0foJQbx^4klQcPr9NOU9JZ^mC^1yRH1^ETcQIIHmo^8ys^HBywnTxKrVwdpc10KRKseyxXl4iYHQCosP8TNINFrhmhs5T9hkChqLD/EzSDRa4=
----
Content-Length:560
Content-Type:binary/audio
Content-Encoding:speex-wb;7,encrypt/0.2

Úç9¶7ÛWBœœœœœœœœãˆ  
[2017/05/29 16:52:10 710] transport  1637 ‚®Äƒøÿè4=öc  
[2017/05/29 16:52:10 710] transport  1383 a_complete_httpmessage  200  
[2017/05/29 16:52:10 710] transport  1493 is_update  true  
[2017/05/29 16:52:10 710] tts_cloud  317  [trans] [tts_cloudctts1PdHHBHe0Rdzw3WYaaC630vXWHZ0Jl] readable  
[2017/05/29 16:52:10 710] tts_cloud  335  response  
[2017/05/29 16:52:10 710] tts_cloud  392  sid =   tts605fed91@gz3c770c872d3a3cc400  
[2017/05/29 16:52:10 710] tts_cloud  414  synth_parse_response| ssb time:  406  .  
[2017/05/29 16:52:10 710] tts_cloud  415  text to first audio:  406  .  
[2017/05/29 16:52:10 710] tts_cloud  428  text to last audio:  406  .  
[2017/05/29 16:52:10 710] tts_cloud  429  ssb to sse:  406  .  
[2017/05/29 16:52:10 711] network    88   ipfromenv ,  ipcache  open.xf-yun.com  def  59.107.24.13  
[2017/05/29 16:52:10 711] transport  942  cached ip is confirmed  
[2017/05/29 16:52:10 711] transport  1242 [soc] disconnect   
[2017/05/29 16:52:10 711] tts_cloud  476  theory decode audiolen:  5760  ,ced:  1  ,markinfo:  nil  
[2017/05/29 16:52:10 711] tts_cloud  786  aud_data:len()=  549  
[2017/05/29 16:52:10 716] tts_cloud  689  last audio  
[2017/05/29 16:52:10 716] tts_cloud  696  u_aul =  5760  audiolen =  5760  
[2017/05/29 16:52:10 716] tts_cloud  791  aud_data = nil  
[2017/05/29 16:52:10 740] tts        536  TTS_MSG_GETAUDIO  0  
[2017/05/29 16:52:10 740] tts        474  get audio|use cloud  
[2017/05/29 16:52:10 740] tts_cloud  1224 actual decode audiolen:  5760  ,ced:  1  ,markinfo:  nil  
[2017/05/29 16:52:10 740] tts_cloud  1284 TTS_MSG_GETAUDIO_CLOUD | synth_status  2  
[2017/05/29 16:52:10 740] tts        539  TTS_MSG_SSE  
[2017/05/29 16:52:10 740] tts        512  sse|use cloud  
[2017/05/29 16:52:10 740] tts_cloud  1287 TTS_MSG_SSE_CLOUD  
[2017/05/29 16:52:10 740] tts_cloud  844  tts session info  
[2017/05/29 16:52:10 744] tts        546  SYS_MSG_UNLOAD  
