============================================================
Time  2017/03/20 21:07:57 811 
============================================================
[2017/03/20 21:07:57 841] legacyuup  324  SYS_MSG_LOAD  
[2017/03/20 21:07:57 842] legacyuup  237  UUP_MSG_START  
[2017/03/20 21:07:57 842] legacyuup  239  legacyuup  legacyuup_27646e2  268436457  1488112182  
[2017/03/20 21:07:57 842] legacyuup  282  User set url is   nil  
[2017/03/20 21:07:57 842] transport  627  paramkvsport is   nil  
[2017/03/20 21:07:57 842] transport  635  ns_enable=  1  
[2017/03/20 21:07:57 842] transport  679  url.full=  nil  
[2017/03/20 21:07:57 842] transport  856  switch 80  
[2017/03/20 21:07:57 842] transport  867  net type:  standard  
[2017/03/20 21:07:57 842] transport  868  net operator:  def  
[2017/03/20 21:07:57 842] transport  869  use proxy:  false  
[2017/03/20 21:07:57 842] legacyuup  299  not login!  
[2017/03/20 21:07:57 961] legacyuup  313  UUP_MSG_LGI_RESULT  
[2017/03/20 21:07:57 961] legacyuup  193  [session] send uup request  
[2017/03/20 21:07:57 961] transport  992  session.domain=  open.xf-yun.com  
[2017/03/20 21:07:57 961] transport  993  url.host=  open.xf-yun.com  
[2017/03/20 21:07:57 961] transport  1027 NAMESERVER START  
[2017/03/20 21:07:57 961] transport  1030 name =   asr  
[2017/03/20 21:07:57 961] ns         626  ntt=  standard  
[2017/03/20 21:07:57 961] transport  1033 trans,ns_inprog =  0  
[2017/03/20 21:07:57 961] ns         582  name server start  
[2017/03/20 21:07:57 961] ns         583  ns_sub =   asr  
[2017/03/20 21:07:57 961] ns         585  ns_host=  open.xf-yun.com  
[2017/03/20 21:07:57 961] ns         476  ns_host=  open.xf-yun.com  
[2017/03/20 21:07:57 961] ns         555  GET /sip/resolver?srand=0320210711.32 HTTP/1.1
Host: hdns.openspeech.cn
Connection: Keep-Alive
X-Par: ver=1.3&appid=57ac11ac&operator=UNKNOW&nettype=STANDARD&cver=5.0.29.1151&svc=asr&host=open.xf-yun.com&sign=37325420e893f3ff8cae383d5f18a9f0
User-Agent: iFLYCloud

  
[2017/03/20 21:07:57 961] ns         556  net_type =  standard  
[2017/03/20 21:07:57 961] ns         557  cmwapascmnet =  
[2017/03/20 21:07:57 961] ns         558  uniwapasuninet =  
[2017/03/20 21:07:57 961] ns         559  ctwapasctnet =  
[2017/03/20 21:07:57 961] ns         576  host=  hdns.openspeech.cn  
[2017/03/20 21:07:57 961] network    238  gethostbyname  hdns.openspeech.cn  ns_nw2  
[2017/03/20 21:07:57 961] legacyuup  150  lver:  nil  
[2017/03/20 21:07:57 961] legacyuup  155  cfg_ver:  nil  
[2017/03/20 21:07:57 991] network    220  dns resp  0  ns_nw2  
[2017/03/20 21:07:57 991] ns         425  ns dns ok  117.121.56.5  
[2017/03/20 21:07:57 991] ns         212  ip front is  117.121.56  
[2017/03/20 21:07:57 991] ns         217  warning: ip not found in ip_list  
[2017/03/20 21:07:57 991] ns         432  is_voicecloud_ip=  1  
[2017/03/20 21:07:57 991] ns         439  ip_is_expected=  true  
[2017/03/20 21:07:57 991] ns         447  ip_is_expected=  true  
[2017/03/20 21:07:57 991] network    417  gethttpresp2  117.121.56.5  80  _nw3  
[2017/03/20 21:07:58 035] network    323  connected  _nw3  
[2017/03/20 21:07:58 035] network    326  send ok  271  _nw3  
[2017/03/20 21:07:58 080] network    335  readable  _nw3  
[2017/03/20 21:07:58 080] ns         256  name server http resp  table(b584fe30) 0  udata(b581e204) 
[2017/03/20 21:07:58 080] ns         269  ns response OK for this time!  
[2017/03/20 21:07:58 080] ns         280  from_server=  iflytek/hdns  
[2017/03/20 21:07:58 081] ns         363  compel :  0  
[2017/03/20 21:07:58 081] ns         374  tick()=  41306105  
[2017/03/20 21:07:58 081] ns         378  tick()mod=  41306105  
[2017/03/20 21:07:58 081] ns         379  ns_host=  open.xf-yun.com  
[2017/03/20 21:07:58 081] ns         392  ns_host=  open.xf-yun.com  
[2017/03/20 21:07:58 081] transport  1007 ns_ip =   59.107.24.11  
[2017/03/20 21:07:58 081] transport  1008 ip_type =  assigned_asropen.xf-yun.com_host  
[2017/03/20 21:07:58 081] transport  1210 [soc] connect   59.107.24.11  80  
[2017/03/20 21:07:58 081] transport  1227 mspsoc.open,prot_type=  tcp  
[2017/03/20 21:07:58 081] ns         655  no data in ns_q  
[2017/03/20 21:07:58 081] ns         656  conti_ns,ns_inprog =   1  
[2017/03/20 21:07:58 092] transport  476  [soc] [1] connected  
[2017/03/20 21:07:58 092] transport  1264 build http request.  
[2017/03/20 21:07:58 093] transport  1364 POST /msp.do HTTP/1.1
Host: open.xf-yun.com
Content-Type: multipart/mixed;boundary=--
Content-Length: 853
User-Agent: iFLYCloud
Cache-Control: no-cache
Accept: */*

----
CL:84
CT:text/plain

ver=MSSP+0%2E9&sub=uup&cmd=uup&cver=5%2E0%2E29%2E1151&key=0c4G4KJ85svIz10sMzTVscwA==
----
CL:216
CT:binary/userdata+userword
CE:gzip,encrypt/0.2

ﬂZ„NÔ  
[2017/03/20 21:07:58 094] transport  1684 msg:release()  
[2017/03/20 21:07:58 094] transport  506  [soc] [1] send ok  1026  
[2017/03/20 21:07:58 125] transport  518  [soc] [1] readable  
[2017/03/20 21:07:58 125] transport  1637 HTTP/1.1 200 OK
Content-Type: text/plain
Content-Length: 174
X-Req-Date: 2017/03/20 21:07:58 94
Cache-Control: no-cache
CL: 174
X-Res-Date: 2017/03/20 21:07:58 114

ver=MSSP+0%2E9&ret=0&cver=5%2E0%2E29%2E1151&uid=d6106586316&key=0fTzLzJshErSrLag5WfmGg6z3sIBVMRnpC10gJv0M8BB4^HBywnTxKrRdKbraiH^^XWg^teRfX6BnjehTfGazlhxmhs5T9hkCh43oU3xms5Yc=  
[2017/03/20 21:07:58 125] transport  1383 a_complete_httpmessage  200  
[2017/03/20 21:07:58 125] transport  1493 is_update  true  
[2017/03/20 21:07:58 125] legacyuup  70   [trans] [id = uuplegacyuup_27646e2] readable  
[2017/03/20 21:07:58 126] network    88   ipfromenv ,  ipcache  open.xf-yun.com  def  59.107.24.5  
[2017/03/20 21:07:58 126] transport  942  cached ip is confirmed  
[2017/03/20 21:07:58 126] transport  1242 [soc] disconnect   
[2017/03/20 21:07:58 126] legacyuup  80   uup ok!  
[2017/03/20 21:07:58 126] legacyuup  333  SYS_MSG_UNLOAD  
