============================================================
Time  2017/05/29 18:35:39 497 
============================================================
[2017/05/29 18:35:39 497] isr_1conn  2212 SYS_MSG_LOAD_CLOUD  
[2017/05/29 18:35:39 498] isr_1conn  2233 SYS_MSG_REGCB_CLOUD param0 =   msp_status_cb  param1 =  func(81babc8) 
[2017/05/29 18:35:39 501] isr_1conn  2233 SYS_MSG_REGCB_CLOUD param0 =   cloud_rslt_cb  param1 =  func(81bc978) 
[2017/05/29 18:35:39 501] isr_1conn  2233 SYS_MSG_REGCB_CLOUD param0 =   cloud_err_cb  param1 =  func(81bca18) 
[2017/05/29 18:35:39 501] isr_1conn  2233 SYS_MSG_REGCB_CLOUD param0 =   cloud_status_cb  param1 =  func(81bcab8) 
[2017/05/29 18:35:39 501] isr_1conn  1415 onesoc  
[2017/05/29 18:35:39 501] isr_1conn  1416 ASR_CLOUD_MSG_SSB  
[2017/05/29 18:35:39 501] isr_1conn  1431 isr_1conn  cloud_cisr1PdHHBHe06ISECSlaa0Z71iPBnr0Om  268436457  1488112098  
[2017/05/29 18:35:39 501] isr_1conn  1501 req_lgi_id =  nil  
[2017/05/29 18:35:39 501] isr_1conn  1502 not login!  
[2017/05/29 18:35:39 524] isr_1conn  1635 nil  
[2017/05/29 18:35:39 524] isr_1conn  1693 speex-wb  
[2017/05/29 18:35:39 524] isr_1conn  1771 net_once_bytes  nil  
[2017/05/29 18:35:39 524] isr_1conn  1776 need_encode  true  
[2017/05/29 18:35:39 525] isr_1conn  1778 once bytes  122  
[2017/05/29 18:35:39 525] isr_1conn  1802 User set url is   nil  
[2017/05/29 18:35:39 525] transport  627  paramkvsport is   nil  
[2017/05/29 18:35:39 525] transport  635  ns_enable=  1  
[2017/05/29 18:35:39 525] transport  679  url.full=  nil  
[2017/05/29 18:35:39 525] transport  867  net type:  standard  
[2017/05/29 18:35:39 525] transport  868  net operator:  def  
[2017/05/29 18:35:39 525] transport  869  use proxy:  false  
[2017/05/29 18:35:39 526] transport  992  session.domain=  open.xf-yun.com  
[2017/05/29 18:35:39 526] transport  993  url.host=  open.xf-yun.com  
[2017/05/29 18:35:39 527] network    88   ipfromenv ,  ipcache  open.xf-yun.com  def  nil  
[2017/05/29 18:35:39 527] transport  1027 NAMESERVER START  
[2017/05/29 18:35:39 527] transport  1030 name =   iat  
[2017/05/29 18:35:39 527] ns         626  ntt=  standard  
[2017/05/29 18:35:39 527] transport  1033 trans,ns_inprog =  0  
[2017/05/29 18:35:39 527] ns         582  name server start  
[2017/05/29 18:35:39 528] ns         583  ns_sub =   iat  
[2017/05/29 18:35:39 528] ns         585  ns_host=  open.xf-yun.com  
[2017/05/29 18:35:39 528] ns         476  ns_host=  open.xf-yun.com  
[2017/05/29 18:35:39 528] ns         555  GET /sip/resolver?srand=0529183511.32 HTTP/1.1
Host: hdns.openspeech.cn
Connection: Keep-Alive
X-Par: ver=1.3&appid=592ae01b&operator=UNKNOW&nettype=STANDARD&cver=5.0.29.1151&svc=iat&host=open.xf-yun.com&sign=0f839be9b6d244f9cd1c7c73b1e88109
User-Agent: iFLYCloud

  
[2017/05/29 18:35:39 528] ns         556  net_type =  standard  
[2017/05/29 18:35:39 528] ns         557  cmwapascmnet =  
[2017/05/29 18:35:39 528] ns         558  uniwapasuninet =  
[2017/05/29 18:35:39 528] ns         559  ctwapasctnet =  
[2017/05/29 18:35:39 528] ns         576  host=  hdns.openspeech.cn  
[2017/05/29 18:35:39 528] network    238  gethostbyname  hdns.openspeech.cn  ns_nw2  
[2017/05/29 18:35:39 543] network    220  dns resp  0  ns_nw2  
[2017/05/29 18:35:39 543] ns         425  ns dns ok  117.121.56.5  
[2017/05/29 18:35:39 543] ns         205  iplist not avail  
[2017/05/29 18:35:39 543] ns         432  is_voicecloud_ip=  0  
[2017/05/29 18:35:39 543] ns         439  ip_is_expected=  true  
[2017/05/29 18:35:39 543] ns         447  ip_is_expected=  true  
[2017/05/29 18:35:39 543] network    417  gethttpresp2  117.121.56.5  80  _nw3  
[2017/05/29 18:35:39 564] transport  142  [dns] [1] response 59.107.24.11  
[2017/05/29 18:35:39 564] transport  152  59  107  24  11  
[2017/05/29 18:35:39 564] transport  203  ipv =  v4  
[2017/05/29 18:35:39 564] transport  207  dns ip is v4  
[2017/05/29 18:35:39 564] transport  181  iplist not avail  
[2017/05/29 18:35:39 564] transport  247  no iplist now  
[2017/05/29 18:35:39 564] network    93   iptoenv ,  ipcache  open.xf-yun.com  def  59.107.24.11  
[2017/05/29 18:35:39 565] transport  291  dns cb start conn  
[2017/05/29 18:35:39 565] transport  1210 [soc] connect   59.107.24.11  80  
[2017/05/29 18:35:39 565] transport  1227 mspsoc.open,prot_type=  tcp  
[2017/05/29 18:35:39 687] transport  476  [soc] [1] connected  
[2017/05/29 18:35:39 687] isr_1conn  367  transport connect ok  
[2017/05/29 18:35:39 688] isr_1conn  1123 send ssb request  
[2017/05/29 18:35:39 688] isr_1conn  838  lver:  nil  
[2017/05/29 18:35:39 688] isr_1conn  843  cfg_ver:  nil  
[2017/05/29 18:35:39 688] isr_1conn  864  send_lgi_auth_id =  nil  
[2017/05/29 18:35:39 688] transport  1264 build http request.  
[2017/05/29 18:35:39 688] transport  1364 POST /msp.do HTTP/1.1
Host: open.xf-yun.com
Content-Type: multipart/mixed;boundary=--
Content-Length: 506
User-Agent: iFLYCloud
Cache-Control: no-cache
Accept: */*

----
CL:181
CT:text/plain

ver=MSSP+0%2E9&sub=iat&cmd=ssb&ssm=1&auf=audio%2FL16%3Brate%3D16000&cver=5%2E0%2E29%2E1151&net%5Ftype=standard&csid=cisr1PdHHBHe06ISECSlaa0Z71iPBnr0Om&key=0c4G4KJ85svIylYfsnzveb9w==
----
CL:56
CT:text/appinfo
CE:gzip,encrypt/0.2

∫˚Œ¨eSòòÅ  
[2017/05/29 18:35:39 689] transport  1684 msg:release()  
[2017/05/29 18:35:39 689] transport  506  [soc] [1] send ok  679  
[2017/05/29 18:35:39 696] network    323  connected  _nw3  
[2017/05/29 18:35:39 697] network    326  send ok  271  _nw3  
[2017/05/29 18:35:39 713] transport  518  [soc] [1] readable  
[2017/05/29 18:35:39 713] transport  1637 HTTP/1.1 200 OK
Content-Type: text/plain
Content-Length: 118
X-Req-Date: 2017/05/29 18:35:39 669
Cache-Control: no-cache
CL: 118
X-Res-Date: 2017/05/29 18:35:39 673

ver=MSSP+0%2E9&ret=10407&cver=5%2E0%2E29%2E1151&key=0d9h^QLWmUqK0nveROU6D5xKSdLN7AOgqvlMVo^OO2haGcacJAk0EnHQbCHEdgYvdJ  
[2017/05/29 18:35:39 713] transport  1383 a_complete_httpmessage  200  
[2017/05/29 18:35:39 713] transport  1493 is_update  true  
[2017/05/29 18:35:39 713] isr_1conn  399  [trans] [isr_1conncisr1PdHHBHe06ISECSlaa0Z71iPBnr0Om] readable  
[2017/05/29 18:35:39 713] isr_1conn  438  MSS:bad response:10407  
[2017/05/29 18:35:39 713] isr_1conn  441  bad sid =   iat1ujrqp41@gzQI6Y0c87457b462f0e  
[2017/05/29 18:35:39 747] isr_1conn  2038 ASR_CLOUD_MSG_SSE  
[2017/05/29 18:35:39 748] isr_1conn  1281 isr_1conn session info  
[2017/05/29 18:35:39 754] isr_1conn  2181 session finished! ret =   10407  
