============================================================
Time  2017/03/17 11:51:20 746 
============================================================
[2017/03/17 11:51:20 747] isr_1conn  2212 SYS_MSG_LOAD_CLOUD  
[2017/03/17 11:51:20 747] isr_1conn  2233 SYS_MSG_REGCB_CLOUD param0 =   msp_status_cb  param1 =  func(b58475c0) 
[2017/03/17 11:51:20 747] isr_1conn  2233 SYS_MSG_REGCB_CLOUD param0 =   cloud_rslt_cb  param1 =  func(b58482f8) 
[2017/03/17 11:51:20 747] isr_1conn  2233 SYS_MSG_REGCB_CLOUD param0 =   cloud_err_cb  param1 =  func(b58675f8) 
[2017/03/17 11:51:20 747] isr_1conn  2233 SYS_MSG_REGCB_CLOUD param0 =   cloud_status_cb  param1 =  func(b58676a0) 
[2017/03/17 11:51:20 747] isr_1conn  1415 onesoc  
[2017/03/17 11:51:20 747] isr_1conn  1416 ASR_CLOUD_MSG_SSB  
[2017/03/17 11:51:20 748] isr_1conn  1431 isr_1conn  cloud_cisr1P1HHBHNqU7LB0Edwa1w3m15r0NNdTm  268436457  1488112098  
[2017/03/17 11:51:20 748] isr_1conn  1501 req_lgi_id =  d6106586316@57ac11ac  
[2017/03/17 11:51:20 748] isr_1conn  1635 nil  
[2017/03/17 11:51:20 748] isr_1conn  1693 speex-wb  
[2017/03/17 11:51:20 748] isr_1conn  1771 net_once_bytes  nil  
[2017/03/17 11:51:20 748] isr_1conn  1776 need_encode  true  
[2017/03/17 11:51:20 748] isr_1conn  1778 once bytes  122  
[2017/03/17 11:51:20 748] isr_1conn  1802 User set url is   nil  
[2017/03/17 11:51:20 748] transport  627  paramkvsport is   nil  
[2017/03/17 11:51:20 748] transport  635  ns_enable=  1  
[2017/03/17 11:51:20 748] transport  679  url.full=  nil  
[2017/03/17 11:51:20 748] transport  867  net type:  standard  
[2017/03/17 11:51:20 748] transport  868  net operator:  def  
[2017/03/17 11:51:20 748] transport  869  use proxy:  false  
[2017/03/17 11:51:20 749] transport  992  session.domain=  open.xf-yun.com  
[2017/03/17 11:51:20 749] transport  993  url.host=  open.xf-yun.com  
[2017/03/17 11:51:20 750] network    88   ipfromenv ,  ipcache  open.xf-yun.com  def  nil  
[2017/03/17 11:51:20 750] transport  1027 NAMESERVER START  
[2017/03/17 11:51:20 750] transport  1030 name =   iat  
[2017/03/17 11:51:20 750] ns         626  ntt=  standard  
[2017/03/17 11:51:20 750] transport  1033 trans,ns_inprog =  0  
[2017/03/17 11:51:20 750] ns         582  name server start  
[2017/03/17 11:51:20 750] ns         583  ns_sub =   iat  
[2017/03/17 11:51:20 750] ns         585  ns_host=  open.xf-yun.com  
[2017/03/17 11:51:20 750] ns         476  ns_host=  open.xf-yun.com  
[2017/03/17 11:51:20 750] ns         555  GET /sip/resolver?srand=0317115111.32 HTTP/1.1
Host: hdns.openspeech.cn
Connection: Keep-Alive
X-Par: ver=1.3&appid=57ac11ac&operator=UNKNOW&nettype=STANDARD&cver=5.0.29.1151&svc=iat&host=open.xf-yun.com&sign=4e97911c2f4f826454a7d538fd13b0b5
User-Agent: iFLYCloud

  
[2017/03/17 11:51:20 750] ns         556  net_type =  standard  
[2017/03/17 11:51:20 750] ns         557  cmwapascmnet =  
[2017/03/17 11:51:20 750] ns         558  uniwapasuninet =  
[2017/03/17 11:51:20 750] ns         559  ctwapasctnet =  
[2017/03/17 11:51:20 750] ns         576  host=  hdns.openspeech.cn  
[2017/03/17 11:51:20 750] network    238  gethostbyname  hdns.openspeech.cn  ns_nw2  
[2017/03/17 11:51:20 917] isr_1conn  1829 ASR_CLOUD_MSG_AUW  3200  1  
[2017/03/17 11:51:20 917] isr_1conn  1846     
[2017/03/17 11:51:21 019] isr_1conn  1829 ASR_CLOUD_MSG_AUW  3200  2  
[2017/03/17 11:51:21 051] isr_1conn  262  netperf:  99  
[2017/03/17 11:51:21 121] isr_1conn  1829 ASR_CLOUD_MSG_AUW  3200  2  
[2017/03/17 11:51:21 214] isr_1conn  1829 ASR_CLOUD_MSG_AUW  3200  2  
[2017/03/17 11:51:21 316] isr_1conn  1829 ASR_CLOUD_MSG_AUW  3200  2  
[2017/03/17 11:51:21 352] isr_1conn  262  netperf:  80  
[2017/03/17 11:51:21 427] isr_1conn  1829 ASR_CLOUD_MSG_AUW  3200  2  
[2017/03/17 11:51:21 529] isr_1conn  1829 ASR_CLOUD_MSG_AUW  3200  2  
[2017/03/17 11:51:21 631] isr_1conn  1829 ASR_CLOUD_MSG_AUW  3200  2  
[2017/03/17 11:51:21 652] isr_1conn  262  netperf:  70  
[2017/03/17 11:51:21 727] isr_1conn  1829 ASR_CLOUD_MSG_AUW  3200  2  
[2017/03/17 11:51:21 827] isr_1conn  1829 ASR_CLOUD_MSG_AUW  3200  2  
[2017/03/17 11:51:21 928] isr_1conn  1829 ASR_CLOUD_MSG_AUW  3200  2  
[2017/03/17 11:51:21 954] isr_1conn  262  netperf:  62  
[2017/03/17 11:51:22 030] isr_1conn  1829 ASR_CLOUD_MSG_AUW  3200  2  
[2017/03/17 11:51:22 123] isr_1conn  1829 ASR_CLOUD_MSG_AUW  3200  2  
[2017/03/17 11:51:22 225] isr_1conn  1829 ASR_CLOUD_MSG_AUW  3200  2  
[2017/03/17 11:51:22 254] isr_1conn  262  netperf:  52  
[2017/03/17 11:51:22 337] isr_1conn  1829 ASR_CLOUD_MSG_AUW  3200  2  
[2017/03/17 11:51:22 439] isr_1conn  1829 ASR_CLOUD_MSG_AUW  3200  2  
[2017/03/17 11:51:22 542] isr_1conn  1829 ASR_CLOUD_MSG_AUW  3200  2  
[2017/03/17 11:51:22 555] isr_1conn  262  netperf:  43  
[2017/03/17 11:51:22 634] isr_1conn  1829 ASR_CLOUD_MSG_AUW  3200  2  
[2017/03/17 11:51:22 738] isr_1conn  1829 ASR_CLOUD_MSG_AUW  3200  2  
[2017/03/17 11:51:22 839] isr_1conn  1829 ASR_CLOUD_MSG_AUW  3200  2  
[2017/03/17 11:51:22 855] isr_1conn  262  netperf:  33  
[2017/03/17 11:51:22 941] isr_1conn  1829 ASR_CLOUD_MSG_AUW  3200  2  
[2017/03/17 11:51:23 042] isr_1conn  1829 ASR_CLOUD_MSG_AUW  3200  2  
[2017/03/17 11:51:23 136] isr_1conn  1829 ASR_CLOUD_MSG_AUW  3200  2  
[2017/03/17 11:51:23 155] isr_1conn  262  netperf:  23  
[2017/03/17 11:51:23 239] isr_1conn  1829 ASR_CLOUD_MSG_AUW  3200  2  
