[2017/03/20 20:40:06 916] transport  1684 msg:release()  
[2017/03/20 20:40:06 916] transport  1383 a_complete_httpmessage  200  
[2017/03/20 20:40:06 916] transport  1493 is_update  true  
[2017/03/20 20:40:06 916] isr_1conn  399  [trans] [isr_1conncisr1P1HHBHNfG9sayBbNaadWWWCGleOPSRc] readable  
[2017/03/20 20:40:06 916] isr_1conn  403  size =   610  
[2017/03/20 20:40:06 916] isr_1conn  435  response  
[2017/03/20 20:40:06 917] isr_1conn  483  resp_syncid =  0  
[2017/03/20 20:40:06 917] isr_1conn  655  0  2  2  
[2017/03/20 20:40:06 917] transport  1637 3xms5Yc=HTTP/1.1 200 OK
Content-Type: text/plain
Content-Length: 170
X-Req-Date: 2017/03/20 20:40:06 881
Cache-Control: no-cache
CL: 170
X-Res-Date: 2017/03/20 20:40:06 884

ver=MSSP+0%2E9&ret=0&cver=5%2E0%2E29%2E1151&eps=1&rcs=2&key=0fhIBwIdaWGXd1heMrFEitWKoboZhj/YThL7E0VTYlqco^HBywnTxKrRdKbraiH^^XWg^teRfX6BnjehTfGazlhxmhs5T9hkCh43oU3xms5Yc=  
[2017/03/20 20:40:06 917] transport  1383 a_complete_httpmessage  200  
[2017/03/20 20:40:06 917] transport  1493 is_update  true  
[2017/03/20 20:40:06 917] isr_1conn  399  [trans] [isr_1conncisr1P1HHBHNfG9sayBbNaadWWWCGleOPSRc] readable  
[2017/03/20 20:40:06 917] isr_1conn  403  size =   610  
[2017/03/20 20:40:06 917] isr_1conn  435  response  
[2017/03/20 20:40:06 917] isr_1conn  483  resp_syncid =  0  
[2017/03/20 20:40:06 917] isr_1conn  655  0  2  2  
[2017/03/20 20:40:06 917] transport  1383 a_complete_httpmessage  200  
[2017/03/20 20:40:06 917] transport  1493 is_update  true  
[2017/03/20 20:40:06 917] isr_1conn  399  [trans] [isr_1conncisr1P1HHBHNfG9sayBbNaadWWWCGleOPSRc] readable  
[2017/03/20 20:40:06 917] isr_1conn  403  size =   488  
[2017/03/20 20:40:06 917] isr_1conn  435  response  
[2017/03/20 20:40:06 917] isr_1conn  483  resp_syncid =  0  
[2017/03/20 20:40:06 917] isr_1conn  655  0  2  2  
[2017/03/20 20:40:06 917] transport  506  [soc] [1] send ok  324  
[2017/03/20 20:40:06 985] transport  518  [soc] [1] readable  
[2017/03/20 20:40:06 985] transport  1637 HTTP/1.1 200 OK
Content-Type: text/plain
Content-Length: 176
X-Req-Date: 2017/03/20 20:40:06 885
Cache-Control: no-cache
CL: 176
X-Res-Date: 2017/03/20 20:40:06 958

ver=MSSP+0%2E9&ret=0&cver=5%2E0%2E29%2E1151&eps=3&rcs=2&rss=2&key=0fhIBwIdaWGXd1heMrFEitWKoboZhj/YThL7E0VTYlqco^HBywnTxKrRdKbraiH^^XWg^teRfX6BnjehTfGazlh/weuiqmNJb/43oU3xms5Yc=  
[2017/03/20 20:40:06 985] transport  1383 a_complete_httpmessage  200  
[2017/03/20 20:40:06 985] transport  1493 is_update  true  
[2017/03/20 20:40:06 985] isr_1conn  399  [trans] [isr_1conncisr1P1HHBHNfG9sayBbNaadWWWCGleOPSRc] readable  
[2017/03/20 20:40:06 985] isr_1conn  403  size =   0  
[2017/03/20 20:40:06 985] isr_1conn  412  send_ok_num, timer_num, send_average =   36966  1  36966  
[2017/03/20 20:40:06 985] isr_1conn  415  netperf =   90  
[2017/03/20 20:40:06 985] isr_1conn  419  start netperf_grs_timer  
[2017/03/20 20:40:06 985] isr_1conn  435  response  
[2017/03/20 20:40:06 986] isr_1conn  483  resp_syncid =  3  
[2017/03/20 20:40:06 986] isr_1conn  655  3  2  2  
[2017/03/20 20:40:06 996] transport  518  [soc] [1] readable  
[2017/03/20 20:40:06 996] transport  1637 HTTP/1.1 200 OK
Content-Type: text/plain
Content-Length: 164
X-Req-Date: 2017/03/20 20:40:06 958
Cache-Control: no-cache
CL: 164
X-Res-Date: 2017/03/20 20:40:06 963

ver=MSSP+0%2E9&ret=0&cver=5%2E0%2E29%2E1151&rss=2&key=0fhIBwIdaWGXd1heMrFEitWKoboZhj/YThL7E0VTYlqco^HBywnTxKrRdKbraiH^^XWg^teRfX6BnjehTfGazlhyBmPwztNz^/43oU3xms5Yc=  
[2017/03/20 20:40:06 996] transport  1383 a_complete_httpmessage  200  
[2017/03/20 20:40:06 996] transport  1493 is_update  true  
[2017/03/20 20:40:06 996] isr_1conn  399  [trans] [isr_1conncisr1P1HHBHNfG9sayBbNaadWWWCGleOPSRc] readable  
[2017/03/20 20:40:06 996] isr_1conn  435  response  
[2017/03/20 20:40:06 996] isr_1conn  483  resp_syncid =  4  
[2017/03/20 20:40:06 996] isr_1conn  655  4  2  2  
[2017/03/20 20:40:07 117] transport  518  [soc] [1] readable  
[2017/03/20 20:40:07 117] transport  1637 HTTP/1.1 200 OK
Content-Type: text/plain
Content-Length: 164
X-Req-Date: 2017/03/20 20:40:06 963
Cache-Control: no-cache
CL: 164
X-Res-Date: 2017/03/20 20:40:07 86

ver=MSSP+0%2E9&ret=0&cver=5%2E0%2E29%2E1151&rss=2&key=0fhIBwIdaWGXd1heMrFEitWKoboZhj/YThL7E0VTYlqco^HBywnTxKrRdKbraiH^^XWg^teRfX6BnjehTfGazlhwdZvAXO1P4Z43oU3xms5Yc=  
[2017/03/20 20:40:07 117] transport  1383 a_complete_httpmessage  200  
[2017/03/20 20:40:07 117] transport  1493 is_update  true  
[2017/03/20 20:40:07 118] isr_1conn  399  [trans] [isr_1conncisr1P1HHBHNfG9sayBbNaadWWWCGleOPSRc] readable  
[2017/03/20 20:40:07 118] isr_1conn  435  response  
[2017/03/20 20:40:07 118] isr_1conn  483  resp_syncid =  5  
[2017/03/20 20:40:07 118] isr_1conn  655  5  2  2  
[2017/03/20 20:40:07 178] isr_1conn  307  send_ok_num, timer_num, send_average =   0  2  0  
[2017/03/20 20:40:07 178] isr_1conn  310  netperf =   30  
[2017/03/20 20:40:07 178] isr_1conn  311  start netperf_other_timer  
[2017/03/20 20:40:07 415] isr_1conn  273  netperf_grs =   80  
[2017/03/20 20:40:07 579] isr_1conn  289  send_ok_num, timer_num, send_average =   0  3  0  
[2017/03/20 20:40:07 579] isr_1conn  292  netperf =   30  
[2017/03/20 20:40:07 815] isr_1conn  273  netperf_grs =   70  
[2017/03/20 20:40:07 980] isr_1conn  289  send_ok_num, timer_num, send_average =   0  4  0  
[2017/03/20 20:40:07 981] isr_1conn  292  netperf =   30  
[2017/03/20 20:40:08 216] isr_1conn  273  netperf_grs =   60  
[2017/03/20 20:40:08 382] isr_1conn  289  send_ok_num, timer_num, send_average =   0  5  0  
[2017/03/20 20:40:08 382] isr_1conn  292  netperf =   30  
[2017/03/20 20:40:08 617] isr_1conn  273  netperf_grs =   50  
[2017/03/20 20:40:08 783] isr_1conn  289  send_ok_num, timer_num, send_average =   0  6  0  
[2017/03/20 20:40:08 783] isr_1conn  292  netperf =   30  
[2017/03/20 20:40:08 917] isr_1conn  1244 grslt timeout  
[2017/03/20 20:40:08 917] isr_1conn  1252 send rslt request  
[2017/03/20 20:40:08 917] transport  1264 build http request.  
[2017/03/20 20:40:08 917] transport  1364 POST /msp.do HTTP/1.1
Host: open.xf-yun.com
Content-Type: text/plain
Content-Length: 168
User-Agent: iFLYCloud
Cache-Control: no-cache
Accept: */*

ver=MSSP+0%2E9&sub=iat&cmd=grs&cver=5%2E0%2E29%2E1151&key=0fhIBwIdaWGXd1heMrFEitWKoboZhj/YThL7E0VTYlqco^HBywnTxKrRdKbraiH^^XWg^teRfX6BnjehTfGazlh9AZNb2WEhWU43oU3xms5Yc=  
[2017/03/20 20:40:08 918] transport  1684 msg:release()  
[2017/03/20 20:40:08 918] transport  506  [soc] [1] send ok  324  
[2017/03/20 20:40:09 018] isr_1conn  273  netperf_grs =   40  
[2017/03/20 20:40:09 023] transport  518  [soc] [1] readable  
[2017/03/20 20:40:09 023] transport  1637 HTTP/1.1 200 OK
Content-Type: multipart/mixed;boundary=--
Content-Length: 467
X-Req-Date: 2017/03/20 20:40:08 900
Cache-Control: no-cache
CL: 467
X-Res-Date: 2017/03/20 20:40:08 990

----
Content-Length:164

ver=MSSP+0%2E9&ret=0&rss=5&cver=5%2E0%2E29%2E1151&key=0fhIBwIdaWGXd1heMrFEitWKoboZhj/YThL7E0VTYlqco^HBywnTxKrRdKbraiH^^XWg^teRfX6BnjehTfGazlh8NjH9bCAen^43oU3xms5Yc=
----
Content-Length:176
Content-Type:binary/recresult
Content-Encoding:encrypt/0.2

…w¥UÉ  
[2017/03/20 20:40:09 023] transport  1383 a_complete_httpmessage  200  
[2017/03/20 20:40:09 023] transport  1493 is_update  true  
[2017/03/20 20:40:09 023] isr_1conn  399  [trans] [isr_1conncisr1P1HHBHNfG9sayBbNaadWWWCGleOPSRc] readable  
[2017/03/20 20:40:09 023] isr_1conn  435  response  
[2017/03/20 20:40:09 023] isr_1conn  483  resp_syncid =  6  
[2017/03/20 20:40:09 023] isr_1conn  655  6  5  2  
[2017/03/20 20:40:09 023] isr_1conn  662  [session] got last result  
[2017/03/20 20:40:09 023] isr_1conn  667  time from last audio to last result:  2123  .  
[2017/03/20 20:40:09 023] isr_1conn  668  time from session-begin to session-end:  2663  .  
[2017/03/20 20:40:09 024] network    88   ipfromenv ,  ipcache  open.xf-yun.com  def  59.107.24.11  
[2017/03/20 20:40:09 024] transport  942  cached ip is confirmed  
[2017/03/20 20:40:09 024] transport  1242 [soc] disconnect   
[2017/03/20 20:40:09 024] isr_1conn  677  [session] got 1th result  
[2017/03/20 20:40:09 024] isr_1conn  689  time from first audio to first result:  2646  .  
[2017/03/20 20:40:09 145] isr_1conn  2038 ASR_CLOUD_MSG_SSE  
[2017/03/20 20:40:09 147] isr_1conn  1281 isr_1conn session info  
[2017/03/20 20:40:09 160] isr_1conn  2181 session finished! ret =   0  
