============================================================
Time  2017/03/21 00:46:05 473 
============================================================
[2017/03/21 00:46:05 511] tts        555  SYS_MSG_REGCB param0 =  msp_status_cb  param1 =  func(b695c3d8) 
[2017/03/21 00:46:05 515] config     42   use general cloud  
[2017/03/21 00:46:05 519] tts_cloud  1420 SYS_MSG_REGCB_CLOUD param0 =   msp_status_cb  param1 =  func(b695c3d8) 
[2017/03/21 00:46:05 520] tts        527  TTS_MSG_SSB  
[2017/03/21 00:46:05 520] tts        338  params =  voice_name = xiaoyan, text_encoding = utf8, sample_rate = 16000, speed = 50, volume = 50, pitch = 50, rdn = 2  
[2017/03/21 00:46:05 520] tts        373  ssb|use cloud  
[2017/03/21 00:46:05 520] tts_cloud  1391 SYS_MSG_LOAD_CLOUD  
[2017/03/21 00:46:05 520] tts_cloud  954  TTS_MSG_SSB_CLOUD  
[2017/03/21 00:46:05 520] tts_cloud  977  tts  ctts1P1HHBHN7mjuwa0HzaaueXmlfBteHNyc  268436457  1488112124  
[2017/03/21 00:46:05 521] tts_cloud  1146 need_decode  true  
[2017/03/21 00:46:05 521] tts_cloud  1147 aue=  speex-wb;7   auf=  audio/L16;rate=16000  
[2017/03/21 00:46:05 521] tts_cloud  1169 User set url is   nil  
[2017/03/21 00:46:05 521] transport  627  paramkvsport is   nil  
[2017/03/21 00:46:05 522] transport  635  ns_enable=  1  
[2017/03/21 00:46:05 522] transport  679  url.full=  nil  
[2017/03/21 00:46:05 522] transport  867  net type:  standard  
[2017/03/21 00:46:05 522] transport  868  net operator:  def  
[2017/03/21 00:46:05 522] transport  869  use proxy:  false  
[2017/03/21 00:46:05 522] transport  992  session.domain=  open.xf-yun.com  
[2017/03/21 00:46:05 522] transport  993  url.host=  open.xf-yun.com  
[2017/03/21 00:46:05 523] network    88   ipfromenv ,  ipcache  open.xf-yun.com  def  59.107.24.11  
[2017/03/21 00:46:05 523] transport  1089 using cached ip:  59.107.24.11  
[2017/03/21 00:46:05 523] transport  1027 NAMESERVER START  
[2017/03/21 00:46:05 523] transport  1030 name =   tts  
[2017/03/21 00:46:05 523] ns         626  ntt=  standard  
[2017/03/21 00:46:05 523] transport  1033 trans,ns_inprog =  0  
[2017/03/21 00:46:05 523] ns         582  name server start  
[2017/03/21 00:46:05 523] ns         583  ns_sub =   tts  
[2017/03/21 00:46:05 523] ns         585  ns_host=  open.xf-yun.com  
[2017/03/21 00:46:05 523] ns         476  ns_host=  open.xf-yun.com  
[2017/03/21 00:46:05 523] ns         555  GET /sip/resolver?srand=0321004611.32 HTTP/1.1
Host: hdns.openspeech.cn
Connection: Keep-Alive
X-Par: ver=1.3&appid=57ac11ac&operator=UNKNOW&nettype=STANDARD&cver=5.0.29.1151&svc=tts&host=open.xf-yun.com&sign=26e35b3464fd62c51f9d5c218106bc63
User-Agent: iFLYCloud

  
[2017/03/21 00:46:05 523] ns         556  net_type =  standard  
[2017/03/21 00:46:05 528] ns         557  cmwapascmnet =  
[2017/03/21 00:46:05 529] ns         558  uniwapasuninet =  
[2017/03/21 00:46:05 529] ns         559  ctwapasctnet =  
[2017/03/21 00:46:05 529] ns         576  host=  hdns.openspeech.cn  
[2017/03/21 00:46:05 529] network    238  gethostbyname  hdns.openspeech.cn  ns_nw2  
[2017/03/21 00:46:05 529] transport  1210 [soc] connect   59.107.24.11  80  
[2017/03/21 00:46:05 529] transport  1227 mspsoc.open,prot_type=  tcp  
[2017/03/21 00:46:05 530] tts        539  TTS_MSG_SSE  
[2017/03/21 00:46:05 530] tts        512  sse|use cloud  
[2017/03/21 00:46:05 530] tts_cloud  1287 TTS_MSG_SSE_CLOUD  
[2017/03/21 00:46:05 532] tts_cloud  844  tts session info  
[2017/03/21 00:46:05 545] tts        546  SYS_MSG_UNLOAD  
