============================================================
Time  2017/03/17 13:25:29 848 
============================================================
[2017/03/17 13:25:29 856] tts        555  SYS_MSG_REGCB param0 =  msp_status_cb  param1 =  func(b586e218) 
[2017/03/17 13:25:29 866] config     42   use general cloud  
[2017/03/17 13:25:29 878] tts_cloud  1420 SYS_MSG_REGCB_CLOUD param0 =   msp_status_cb  param1 =  func(b586e218) 
[2017/03/17 13:25:29 878] tts        527  TTS_MSG_SSB  
[2017/03/17 13:25:29 878] tts        338  params =  voice_name = xiaoyan, text_encoding = utf8, sample_rate = 16000, speed = 50, volume = 50, pitch = 50, rdn = 2  
[2017/03/17 13:25:29 878] tts        373  ssb|use cloud  
[2017/03/17 13:25:29 878] tts_cloud  1391 SYS_MSG_LOAD_CLOUD  
[2017/03/17 13:25:29 878] tts_cloud  954  TTS_MSG_SSB_CLOUD  
[2017/03/17 13:25:29 879] tts_cloud  977  tts  ctts1P1HaBHNq8uWBZf5jaHC1W91UuHLt0zX  268436457  1488112124  
[2017/03/17 13:25:29 879] tts_cloud  1146 need_decode  true  
[2017/03/17 13:25:29 879] tts_cloud  1147 aue=  speex-wb;7   auf=  audio/L16;rate=16000  
[2017/03/17 13:25:29 879] tts_cloud  1169 User set url is   nil  
[2017/03/17 13:25:29 879] transport  627  paramkvsport is   nil  
[2017/03/17 13:25:29 879] transport  635  ns_enable=  1  
[2017/03/17 13:25:29 879] transport  679  url.full=  nil  
[2017/03/17 13:25:29 879] transport  867  net type:  standard  
[2017/03/17 13:25:29 879] transport  868  net operator:  def  
[2017/03/17 13:25:29 879] transport  869  use proxy:  false  
[2017/03/17 13:25:29 879] transport  992  session.domain=  open.xf-yun.com  
[2017/03/17 13:25:29 879] transport  993  url.host=  open.xf-yun.com  
[2017/03/17 13:25:29 879] transport  1078 using nameserver ip:  59.107.24.5  
[2017/03/17 13:25:29 879] transport  1210 [soc] connect   59.107.24.5  80  
[2017/03/17 13:25:29 879] transport  1227 mspsoc.open,prot_type=  tcp  
[2017/03/17 13:25:29 884] tts        539  TTS_MSG_SSE  
[2017/03/17 13:25:29 884] tts        512  sse|use cloud  
[2017/03/17 13:25:29 884] tts_cloud  1287 TTS_MSG_SSE_CLOUD  
[2017/03/17 13:25:29 884] tts_cloud  844  tts session info  
[2017/03/17 13:25:29 891] tts        546  SYS_MSG_UNLOAD  
