============================================================
Time  2017/03/18 17:18:41 414 
============================================================
[2017/03/18 17:18:41 415] legacyuup  324  SYS_MSG_LOAD  
[2017/03/18 17:18:41 416] legacyuup  237  UUP_MSG_START  
[2017/03/18 17:18:41 416] legacyuup  239  legacyuup  legacyuup_ffe85db  268436457  1488112182  
[2017/03/18 17:18:41 416] legacyuup  282  User set url is   nil  
[2017/03/18 17:18:41 417] transport  627  paramkvsport is   nil  
[2017/03/18 17:18:41 417] transport  635  ns_enable=  1  
[2017/03/18 17:18:41 417] transport  679  url.full=  nil  
[2017/03/18 17:18:41 417] transport  856  switch 80  
[2017/03/18 17:18:41 417] transport  867  net type:  standard  
[2017/03/18 17:18:41 417] transport  868  net operator:  def  
[2017/03/18 17:18:41 417] transport  869  use proxy:  false  
[2017/03/18 17:18:41 417] legacyuup  299  not login!  
[2017/03/18 17:18:42 784] legacyuup  313  UUP_MSG_LGI_RESULT  
[2017/03/18 17:18:42 785] legacyuup  193  [session] send uup request  
[2017/03/18 17:18:42 785] transport  992  session.domain=  open.xf-yun.com  
[2017/03/18 17:18:42 785] transport  993  url.host=  open.xf-yun.com  
[2017/03/18 17:18:42 785] transport  1027 NAMESERVER START  
[2017/03/18 17:18:42 785] transport  1030 name =   asr  
[2017/03/18 17:18:42 785] ns         626  ntt=  standard  
[2017/03/18 17:18:42 785] transport  1033 trans,ns_inprog =  0  
[2017/03/18 17:18:42 785] ns         582  name server start  
[2017/03/18 17:18:42 785] ns         583  ns_sub =   asr  
[2017/03/18 17:18:42 785] ns         585  ns_host=  open.xf-yun.com  
[2017/03/18 17:18:42 785] ns         476  ns_host=  open.xf-yun.com  
[2017/03/18 17:18:42 785] ns         555  GET /sip/resolver?srand=0318171811.32 HTTP/1.1
Host: hdns.openspeech.cn
Connection: Keep-Alive
X-Par: ver=1.3&appid=57ac11ac&operator=UNKNOW&nettype=STANDARD&cver=5.0.29.1151&svc=asr&host=open.xf-yun.com&sign=f97c1db82044ab6e4e37699a3001191b
User-Agent: iFLYCloud

  
[2017/03/18 17:18:42 785] ns         556  net_type =  standard  
[2017/03/18 17:18:42 785] ns         557  cmwapascmnet =  
[2017/03/18 17:18:42 785] ns         558  uniwapasuninet =  
[2017/03/18 17:18:42 785] ns         559  ctwapasctnet =  
[2017/03/18 17:18:42 785] ns         576  host=  hdns.openspeech.cn  
[2017/03/18 17:18:42 785] network    238  gethostbyname  hdns.openspeech.cn  ns_nw2  
[2017/03/18 17:18:42 785] legacyuup  150  lver:  nil  
[2017/03/18 17:18:42 785] legacyuup  155  cfg_ver:  nil  
[2017/03/18 17:18:45 786] transport  309  [dns] [1] timeout!   
[2017/03/18 17:18:45 787] network    88   ipfromenv ,  ipcache  open.xf-yun.com  def  59.107.24.13  
[2017/03/18 17:18:45 787] transport  1210 [soc] connect   59.107.24.13  80  
[2017/03/18 17:18:45 787] transport  1227 mspsoc.open,prot_type=  tcp  
[2017/03/18 17:18:45 787] network    208  dns timeout!  ns_nw2  
[2017/03/18 17:18:45 887] transport  476  [soc] [1] connected  
[2017/03/18 17:18:45 887] transport  1264 build http request.  
[2017/03/18 17:18:45 887] transport  1364 POST /msp.do HTTP/1.1
Host: open.xf-yun.com
Content-Type: multipart/mixed;boundary=--
Content-Length: 853
User-Agent: iFLYCloud
Cache-Control: no-cache
Accept: */*

----
CL:84
CT:text/plain

ver=MSSP+0%2E9&sub=uup&cmd=uup&cver=5%2E0%2E29%2E1151&key=0c4G4KJ85svIz10sMzTVscwA==
----
CL:216
CT:binary/userdata+userword
CE:gzip,encrypt/0.2

ﬂZ„NÔ  
[2017/03/18 17:18:45 888] transport  1684 msg:release()  
[2017/03/18 17:18:45 888] transport  506  [soc] [1] send ok  1026  
[2017/03/18 17:18:45 974] transport  518  [soc] [1] readable  
[2017/03/18 17:18:45 974] transport  1637 HTTP/1.1 200 OK
Content-Type: text/plain
Content-Length: 174
X-Req-Date: 2017/03/18 17:18:45 937
Cache-Control: no-cache
CL: 174
X-Res-Date: 2017/03/18 17:18:45 960

ver=MSSP+0%2E9&ret=0&cver=5%2E0%2E29%2E1151&uid=d6106586316&key=0fueJ^isiTcLJQOccjLZwbQ4lZym/cUNHyQh/dVXcVa^Q^HBywnTxKrRdKbraiH^^XWg^teRfX6BnjehTfGazlhxmhs5T9hkCh43oU3xms5Yc=  
[2017/03/18 17:18:45 974] transport  1383 a_complete_httpmessage  200  
[2017/03/18 17:18:45 974] transport  1493 is_update  true  
[2017/03/18 17:18:45 974] legacyuup  70   [trans] [id = uuplegacyuup_ffe85db] readable  
[2017/03/18 17:18:45 975] network    88   ipfromenv ,  ipcache  open.xf-yun.com  def  59.107.24.13  
[2017/03/18 17:18:45 975] transport  933  iplist not avail  
[2017/03/18 17:18:45 975] transport  1242 [soc] disconnect   
[2017/03/18 17:18:45 976] legacyuup  80   uup ok!  
[2017/03/18 17:18:45 976] legacyuup  333  SYS_MSG_UNLOAD  
