============================================================
Time  2017/03/17 17:46:15 031 
============================================================
[2017/03/17 17:46:15 032] legacyuup  324  SYS_MSG_LOAD  
[2017/03/17 17:46:15 032] legacyuup  237  UUP_MSG_START  
[2017/03/17 17:46:15 032] legacyuup  239  legacyuup  legacyuup_d6dede5  268436457  1488112182  
[2017/03/17 17:46:15 033] legacyuup  282  User set url is   nil  
[2017/03/17 17:46:15 033] transport  627  paramkvsport is   nil  
[2017/03/17 17:46:15 033] transport  635  ns_enable=  1  
[2017/03/17 17:46:15 033] transport  679  url.full=  nil  
[2017/03/17 17:46:15 033] transport  856  switch 80  
[2017/03/17 17:46:15 033] transport  867  net type:  standard  
[2017/03/17 17:46:15 033] transport  868  net operator:  def  
[2017/03/17 17:46:15 033] transport  869  use proxy:  false  
[2017/03/17 17:46:15 033] legacyuup  299  not login!  
[2017/03/17 17:46:18 164] legacyuup  313  UUP_MSG_LGI_RESULT  
[2017/03/17 17:46:18 165] legacyuup  193  [session] send uup request  
[2017/03/17 17:46:18 165] transport  992  session.domain=  open.xf-yun.com  
[2017/03/17 17:46:18 165] transport  993  url.host=  open.xf-yun.com  
[2017/03/17 17:46:18 165] transport  1027 NAMESERVER START  
[2017/03/17 17:46:18 165] transport  1030 name =   asr  
[2017/03/17 17:46:18 165] ns         626  ntt=  standard  
[2017/03/17 17:46:18 165] transport  1033 trans,ns_inprog =  0  
[2017/03/17 17:46:18 165] ns         582  name server start  
[2017/03/17 17:46:18 165] ns         583  ns_sub =   asr  
[2017/03/17 17:46:18 165] ns         585  ns_host=  open.xf-yun.com  
[2017/03/17 17:46:18 165] ns         476  ns_host=  open.xf-yun.com  
[2017/03/17 17:46:18 165] ns         555  GET /sip/resolver?srand=0317174611.32 HTTP/1.1
Host: hdns.openspeech.cn
Connection: Keep-Alive
X-Par: ver=1.3&appid=57ac11ac&operator=UNKNOW&nettype=STANDARD&cver=5.0.29.1151&svc=asr&host=open.xf-yun.com&sign=1d699b5da07deafaaf39f6db89e41a94
User-Agent: iFLYCloud

  
[2017/03/17 17:46:18 165] ns         556  net_type =  standard  
[2017/03/17 17:46:18 165] ns         557  cmwapascmnet =  
[2017/03/17 17:46:18 165] ns         558  uniwapasuninet =  
[2017/03/17 17:46:18 165] ns         559  ctwapasctnet =  
[2017/03/17 17:46:18 165] ns         576  host=  hdns.openspeech.cn  
[2017/03/17 17:46:18 165] network    238  gethostbyname  hdns.openspeech.cn  ns_nw2  
[2017/03/17 17:46:18 166] legacyuup  150  lver:  nil  
[2017/03/17 17:46:18 166] legacyuup  155  cfg_ver:  nil  
[2017/03/17 17:46:21 166] network    208  dns timeout!  ns_nw2  
[2017/03/17 17:46:21 167] transport  309  [dns] [1] timeout!   
[2017/03/17 17:46:21 168] network    88   ipfromenv ,  ipcache  open.xf-yun.com  def  nil  
[2017/03/17 17:46:21 168] network    88   ipfromenv ,  ipcfg  open.xf-yun.com  def  nil  
[2017/03/17 17:46:21 168] transport  1210 [soc] connect   116.213.69.195  80  
[2017/03/17 17:46:21 168] transport  1227 mspsoc.open,prot_type=  tcp  
[2017/03/17 17:46:21 268] transport  476  [soc] [1] connected  
[2017/03/17 17:46:21 268] transport  1264 build http request.  
[2017/03/17 17:46:21 269] transport  1364 POST /msp.do HTTP/1.1
Host: open.xf-yun.com
Content-Type: multipart/mixed;boundary=--
Content-Length: 853
User-Agent: iFLYCloud
Cache-Control: no-cache
Accept: */*

----
CL:84
CT:text/plain

ver=MSSP+0%2E9&sub=uup&cmd=uup&cver=5%2E0%2E29%2E1151&key=0c4G4KJ85svIz10sMzTVscwA==
----
CL:216
CT:binary/userdata+userword
CE:gzip,encrypt/0.2

ﬂZ„NÔ  
[2017/03/17 17:46:21 270] transport  1684 msg:release()  
[2017/03/17 17:46:21 270] transport  506  [soc] [1] send ok  1026  
[2017/03/17 17:46:21 367] transport  518  [soc] [1] readable  
[2017/03/17 17:46:21 367] transport  1637 HTTP/1.1 200 OK
Content-Type: text/plain
Content-Length: 174
X-Req-Date: 2017/03/17 17:46:23 226
Cache-Control: no-cache
CL: 174
X-Res-Date: 2017/03/17 17:46:23 248

ver=MSSP+0%2E9&ret=0&cver=5%2E0%2E29%2E1151&uid=d6106586316&key=0fndQV6/xR^oE^p7vuzpKdW^FV/ieXETJ1qeL83RO^3ck^HBywnTxKrRdKbraiH^^XWg^teRfX6BnjehTfGazlhxmhs5T9hkCh43oU3xms5Yc=  
[2017/03/17 17:46:21 367] transport  1383 a_complete_httpmessage  200  
[2017/03/17 17:46:21 367] transport  1493 is_update  true  
[2017/03/17 17:46:21 367] transport  1497 port updated  80  
[2017/03/17 17:46:21 367] transport  1499 switch  80  
[2017/03/17 17:46:21 367] legacyuup  70   [trans] [id = uuplegacyuup_d6dede5] readable  
[2017/03/17 17:46:21 368] network    88   ipfromenv ,  ipcache  open.xf-yun.com  def  nil  
[2017/03/17 17:46:21 368] transport  933  iplist not avail  
[2017/03/17 17:46:21 368] transport  1242 [soc] disconnect   
[2017/03/17 17:46:21 369] legacyuup  80   uup ok!  
[2017/03/17 17:46:21 369] legacyuup  333  SYS_MSG_UNLOAD  
