============================================================
Time  2017/03/14 09:50:15 130 
============================================================
[2017/03/14 09:50:15 131] legacyuup  324  SYS_MSG_LOAD  
[2017/03/14 09:50:15 132] legacyuup  237  UUP_MSG_START  
[2017/03/14 09:50:15 132] legacyuup  239  legacyuup  legacyuup_504479f  268436457  1488112182  
[2017/03/14 09:50:15 132] legacyuup  282  User set url is   nil  
[2017/03/14 09:50:15 132] transport  627  paramkvsport is   nil  
[2017/03/14 09:50:15 132] transport  635  ns_enable=  1  
[2017/03/14 09:50:15 132] transport  679  url.full=  nil  
[2017/03/14 09:50:15 132] transport  856  switch 80  
[2017/03/14 09:50:15 132] transport  867  net type:  standard  
[2017/03/14 09:50:15 132] transport  868  net operator:  def  
[2017/03/14 09:50:15 132] transport  869  use proxy:  false  
[2017/03/14 09:50:15 132] legacyuup  299  not login!  
[2017/03/14 09:50:15 239] legacyuup  313  UUP_MSG_LGI_RESULT  
[2017/03/14 09:50:15 239] legacyuup  193  [session] send uup request  
[2017/03/14 09:50:15 239] transport  992  session.domain=  open.xf-yun.com  
[2017/03/14 09:50:15 239] transport  993  url.host=  open.xf-yun.com  
[2017/03/14 09:50:15 239] transport  1027 NAMESERVER START  
[2017/03/14 09:50:15 240] transport  1030 name =   asr  
[2017/03/14 09:50:15 240] ns         626  ntt=  standard  
[2017/03/14 09:50:15 240] transport  1033 trans,ns_inprog =  0  
[2017/03/14 09:50:15 240] ns         582  name server start  
[2017/03/14 09:50:15 240] ns         583  ns_sub =   asr  
[2017/03/14 09:50:15 240] ns         585  ns_host=  open.xf-yun.com  
[2017/03/14 09:50:15 240] ns         476  ns_host=  open.xf-yun.com  
[2017/03/14 09:50:15 240] ns         555  GET /sip/resolver?srand=0314095011.32 HTTP/1.1
Host: hdns.openspeech.cn
Connection: Keep-Alive
X-Par: ver=1.3&appid=57ac11ac&operator=UNKNOW&nettype=STANDARD&cver=5.0.29.1151&svc=asr&host=open.xf-yun.com&sign=64230d2f13fd922c744d392d84680cac
User-Agent: iFLYCloud

  
[2017/03/14 09:50:15 240] ns         556  net_type =  standard  
[2017/03/14 09:50:15 240] ns         557  cmwapascmnet =  
[2017/03/14 09:50:15 240] ns         558  uniwapasuninet =  
[2017/03/14 09:50:15 240] ns         559  ctwapasctnet =  
[2017/03/14 09:50:15 240] ns         576  host=  hdns.openspeech.cn  
[2017/03/14 09:50:15 240] network    238  gethostbyname  hdns.openspeech.cn  ns_nw2  
[2017/03/14 09:50:15 240] legacyuup  150  lver:  nil  
[2017/03/14 09:50:15 240] legacyuup  155  cfg_ver:  nil  
[2017/03/14 09:50:15 274] network    220  dns resp  0  ns_nw2  
[2017/03/14 09:50:15 274] ns         425  ns dns ok  117.121.56.5  
[2017/03/14 09:50:15 274] ns         212  ip front is  117.121.56  
[2017/03/14 09:50:15 274] ns         217  warning: ip not found in ip_list  
[2017/03/14 09:50:15 274] ns         432  is_voicecloud_ip=  1  
[2017/03/14 09:50:15 274] ns         439  ip_is_expected=  true  
[2017/03/14 09:50:15 274] ns         447  ip_is_expected=  true  
[2017/03/14 09:50:15 274] network    417  gethttpresp2  117.121.56.5  80  _nw3  
[2017/03/14 09:50:15 304] transport  142  [dns] [1] response 59.107.24.13  
[2017/03/14 09:50:15 304] transport  152  59  107  24  13  
[2017/03/14 09:50:15 304] transport  203  ipv =  v4  
[2017/03/14 09:50:15 304] transport  207  dns ip is v4  
[2017/03/14 09:50:15 304] transport  188  ip front is  59.107.24  
[2017/03/14 09:50:15 304] transport  261  expected ip  
[2017/03/14 09:50:15 304] network    93   iptoenv ,  ipcache  open.xf-yun.com  def  59.107.24.13  
[2017/03/14 09:50:15 305] transport  291  dns cb start conn  
[2017/03/14 09:50:15 305] transport  1210 [soc] connect   59.107.24.13  80  
[2017/03/14 09:50:15 305] transport  1227 mspsoc.open,prot_type=  tcp  
[2017/03/14 09:50:15 316] network    323  connected  _nw3  
[2017/03/14 09:50:15 317] transport  476  [soc] [1] connected  
[2017/03/14 09:50:15 317] transport  1264 build http request.  
[2017/03/14 09:50:15 317] transport  1364 POST /msp.do HTTP/1.1
Host: open.xf-yun.com
Content-Type: multipart/mixed;boundary=--
Content-Length: 853
User-Agent: iFLYCloud
Cache-Control: no-cache
Accept: */*

----
CL:84
CT:text/plain

ver=MSSP+0%2E9&sub=uup&cmd=uup&cver=5%2E0%2E29%2E1151&key=0c4G4KJ85svIz10sMzTVscwA==
----
CL:216
CT:binary/userdata+userword
CE:gzip,encrypt/0.2

ﬂZ„NÔ  
[2017/03/14 09:50:15 318] transport  1684 msg:release()  
[2017/03/14 09:50:15 318] network    326  send ok  271  _nw3  
[2017/03/14 09:50:15 318] transport  506  [soc] [1] send ok  1026  
[2017/03/14 09:50:15 338] transport  518  [soc] [1] readable  
[2017/03/14 09:50:15 338] transport  1637 HTTP/1.1 200 OK
Content-Type: text/plain
Content-Length: 174
X-Req-Date: 2017/03/14 09:50:15 179
Cache-Control: no-cache
CL: 174
X-Res-Date: 2017/03/14 09:50:15 191

ver=MSSP+0%2E9&ret=0&cver=5%2E0%2E29%2E1151&uid=d6106586316&key=0fKa/bgpL3K34HyDKtqqtuy3ljM3TbusEoHRe/Hf9idbQ^HBywnTxKrRdKbraiH^^XWg^teRfX6BnjehTfGazlhxmhs5T9hkCh43oU3xms5Yc=  
[2017/03/14 09:50:15 338] transport  1383 a_complete_httpmessage  200  
[2017/03/14 09:50:15 338] transport  1493 is_update  true  
[2017/03/14 09:50:15 338] legacyuup  70   [trans] [id = uuplegacyuup_504479f] readable  
[2017/03/14 09:50:15 338] network    88   ipfromenv ,  ipcache  open.xf-yun.com  def  59.107.24.13  
[2017/03/14 09:50:15 339] transport  942  cached ip is confirmed  
[2017/03/14 09:50:15 339] transport  1242 [soc] disconnect   
[2017/03/14 09:50:15 340] legacyuup  80   uup ok!  
[2017/03/14 09:50:15 340] legacyuup  333  SYS_MSG_UNLOAD  
