============================================================
Time  2017/12/08 15:15:20 890 
============================================================
[2017/12/08 15:15:20 890] lgi        649  SYS_MSG_LOAD  
[2017/12/08 15:15:20 891] lgi        671  SYS_MSG_REGCB  msp_status_cb  func(ec013ab0) 
[2017/12/08 15:15:20 891] lgi        295  LGI_MSG_INIT  
[2017/12/08 15:15:20 891] lgi        302  lgi  lgi_  268436457  1504680670  
[2017/12/08 15:15:20 891] lgi        336  lgi_params:  appid = 57ac11ac, work_dir = .  
[2017/12/08 15:15:20 891] lgi        350  auth_time_str=  2017/12/08 15:15:20  
[2017/12/08 15:15:20 891] lgi        356  auth_appid=  57ac11ac  
[2017/12/08 15:15:20 891] lgi        367  token:  nil  
[2017/12/08 15:15:20 891] lgi        441  msc_cver:  5.2.0.1054  
[2017/12/08 15:15:20 892] lgi        484  ns_enable=  1  
[2017/12/08 15:15:20 892] lgi        496  prot_ver=1  
[2017/12/08 15:15:20 892] lgi        507  prot_type=tcp  
[2017/12/08 15:15:20 892] lgi        658  SYS_MSG_UNLOAD  go bg!  
[2017/12/08 15:15:20 900] lgi        563  LGI_MSG_START, caller =  legacyuup_140ad16  
[2017/12/08 15:15:20 900] lgi        569  lgistat =   0  
[2017/12/08 15:15:20 901] lgi        595  lgi_auth_id =  nil  
[2017/12/08 15:15:20 901] config     83   select default  
[2017/12/08 15:15:20 901] config     105  use general cloud  
[2017/12/08 15:15:20 901] transport  646  paramkvsport is   0  
[2017/12/08 15:15:20 901] transport  658  ns_enable=  1  
[2017/12/08 15:15:20 901] transport  673  url.full=  nil  
[2017/12/08 15:15:20 901] transport  674  urltmp=  nil  
[2017/12/08 15:15:20 901] transport  678  server_url_host=, server_url_port=, server_url_path=  open.xf-yun.com  nil  /msp.do  
[2017/12/08 15:15:20 901] transport  706  url.full=  nil  
[2017/12/08 15:15:20 901] transport  895  net type:  standard  
[2017/12/08 15:15:20 901] transport  896  net operator:  def  
[2017/12/08 15:15:20 901] transport  897  use proxy:  false  
[2017/12/08 15:15:20 901] lgi        274  [session] send lgi request  
[2017/12/08 15:15:20 901] transport  1098 session.domain=  open.xf-yun.com  
[2017/12/08 15:15:20 901] transport  1099 url.host=  open.xf-yun.com  
[2017/12/08 15:15:20 901] network    89   ipfromenv ,  ipcache  open.xf-yun.com  def  nil  
[2017/12/08 15:15:20 902] lgi        241  lver:  nil  
[2017/12/08 15:15:20 902] lgi        246  cfg_ver:  nil  
[2017/12/08 15:15:20 902] transport  1845 transport_obj.send | in  
[2017/12/08 15:15:20 902] transport  1851 self.msg_flag_q  table(ec052a00) 
[2017/12/08 15:15:20 902] transport  1852 self.msg_q  table(ec0529b0) 
[2017/12/08 15:15:20 902] transport  1784 transport_obj.try2send | in  
[2017/12/08 15:15:20 902] transport  1785 self.soc  nil  
[2017/12/08 15:15:20 902] transport  1786 self.connected  false  
[2017/12/08 15:15:20 902] transport  1787 self.latesterr  0  
[2017/12/08 15:15:20 902] transport  1858 transport_obj.send | out  
[2017/12/08 15:15:20 902] lgi        682  last gc at  1512717320  
[2017/12/08 15:15:20 941] transport  194  [dns] [1] response 117.121.21.150  
[2017/12/08 15:15:20 941] transport  203  117  121  21  150  
[2017/12/08 15:15:20 941] transport  206  ipv =  v4  
[2017/12/08 15:15:20 941] transport  210  dns ip is v4  
[2017/12/08 15:15:20 941] transport  126  iplist not avail  
[2017/12/08 15:15:20 944] transport  249  no iplist now  
[2017/12/08 15:15:20 944] network    94   iptoenv ,  ipcache  open.xf-yun.com  def  117.121.21.150  
[2017/12/08 15:15:20 945] transport  293  dns cb start conn  
[2017/12/08 15:15:20 945] transport  1294 [soc] connect   117.121.21.150  80  
[2017/12/08 15:15:20 945] transport  1306 mspsoc.open,prot_type=  tcp  
[2017/12/08 15:15:21 016] transport  476  [soc] [1] connected  
[2017/12/08 15:15:21 016] transport  1784 transport_obj.try2send | in  
[2017/12/08 15:15:21 017] transport  1785 self.soc  udata(ec0533f8) 
[2017/12/08 15:15:21 017] transport  1786 self.connected  true  
[2017/12/08 15:15:21 017] transport  1787 self.latesterr  0  
[2017/12/08 15:15:21 017] transport  1804 transport:try2send,#msg_q=  1  
[2017/12/08 15:15:21 017] transport  1348 build http request.  
[2017/12/08 15:15:21 017] transport  1462 POST /msp.do HTTP/1.1
Host: open.xf-yun.com
Content-Type: multipart/mixed;boundary=--
Content-Length: 363
User-Agent: iFLYCloud
Cache-Control: no-cache
Accept: */*

----
CL:72
CT:text/plain

ver=MSSP+0%2E9&sub=auth&cmd=lgi&cver=5%2E2%2E0%2E1054&key=08AenSektUIuM=
----
CL:56
CT:text/appinfo
CE:gzip,encrypt/0.2

ÌqÔ¢aWZÙòÅ  
[2017/12/08 15:15:21 020] transport  1804 transport:try2send,#msg_q=  0  
[2017/12/08 15:15:21 020] transport  485  [soc] [1] send ok  536  
[2017/12/08 15:15:21 020] transport  1784 transport_obj.try2send | in  
[2017/12/08 15:15:21 020] transport  1785 self.soc  udata(ec0533f8) 
[2017/12/08 15:15:21 020] transport  1786 self.connected  true  
[2017/12/08 15:15:21 020] transport  1787 self.latesterr  0  
[2017/12/08 15:15:21 020] transport  1804 transport:try2send,#msg_q=  0  
[2017/12/08 15:15:21 090] transport  497  [soc] [1] readable  
[2017/12/08 15:15:21 090] transport  1752 HTTP/1.1 200 OK
Content-Type: text/plain
Content-Length: 161
X-Req-Date: 2017/12/08 15:08:55 101
Cache-Control: no-cache
CL: 161
X-Res-Date: 2017/12/08 15:08:55 115

ver=MSSP+0%2E9&ret=0&cver=5%2E2%2E0%2E1054&uid=d8689807772&key=0bTHhpKNZB017IK2i7GkXaRpdVLHF64YHH2^Y63m8PjjK^^GHVr44O7D66AQnKn/rcgnSTAO9mbAD4O375yqNX3fg7fvnKo1fd  
[2017/12/08 15:15:21 091] transport  1480 a_complete_httpmessage  200  
[2017/12/08 15:15:21 091] transport  1590 is_update  false  
[2017/12/08 15:15:21 091] lgi        99   [trans] [id = lgi_] readable  
[2017/12/08 15:15:21 092] network    89   ipfromenv ,  ipcache  open.xf-yun.com  def  117.121.21.150  
[2017/12/08 15:15:21 092] transport  969  cached ip is confirmed  
[2017/12/08 15:15:21 092] transport  1321 [soc] disconnect  
[2017/12/08 15:15:21 093] transport  980  transport clean  
[2017/12/08 15:15:21 093] lgi        132  lgi resp!  
[2017/12/08 15:15:21 093] lgi        139  lgi ok!  
[2017/12/08 15:15:21 093] lgi        69   notify_lgi_result, ret=  0  loginid=  d8689807772@57ac11ac  
[2017/12/08 15:15:21 095] lgi        148  unkown  d8689807772  
[2017/12/08 15:15:21 297] lgi        563  LGI_MSG_START, caller =  cloud_cisr1P1HHBHX0oiWHE0ghaaCaSPgyBHB1Im  
[2017/12/08 15:15:21 297] lgi        569  lgistat =   2  
[2017/12/08 15:15:36 097] lgi        94   lgi_delaydie_timeout  
============================================================
Time  2017/12/08 15:18:50 720 
============================================================
[2017/12/08 15:18:50 720] lgi        649  SYS_MSG_LOAD  
[2017/12/08 15:18:50 723] lgi        671  SYS_MSG_REGCB  msp_status_cb  func(64056710) 
[2017/12/08 15:18:50 723] lgi        295  LGI_MSG_INIT  
[2017/12/08 15:18:50 723] lgi        302  lgi  lgi_  268436457  1504680670  
[2017/12/08 15:18:50 723] lgi        336  lgi_params:  appid = 57ac11ac, work_dir = .  
[2017/12/08 15:18:50 723] lgi        350  auth_time_str=  2017/12/08 15:18:50  
[2017/12/08 15:18:50 723] lgi        356  auth_appid=  57ac11ac  
[2017/12/08 15:18:50 723] lgi        367  token:  nil  
[2017/12/08 15:18:50 723] lgi        441  msc_cver:  5.2.0.1054  
[2017/12/08 15:18:50 732] lgi        484  ns_enable=  1  
[2017/12/08 15:18:50 732] lgi        496  prot_ver=1  
[2017/12/08 15:18:50 732] lgi        507  prot_type=tcp  
[2017/12/08 15:18:50 732] lgi        658  SYS_MSG_UNLOAD  go bg!  
[2017/12/08 15:18:51 886] lgi        563  LGI_MSG_START, caller =  legacyuup_143e543  
[2017/12/08 15:18:51 886] lgi        569  lgistat =   0  
[2017/12/08 15:18:51 886] lgi        595  lgi_auth_id =  nil  
[2017/12/08 15:18:51 886] config     83   select default  
[2017/12/08 15:18:51 886] config     105  use general cloud  
[2017/12/08 15:18:51 886] transport  646  paramkvsport is   0  
[2017/12/08 15:18:51 886] transport  658  ns_enable=  1  
[2017/12/08 15:18:51 886] transport  673  url.full=  nil  
[2017/12/08 15:18:51 886] transport  674  urltmp=  nil  
[2017/12/08 15:18:51 886] transport  678  server_url_host=, server_url_port=, server_url_path=  open.xf-yun.com  nil  /msp.do  
[2017/12/08 15:18:51 886] transport  706  url.full=  nil  
[2017/12/08 15:18:51 887] transport  895  net type:  standard  
[2017/12/08 15:18:51 887] transport  896  net operator:  def  
[2017/12/08 15:18:51 887] transport  897  use proxy:  false  
[2017/12/08 15:18:51 887] lgi        274  [session] send lgi request  
[2017/12/08 15:18:51 887] transport  1098 session.domain=  open.xf-yun.com  
[2017/12/08 15:18:51 887] transport  1099 url.host=  open.xf-yun.com  
[2017/12/08 15:18:51 887] network    89   ipfromenv ,  ipcache  open.xf-yun.com  def  nil  
[2017/12/08 15:18:51 887] lgi        241  lver:  nil  
[2017/12/08 15:18:51 887] lgi        246  cfg_ver:  nil  
[2017/12/08 15:18:51 887] transport  1845 transport_obj.send | in  
[2017/12/08 15:18:51 887] transport  1851 self.msg_flag_q  table(6401ab30) 
[2017/12/08 15:18:51 887] transport  1852 self.msg_q  table(6402cde0) 
[2017/12/08 15:18:51 888] transport  1784 transport_obj.try2send | in  
[2017/12/08 15:18:51 888] transport  1785 self.soc  nil  
[2017/12/08 15:18:51 888] transport  1786 self.connected  false  
[2017/12/08 15:18:51 888] transport  1787 self.latesterr  0  
[2017/12/08 15:18:51 888] transport  1858 transport_obj.send | out  
[2017/12/08 15:18:51 888] lgi        682  last gc at  1512717530  
[2017/12/08 15:18:51 988] transport  194  [dns] [1] response 117.121.21.147  
[2017/12/08 15:18:51 988] transport  203  117  121  21  147  
[2017/12/08 15:18:51 988] transport  206  ipv =  v4  
[2017/12/08 15:18:51 988] transport  210  dns ip is v4  
[2017/12/08 15:18:51 988] transport  126  iplist not avail  
[2017/12/08 15:18:51 991] transport  249  no iplist now  
[2017/12/08 15:18:51 991] network    94   iptoenv ,  ipcache  open.xf-yun.com  def  117.121.21.147  
[2017/12/08 15:18:51 992] transport  293  dns cb start conn  
[2017/12/08 15:18:51 992] transport  1294 [soc] connect   117.121.21.147  80  
[2017/12/08 15:18:51 992] transport  1306 mspsoc.open,prot_type=  tcp  
[2017/12/08 15:18:52 064] transport  476  [soc] [1] connected  
[2017/12/08 15:18:52 064] transport  1784 transport_obj.try2send | in  
[2017/12/08 15:18:52 064] transport  1785 self.soc  udata(64053378) 
[2017/12/08 15:18:52 064] transport  1786 self.connected  true  
[2017/12/08 15:18:52 064] transport  1787 self.latesterr  0  
[2017/12/08 15:18:52 064] transport  1804 transport:try2send,#msg_q=  1  
[2017/12/08 15:18:52 064] transport  1348 build http request.  
[2017/12/08 15:18:52 064] transport  1462 POST /msp.do HTTP/1.1
Host: open.xf-yun.com
Content-Type: multipart/mixed;boundary=--
Content-Length: 363
User-Agent: iFLYCloud
Cache-Control: no-cache
Accept: */*

----
CL:72
CT:text/plain

ver=MSSP+0%2E9&sub=auth&cmd=lgi&cver=5%2E2%2E0%2E1054&key=08AenSektUIuM=
----
CL:56
CT:text/appinfo
CE:gzip,encrypt/0.2

ÌqÔ¢aWZÙòÅ  
[2017/12/08 15:18:52 065] transport  1804 transport:try2send,#msg_q=  0  
[2017/12/08 15:18:52 065] transport  485  [soc] [1] send ok  536  
[2017/12/08 15:18:52 065] transport  1784 transport_obj.try2send | in  
[2017/12/08 15:18:52 065] transport  1785 self.soc  udata(64053378) 
[2017/12/08 15:18:52 065] transport  1786 self.connected  true  
[2017/12/08 15:18:52 065] transport  1787 self.latesterr  0  
[2017/12/08 15:18:52 065] transport  1804 transport:try2send,#msg_q=  0  
[2017/12/08 15:18:52 122] transport  497  [soc] [1] readable  
[2017/12/08 15:18:52 122] transport  1752 HTTP/1.1 200 OK
Content-Type: text/plain
Content-Length: 161
X-Req-Date: 2017/12/08 15:18:52 110
Cache-Control: no-cache
CL: 161
X-Res-Date: 2017/12/08 15:18:52 128

ver=MSSP+0%2E9&ret=0&cver=5%2E2%2E0%2E1054&uid=d8689807772&key=0bajrGYhPF^rQecyTtQN7XEDXXVjhpcNmIK5VUB/nY0CO^^GHVr44O7D66AQnKn/rcgnSTAO9mbAD4O375yqNX3fg7fvnKo1fd  
[2017/12/08 15:18:52 122] transport  1480 a_complete_httpmessage  200  
[2017/12/08 15:18:52 122] transport  1590 is_update  false  
[2017/12/08 15:18:52 122] lgi        99   [trans] [id = lgi_] readable  
[2017/12/08 15:18:52 124] network    89   ipfromenv ,  ipcache  open.xf-yun.com  def  117.121.21.147  
[2017/12/08 15:18:52 124] transport  960  iplist not avail  
[2017/12/08 15:18:52 124] transport  1321 [soc] disconnect  
[2017/12/08 15:18:52 125] transport  980  transport clean  
[2017/12/08 15:18:52 125] lgi        132  lgi resp!  
[2017/12/08 15:18:52 125] lgi        139  lgi ok!  
[2017/12/08 15:18:52 125] lgi        69   notify_lgi_result, ret=  0  loginid=  d8689807772@57ac11ac  
[2017/12/08 15:18:52 128] lgi        148  unkown  d8689807772  
[2017/12/08 15:19:00 110] lgi        563  LGI_MSG_START, caller =  cloud_cisr1P1HHBHX0ofvHpm-HaauQGdTIlRWCIK  
[2017/12/08 15:19:00 110] lgi        569  lgistat =   2  
[2017/12/08 15:19:07 129] lgi        94   lgi_delaydie_timeout  
