This file contains any messages produced by compilers while
running configure, to aid debugging if configure makes a mistake.

It was created by GStreamer Libav configure 0.10.13, which was
generated by GNU Autoconf 2.69.  Invocation command line was

  $ ./configure 

## --------- ##
## Platform. ##
## --------- ##

hostname = ubuntu
uname -m = x86_64
uname -r = 4.4.0-112-generic
uname -s = Linux
uname -v = #135-Ubuntu SMP Fri Jan 19 11:48:36 UTC 2018

/usr/bin/uname -p = unknown
/bin/uname -X     = unknown

/bin/arch              = unknown
/usr/bin/arch -k       = unknown
/usr/convex/getsysinfo = unknown
/usr/bin/hostinfo      = unknown
/bin/machine           = unknown
/usr/bin/oslevel       = unknown
/bin/universe          = unknown

PATH: /usr/java8u161/jdk1.8.0_161/bin
PATH: /home/goeful/bin
PATH: /home/goeful/.local/bin
PATH: /usr/local/sbin
PATH: /usr/local/bin
PATH: /usr/sbin
PATH: /usr/bin
PATH: /sbin
PATH: /bin
PATH: /usr/games
PATH: /usr/local/games
PATH: /snap/bin
PATH: /opt/hisi-linux/x86-arm/arm-hisiv200-linux/bin
PATH: /opt/gcc-4.4.4-glibc-2.11.1-multilib-1.0/arm-fsl-linux-gnueabi/bin
PATH: /opt/hisi-linux/x86-arm/arm-hisiv200-linux/target/bin


## ----------- ##
## Core tests. ##
## ----------- ##

configure:2554: checking for a BSD-compatible install
configure:2622: result: /usr/bin/install -c
configure:2633: checking whether build environment is sane
configure:2688: result: yes
configure:2839: checking for a thread-safe mkdir -p
configure:2878: result: /bin/mkdir -p
configure:2885: checking for gawk
configure:2901: found /usr/bin/gawk
configure:2912: result: gawk
configure:2923: checking whether make sets $(MAKE)
configure:2945: result: yes
configure:2974: checking whether make supports nested variables
configure:2991: result: yes
configure:3129: checking nano version
configure:3135: result: 0 (release)
configure:3161: checking whether to enable maintainer-specific portions of Makefiles
configure:3170: result: no
configure:3188: checking build system type
configure:3202: result: x86_64-unknown-linux-gnu
configure:3222: checking host system type
configure:3235: result: x86_64-unknown-linux-gnu
configure:3267: checking whether make supports nested variables
configure:3284: result: yes
configure:3657: checking how to print strings
configure:3684: result: printf
configure:3717: checking for style of include used by make
configure:3745: result: GNU
configure:3816: checking for gcc
configure:3832: found /usr/bin/gcc
configure:3843: result: gcc
configure:4072: checking for C compiler version
configure:4081: gcc --version >&5
gcc (Ubuntu 5.4.0-6ubuntu1~16.04.6) 5.4.0 20160609
Copyright (C) 2015 Free Software Foundation, Inc.
This is free software; see the source for copying conditions.  There is NO
warranty; not even for MERCHANTABILITY or FITNESS FOR A PARTICULAR PURPOSE.

configure:4092: $? = 0
configure:4081: gcc -v >&5
Using built-in specs.
COLLECT_GCC=gcc
COLLECT_LTO_WRAPPER=/usr/lib/gcc/x86_64-linux-gnu/5/lto-wrapper
Target: x86_64-linux-gnu
Configured with: ../src/configure -v --with-pkgversion='Ubuntu 5.4.0-6ubuntu1~16.04.6' --with-bugurl=file:///usr/share/doc/gcc-5/README.Bugs --enable-languages=c,ada,c++,java,go,d,fortran,objc,obj-c++ --prefix=/usr --program-suffix=-5 --enable-shared --enable-linker-build-id --libexecdir=/usr/lib --without-included-gettext --enable-threads=posix --libdir=/usr/lib --enable-nls --with-sysroot=/ --enable-clocale=gnu --enable-libstdcxx-debug --enable-libstdcxx-time=yes --with-default-libstdcxx-abi=new --enable-gnu-unique-object --disable-vtable-verify --enable-libmpx --enable-plugin --with-system-zlib --disable-browser-plugin --enable-java-awt=gtk --enable-gtk-cairo --with-java-home=/usr/lib/jvm/java-1.5.0-gcj-5-amd64/jre --enable-java-home --with-jvm-root-dir=/usr/lib/jvm/java-1.5.0-gcj-5-amd64 --with-jvm-jar-dir=/usr/lib/jvm-exports/java-1.5.0-gcj-5-amd64 --with-arch-directory=amd64 --with-ecj-jar=/usr/share/java/eclipse-ecj.jar --enable-objc-gc --enable-multiarch --disable-werror --with-arch-32=i686 --with-abi=m64 --with-multilib-list=m32,m64,mx32 --enable-multilib --with-tune=generic --enable-checking=release --build=x86_64-linux-gnu --host=x86_64-linux-gnu --target=x86_64-linux-gnu
Thread model: posix
gcc version 5.4.0 20160609 (Ubuntu 5.4.0-6ubuntu1~16.04.6) 
configure:4092: $? = 0
configure:4081: gcc -V >&5
gcc: error: unrecognized command line option '-V'
gcc: fatal error: no input files
compilation terminated.
configure:4092: $? = 1
configure:4081: gcc -qversion >&5
gcc: error: unrecognized command line option '-qversion'
gcc: fatal error: no input files
compilation terminated.
configure:4092: $? = 1
configure:4112: checking whether the C compiler works
configure:4134: gcc    conftest.c  >&5
configure:4138: $? = 0
configure:4186: result: yes
configure:4189: checking for C compiler default output file name
configure:4191: result: a.out
configure:4197: checking for suffix of executables
configure:4204: gcc -o conftest    conftest.c  >&5
configure:4208: $? = 0
configure:4230: result: 
configure:4252: checking whether we are cross compiling
configure:4260: gcc -o conftest    conftest.c  >&5
configure:4264: $? = 0
configure:4271: ./conftest
configure:4275: $? = 0
configure:4290: result: no
configure:4295: checking for suffix of object files
configure:4317: gcc -c   conftest.c >&5
configure:4321: $? = 0
configure:4342: result: o
configure:4346: checking whether we are using the GNU C compiler
configure:4365: gcc -c   conftest.c >&5
configure:4365: $? = 0
configure:4374: result: yes
configure:4383: checking whether gcc accepts -g
configure:4403: gcc -c -g  conftest.c >&5
configure:4403: $? = 0
configure:4444: result: yes
configure:4461: checking for gcc option to accept ISO C89
configure:4524: gcc  -c -g -O2  conftest.c >&5
configure:4524: $? = 0
configure:4537: result: none needed
configure:4562: checking whether gcc understands -c and -o together
configure:4584: gcc -c conftest.c -o conftest2.o
configure:4587: $? = 0
configure:4584: gcc -c conftest.c -o conftest2.o
configure:4587: $? = 0
configure:4599: result: yes
configure:4618: checking dependency style of gcc
configure:4729: result: gcc3
configure:4744: checking for a sed that does not truncate output
configure:4808: result: /bin/sed
configure:4826: checking for grep that handles long lines and -e
configure:4884: result: /bin/grep
configure:4889: checking for egrep
configure:4951: result: /bin/grep -E
configure:4956: checking for fgrep
configure:5018: result: /bin/grep -F
configure:5053: checking for ld used by gcc
configure:5120: result: /usr/bin/ld
configure:5127: checking if the linker (/usr/bin/ld) is GNU ld
configure:5142: result: yes
configure:5154: checking for BSD- or MS-compatible name lister (nm)
configure:5208: result: /usr/bin/nm -B
configure:5338: checking the name lister (/usr/bin/nm -B) interface
configure:5345: gcc -c -g -O2  conftest.c >&5
configure:5348: /usr/bin/nm -B "conftest.o"
configure:5351: output
0000000000000000 B some_variable
configure:5358: result: BSD nm
configure:5361: checking whether ln -s works
configure:5365: result: yes
configure:5373: checking the maximum length of command line arguments
configure:5504: result: 1572864
configure:5552: checking how to convert x86_64-unknown-linux-gnu file names to x86_64-unknown-linux-gnu format
configure:5592: result: func_convert_file_noop
configure:5599: checking how to convert x86_64-unknown-linux-gnu file names to toolchain format
configure:5619: result: func_convert_file_noop
configure:5626: checking for /usr/bin/ld option to reload object files
configure:5633: result: -r
configure:5707: checking for objdump
configure:5734: result: objdump
configure:5763: checking how to recognize dependent libraries
configure:5963: result: pass_all
configure:6048: checking for dlltool
configure:6075: result: dlltool
configure:6105: checking how to associate runtime and link libraries
configure:6132: result: printf %s\n
configure:6193: checking for ar
configure:6209: found /usr/bin/ar
configure:6220: result: ar
configure:6257: checking for archiver @FILE support
configure:6274: gcc -c -g -O2  conftest.c >&5
configure:6274: $? = 0
configure:6277: ar cru libconftest.a @conftest.lst >&5
ar: `u' modifier ignored since `D' is the default (see `U')
configure:6280: $? = 0
configure:6285: ar cru libconftest.a @conftest.lst >&5
ar: `u' modifier ignored since `D' is the default (see `U')
ar: conftest.o: No such file or directory
configure:6288: $? = 1
configure:6300: result: @
configure:6358: checking for strip
configure:6374: found /usr/bin/strip
configure:6385: result: strip
configure:6457: checking for ranlib
configure:6473: found /usr/bin/ranlib
configure:6484: result: ranlib
configure:6586: checking command to parse /usr/bin/nm -B output from gcc object
configure:6739: gcc -c -g -O2  conftest.c >&5
configure:6742: $? = 0
configure:6746: /usr/bin/nm -B conftest.o \| sed -n -e 's/^.*[ ]\([ABCDGIRSTW][ABCDGIRSTW]*\)[ ][ ]*\([_A-Za-z][_A-Za-z0-9]*\)$/\1 \2 \2/p' | sed '/ __gnu_lto/d' \> conftest.nm
configure:6749: $? = 0
configure:6815: gcc -o conftest -g -O2   conftest.c conftstm.o >&5
configure:6818: $? = 0
configure:6856: result: ok
configure:6903: checking for sysroot
configure:6933: result: no
configure:6940: checking for a working dd
configure:6978: result: /bin/dd
configure:6982: checking how to truncate binary pipes
configure:6997: result: /bin/dd bs=4096 count=1
configure:7133: gcc -c -g -O2  conftest.c >&5
configure:7136: $? = 0
configure:7326: checking for mt
configure:7342: found /bin/mt
configure:7353: result: mt
configure:7376: checking if mt is a manifest tool
configure:7382: mt '-?'
configure:7390: result: no
configure:8067: checking how to run the C preprocessor
configure:8098: gcc -E  conftest.c
configure:8098: $? = 0
configure:8112: gcc -E  conftest.c
conftest.c:11:28: fatal error: ac_nonexistent.h: No such file or directory
compilation terminated.
configure:8112: $? = 1
configure: failed program was:
| /* confdefs.h */
| #define PACKAGE_NAME "GStreamer Libav"
| #define PACKAGE_TARNAME "gst-ffmpeg"
| #define PACKAGE_VERSION "0.10.13"
| #define PACKAGE_STRING "GStreamer Libav 0.10.13"
| #define PACKAGE_BUGREPORT "http://bugzilla.gnome.org/enter_bug.cgi?product=GStreamer"
| #define PACKAGE_URL ""
| #define PACKAGE "gst-ffmpeg"
| #define VERSION "0.10.13"
| /* end confdefs.h.  */
| #include <ac_nonexistent.h>
configure:8137: result: gcc -E
configure:8157: gcc -E  conftest.c
configure:8157: $? = 0
configure:8171: gcc -E  conftest.c
conftest.c:11:28: fatal error: ac_nonexistent.h: No such file or directory
compilation terminated.
configure:8171: $? = 1
configure: failed program was:
| /* confdefs.h */
| #define PACKAGE_NAME "GStreamer Libav"
| #define PACKAGE_TARNAME "gst-ffmpeg"
| #define PACKAGE_VERSION "0.10.13"
| #define PACKAGE_STRING "GStreamer Libav 0.10.13"
| #define PACKAGE_BUGREPORT "http://bugzilla.gnome.org/enter_bug.cgi?product=GStreamer"
| #define PACKAGE_URL ""
| #define PACKAGE "gst-ffmpeg"
| #define VERSION "0.10.13"
| /* end confdefs.h.  */
| #include <ac_nonexistent.h>
configure:8200: checking for ANSI C header files
configure:8220: gcc -c -g -O2  conftest.c >&5
configure:8220: $? = 0
configure:8293: gcc -o conftest -g -O2   conftest.c  >&5
configure:8293: $? = 0
configure:8293: ./conftest
configure:8293: $? = 0
configure:8304: result: yes
configure:8317: checking for sys/types.h
configure:8317: gcc -c -g -O2  conftest.c >&5
configure:8317: $? = 0
configure:8317: result: yes
configure:8317: checking for sys/stat.h
configure:8317: gcc -c -g -O2  conftest.c >&5
configure:8317: $? = 0
configure:8317: result: yes
configure:8317: checking for stdlib.h
configure:8317: gcc -c -g -O2  conftest.c >&5
configure:8317: $? = 0
configure:8317: result: yes
configure:8317: checking for string.h
configure:8317: gcc -c -g -O2  conftest.c >&5
configure:8317: $? = 0
configure:8317: result: yes
configure:8317: checking for memory.h
configure:8317: gcc -c -g -O2  conftest.c >&5
configure:8317: $? = 0
configure:8317: result: yes
configure:8317: checking for strings.h
configure:8317: gcc -c -g -O2  conftest.c >&5
configure:8317: $? = 0
configure:8317: result: yes
configure:8317: checking for inttypes.h
configure:8317: gcc -c -g -O2  conftest.c >&5
configure:8317: $? = 0
configure:8317: result: yes
configure:8317: checking for stdint.h
configure:8317: gcc -c -g -O2  conftest.c >&5
configure:8317: $? = 0
configure:8317: result: yes
configure:8317: checking for unistd.h
configure:8317: gcc -c -g -O2  conftest.c >&5
configure:8317: $? = 0
configure:8317: result: yes
configure:8331: checking for dlfcn.h
configure:8331: gcc -c -g -O2  conftest.c >&5
configure:8331: $? = 0
configure:8331: result: yes
configure:8585: checking for objdir
configure:8600: result: .libs
configure:8864: checking if gcc supports -fno-rtti -fno-exceptions
configure:8882: gcc -c -g -O2  -fno-rtti -fno-exceptions conftest.c >&5
cc1: warning: command line option '-fno-rtti' is valid for C++/ObjC++ but not for C
configure:8886: $? = 0
configure:8899: result: no
configure:9257: checking for gcc option to produce PIC
configure:9264: result: -fPIC -DPIC
configure:9272: checking if gcc PIC flag -fPIC -DPIC works
configure:9290: gcc -c -g -O2  -fPIC -DPIC -DPIC conftest.c >&5
configure:9294: $? = 0
configure:9307: result: yes
configure:9336: checking if gcc static flag -static works
configure:9364: result: yes
configure:9379: checking if gcc supports -c -o file.o
configure:9400: gcc -c -g -O2  -o out/conftest2.o conftest.c >&5
configure:9404: $? = 0
configure:9426: result: yes
configure:9434: checking if gcc supports -c -o file.o
configure:9481: result: yes
configure:9514: checking whether the gcc linker (/usr/bin/ld -m elf_x86_64) supports shared libraries
configure:10777: result: yes
configure:10814: checking whether -lc should be explicitly linked in
configure:10822: gcc -c -g -O2  conftest.c >&5
configure:10825: $? = 0
configure:10840: gcc -shared  -fPIC -DPIC conftest.o  -v -Wl,-soname -Wl,conftest -o conftest 2\>\&1 \| /bin/grep  -lc  \>/dev/null 2\>\&1
configure:10843: $? = 0
configure:10857: result: no
configure:11017: checking dynamic linker characteristics
configure:11598: gcc -o conftest -g -O2   -Wl,-rpath -Wl,/foo conftest.c  >&5
configure:11598: $? = 0
configure:11847: result: GNU/Linux ld.so
configure:11969: checking how to hardcode library paths into programs
configure:11994: result: immediate
configure:12542: checking whether stripping libraries is possible
configure:12547: result: yes
configure:12582: checking if libtool supports shared libraries
configure:12584: result: yes
configure:12587: checking whether to build shared libraries
configure:12612: result: yes
configure:12615: checking whether to build static libraries
configure:12619: result: yes
configure:12769: Using GStreamer Libav source release as package name
configure:12793: Using Unknown package origin as package origin
configure:12851: checking for pkg-config
configure:12869: found /usr/bin/pkg-config
configure:12881: result: /usr/bin/pkg-config
configure:12906: checking pkg-config is at least version 0.9.0
configure:12909: result: yes
configure:13133: checking whether byte ordering is bigendian
configure:13148: gcc -c -g -O2  conftest.c >&5
conftest.c:27:9: error: unknown type name 'not'
         not a universal capable compiler
         ^
conftest.c:27:15: error: expected '=', ',', ';', 'asm' or '__attribute__' before 'universal'
         not a universal capable compiler
               ^
conftest.c:27:15: error: unknown type name 'universal'
configure:13148: $? = 1
configure: failed program was:
| /* confdefs.h */
| #define PACKAGE_NAME "GStreamer Libav"
| #define PACKAGE_TARNAME "gst-ffmpeg"
| #define PACKAGE_VERSION "0.10.13"
| #define PACKAGE_STRING "GStreamer Libav 0.10.13"
| #define PACKAGE_BUGREPORT "http://bugzilla.gnome.org/enter_bug.cgi?product=GStreamer"
| #define PACKAGE_URL ""
| #define PACKAGE "gst-ffmpeg"
| #define VERSION "0.10.13"
| #define STDC_HEADERS 1
| #define HAVE_SYS_TYPES_H 1
| #define HAVE_SYS_STAT_H 1
| #define HAVE_STDLIB_H 1
| #define HAVE_STRING_H 1
| #define HAVE_MEMORY_H 1
| #define HAVE_STRINGS_H 1
| #define HAVE_INTTYPES_H 1
| #define HAVE_STDINT_H 1
| #define HAVE_UNISTD_H 1
| #define HAVE_DLFCN_H 1
| #define LT_OBJDIR ".libs/"
| #define GST_PACKAGE_NAME "GStreamer Libav source release"
| #define GST_PACKAGE_ORIGIN "Unknown package origin"
| #define HAVE_CPU_X86_64 1
| /* end confdefs.h.  */
| #ifndef __APPLE_CC__
| 	       not a universal capable compiler
| 	     #endif
| 	     typedef int dummy;
| 
configure:13193: gcc -c -g -O2  conftest.c >&5
configure:13193: $? = 0
configure:13211: gcc -c -g -O2  conftest.c >&5
conftest.c: In function 'main':
conftest.c:33:4: error: unknown type name 'not'
    not big endian
    ^
conftest.c:33:12: error: expected '=', ',', ';', 'asm' or '__attribute__' before 'endian'
    not big endian
            ^
configure:13211: $? = 1
configure: failed program was:
| /* confdefs.h */
| #define PACKAGE_NAME "GStreamer Libav"
| #define PACKAGE_TARNAME "gst-ffmpeg"
| #define PACKAGE_VERSION "0.10.13"
| #define PACKAGE_STRING "GStreamer Libav 0.10.13"
| #define PACKAGE_BUGREPORT "http://bugzilla.gnome.org/enter_bug.cgi?product=GStreamer"
| #define PACKAGE_URL ""
| #define PACKAGE "gst-ffmpeg"
| #define VERSION "0.10.13"
| #define STDC_HEADERS 1
| #define HAVE_SYS_TYPES_H 1
| #define HAVE_SYS_STAT_H 1
| #define HAVE_STDLIB_H 1
| #define HAVE_STRING_H 1
| #define HAVE_MEMORY_H 1
| #define HAVE_STRINGS_H 1
| #define HAVE_INTTYPES_H 1
| #define HAVE_STDINT_H 1
| #define HAVE_UNISTD_H 1
| #define HAVE_DLFCN_H 1
| #define LT_OBJDIR ".libs/"
| #define GST_PACKAGE_NAME "GStreamer Libav source release"
| #define GST_PACKAGE_ORIGIN "Unknown package origin"
| #define HAVE_CPU_X86_64 1
| /* end confdefs.h.  */
| #include <sys/types.h>
| 		#include <sys/param.h>
| 
| int
| main ()
| {
| #if BYTE_ORDER != BIG_ENDIAN
| 		 not big endian
| 		#endif
| 
|   ;
|   return 0;
| }
configure:13339: result: no
configure:13527: checking for gcc
configure:13554: result: gcc
configure:13783: checking for C compiler version
configure:13792: gcc --version >&5
gcc (Ubuntu 5.4.0-6ubuntu1~16.04.6) 5.4.0 20160609
Copyright (C) 2015 Free Software Foundation, Inc.
This is free software; see the source for copying conditions.  There is NO
warranty; not even for MERCHANTABILITY or FITNESS FOR A PARTICULAR PURPOSE.

configure:13803: $? = 0
configure:13792: gcc -v >&5
Using built-in specs.
COLLECT_GCC=gcc
COLLECT_LTO_WRAPPER=/usr/lib/gcc/x86_64-linux-gnu/5/lto-wrapper
Target: x86_64-linux-gnu
Configured with: ../src/configure -v --with-pkgversion='Ubuntu 5.4.0-6ubuntu1~16.04.6' --with-bugurl=file:///usr/share/doc/gcc-5/README.Bugs --enable-languages=c,ada,c++,java,go,d,fortran,objc,obj-c++ --prefix=/usr --program-suffix=-5 --enable-shared --enable-linker-build-id --libexecdir=/usr/lib --without-included-gettext --enable-threads=posix --libdir=/usr/lib --enable-nls --with-sysroot=/ --enable-clocale=gnu --enable-libstdcxx-debug --enable-libstdcxx-time=yes --with-default-libstdcxx-abi=new --enable-gnu-unique-object --disable-vtable-verify --enable-libmpx --enable-plugin --with-system-zlib --disable-browser-plugin --enable-java-awt=gtk --enable-gtk-cairo --with-java-home=/usr/lib/jvm/java-1.5.0-gcj-5-amd64/jre --enable-java-home --with-jvm-root-dir=/usr/lib/jvm/java-1.5.0-gcj-5-amd64 --with-jvm-jar-dir=/usr/lib/jvm-exports/java-1.5.0-gcj-5-amd64 --with-arch-directory=amd64 --with-ecj-jar=/usr/share/java/eclipse-ecj.jar --enable-objc-gc --enable-multiarch --disable-werror --with-arch-32=i686 --with-abi=m64 --with-multilib-list=m32,m64,mx32 --enable-multilib --with-tune=generic --enable-checking=release --build=x86_64-linux-gnu --host=x86_64-linux-gnu --target=x86_64-linux-gnu
Thread model: posix
gcc version 5.4.0 20160609 (Ubuntu 5.4.0-6ubuntu1~16.04.6) 
configure:13803: $? = 0
configure:13792: gcc -V >&5
gcc: error: unrecognized command line option '-V'
gcc: fatal error: no input files
compilation terminated.
configure:13803: $? = 1
configure:13792: gcc -qversion >&5
gcc: error: unrecognized command line option '-qversion'
gcc: fatal error: no input files
compilation terminated.
configure:13803: $? = 1
configure:13807: checking whether we are using the GNU C compiler
configure:13835: result: yes
configure:13844: checking whether gcc accepts -g
configure:13905: result: yes
configure:13922: checking for gcc option to accept ISO C89
configure:13998: result: none needed
configure:14023: checking whether gcc understands -c and -o together
configure:14060: result: yes
configure:14079: checking dependency style of gcc
configure:14190: result: gcc3
configure:14209: checking for gcc option to accept ISO C99
configure:14358: gcc  -c -g -O2  conftest.c >&5
configure:14358: $? = 0
configure:14371: result: none needed
configure:14479: checking for gcc option to accept ISO Standard C
configure:14490: result: none needed
configure:14502: checking for valgrind
configure:14533: result: no
configure:15290: checking whether to build gtk-doc documentation
configure:15292: result: no
configure:15299: checking for gtkdoc-check
configure:15332: result: no
configure:15363: Looking for Python version >= 2.1
configure:15381: checking for python
configure:15399: found /usr/bin/python
configure:15411: result: /usr/bin/python
configure:15423: checking "/usr/bin/python":
configure:15425: result: okay
configure:15441: checking local Python configuration
configure:15478: result: looks good
configure:15486: checking whether to build plugin documentation
configure:15493: result: no (gtk-doc disabled or not available)
configure:15596: checking for cos in -lm
configure:15621: gcc -o conftest -g -O2   conftest.c -lm   >&5
conftest.c:34:6: warning: conflicting types for built-in function 'cos'
 char cos ();
      ^
configure:15621: $? = 0
configure:15630: result: yes
configure:15643: checking for ANSI C header files
configure:15747: result: yes
configure:15769: checking for GST
configure:15777: $PKG_CONFIG --exists --print-errors "$module >= $minver"
configure:15780: $? = 0
configure:15795: $PKG_CONFIG --exists --print-errors "$module >= $minver"
configure:15798: $? = 0
configure:15854: result: yes
configure:15868: using GStreamer tools in /usr/bin
configure:15878: using GStreamer plug-ins in /usr/lib/x86_64-linux-gnu/gstreamer-0.10
configure:15890: checking for GST_BASE
configure:15898: $PKG_CONFIG --exists --print-errors "$module >= $minver"
configure:15901: $? = 0
configure:15916: $PKG_CONFIG --exists --print-errors "$module >= $minver"
configure:15919: $? = 0
configure:15975: result: yes
configure:15992: checking for GST_PLUGINS_BASE
configure:16000: $PKG_CONFIG --exists --print-errors "$module >= $minver"
Package gstreamer-plugins-base-0.10 was not found in the pkg-config search path.
Perhaps you should add the directory containing `gstreamer-plugins-base-0.10.pc'
to the PKG_CONFIG_PATH environment variable
No package 'gstreamer-plugins-base-0.10' found
configure:16003: $? = 1
configure:16018: $PKG_CONFIG --exists --print-errors "$module >= $minver"
Package gstreamer-plugins-base-0.10 was not found in the pkg-config search path.
Perhaps you should add the directory containing `gstreamer-plugins-base-0.10.pc'
to the PKG_CONFIG_PATH environment variable
No package 'gstreamer-plugins-base-0.10' found
configure:16021: $? = 1
No package 'gstreamer-plugins-base-0.10' found
configure:16049: result: no
configure:16053: No package 'gstreamer-plugins-base-0.10' found
configure:16056: error: no gstreamer-plugins-base-0.10 >= 0.10.31 (GStreamer Base Plugins) found

## ---------------- ##
## Cache variables. ##
## ---------------- ##

ac_cv_build=x86_64-unknown-linux-gnu
ac_cv_c_bigendian=no
ac_cv_c_compiler_gnu=yes
ac_cv_env_CC_set=
ac_cv_env_CC_value=
ac_cv_env_CFLAGS_set=
ac_cv_env_CFLAGS_value=
ac_cv_env_CPPFLAGS_set=
ac_cv_env_CPPFLAGS_value=
ac_cv_env_CPP_set=
ac_cv_env_CPP_value=
ac_cv_env_FFMPEG_CFLAGS_set=
ac_cv_env_FFMPEG_CFLAGS_value=
ac_cv_env_FFMPEG_LIBS_set=
ac_cv_env_FFMPEG_LIBS_value=
ac_cv_env_GST_BASE_CFLAGS_set=
ac_cv_env_GST_BASE_CFLAGS_value=
ac_cv_env_GST_BASE_LIBS_set=
ac_cv_env_GST_BASE_LIBS_value=
ac_cv_env_GST_CFLAGS_set=
ac_cv_env_GST_CFLAGS_value=
ac_cv_env_GST_CHECK_CFLAGS_set=
ac_cv_env_GST_CHECK_CFLAGS_value=
ac_cv_env_GST_CHECK_LIBS_set=
ac_cv_env_GST_CHECK_LIBS_value=
ac_cv_env_GST_LIBS_set=
ac_cv_env_GST_LIBS_value=
ac_cv_env_GST_PLUGINS_BASE_CFLAGS_set=
ac_cv_env_GST_PLUGINS_BASE_CFLAGS_value=
ac_cv_env_GST_PLUGINS_BASE_LIBS_set=
ac_cv_env_GST_PLUGINS_BASE_LIBS_value=
ac_cv_env_LDFLAGS_set=
ac_cv_env_LDFLAGS_value=
ac_cv_env_LIBS_set=
ac_cv_env_LIBS_value=
ac_cv_env_LT_SYS_LIBRARY_PATH_set=
ac_cv_env_LT_SYS_LIBRARY_PATH_value=
ac_cv_env_ORC_CFLAGS_set=
ac_cv_env_ORC_CFLAGS_value=
ac_cv_env_ORC_LIBS_set=
ac_cv_env_ORC_LIBS_value=
ac_cv_env_PKG_CONFIG_set=
ac_cv_env_PKG_CONFIG_value=
ac_cv_env_POSTPROC_CFLAGS_set=
ac_cv_env_POSTPROC_CFLAGS_value=
ac_cv_env_POSTPROC_LIBS_set=
ac_cv_env_POSTPROC_LIBS_value=
ac_cv_env_SWSCALE_CFLAGS_set=
ac_cv_env_SWSCALE_CFLAGS_value=
ac_cv_env_SWSCALE_LIBS_set=
ac_cv_env_SWSCALE_LIBS_value=
ac_cv_env_VALGRIND_CFLAGS_set=
ac_cv_env_VALGRIND_CFLAGS_value=
ac_cv_env_VALGRIND_LIBS_set=
ac_cv_env_VALGRIND_LIBS_value=
ac_cv_env_build_alias_set=
ac_cv_env_build_alias_value=
ac_cv_env_host_alias_set=
ac_cv_env_host_alias_value=
ac_cv_env_target_alias_set=
ac_cv_env_target_alias_value=
ac_cv_header_dlfcn_h=yes
ac_cv_header_inttypes_h=yes
ac_cv_header_memory_h=yes
ac_cv_header_stdc=yes
ac_cv_header_stdint_h=yes
ac_cv_header_stdlib_h=yes
ac_cv_header_string_h=yes
ac_cv_header_strings_h=yes
ac_cv_header_sys_stat_h=yes
ac_cv_header_sys_types_h=yes
ac_cv_header_unistd_h=yes
ac_cv_host=x86_64-unknown-linux-gnu
ac_cv_lib_m_cos=yes
ac_cv_objext=o
ac_cv_path_EGREP='/bin/grep -E'
ac_cv_path_FGREP='/bin/grep -F'
ac_cv_path_GREP=/bin/grep
ac_cv_path_PYTHON=/usr/bin/python
ac_cv_path_SED=/bin/sed
ac_cv_path_VALGRIND_PATH=no
ac_cv_path_ac_pt_PKG_CONFIG=/usr/bin/pkg-config
ac_cv_path_install='/usr/bin/install -c'
ac_cv_path_lt_DD=/bin/dd
ac_cv_path_mkdir=/bin/mkdir
ac_cv_prog_AWK=gawk
ac_cv_prog_CPP='gcc -E'
ac_cv_prog_ac_ct_AR=ar
ac_cv_prog_ac_ct_CC=gcc
ac_cv_prog_ac_ct_DLLTOOL=dlltool
ac_cv_prog_ac_ct_MANIFEST_TOOL=mt
ac_cv_prog_ac_ct_OBJDUMP=objdump
ac_cv_prog_ac_ct_RANLIB=ranlib
ac_cv_prog_ac_ct_STRIP=strip
ac_cv_prog_cc_c89=
ac_cv_prog_cc_c99=
ac_cv_prog_cc_g=yes
ac_cv_prog_cc_stdc=
ac_cv_prog_make_make_set=yes
am_cv_CC_dependencies_compiler_type=gcc3
am_cv_make_support_nested_variables=yes
am_cv_prog_cc_c_o=yes
lt_cv_ar_at_file=@
lt_cv_archive_cmds_need_lc=no
lt_cv_deplibs_check_method=pass_all
lt_cv_file_magic_cmd='$MAGIC_CMD'
lt_cv_file_magic_test_file=
lt_cv_ld_reload_flag=-r
lt_cv_nm_interface='BSD nm'
lt_cv_objdir=.libs
lt_cv_path_LD=/usr/bin/ld
lt_cv_path_NM='/usr/bin/nm -B'
lt_cv_path_mainfest_tool=no
lt_cv_prog_compiler_c_o=yes
lt_cv_prog_compiler_pic='-fPIC -DPIC'
lt_cv_prog_compiler_pic_works=yes
lt_cv_prog_compiler_rtti_exceptions=no
lt_cv_prog_compiler_static_works=yes
lt_cv_prog_gnu_ld=yes
lt_cv_sharedlib_from_linklib_cmd='printf %s\n'
lt_cv_shlibpath_overrides_runpath=no
lt_cv_sys_global_symbol_pipe='sed -n -e '\''s/^.*[	 ]\([ABCDGIRSTW][ABCDGIRSTW]*\)[	 ][	 ]*\([_A-Za-z][_A-Za-z0-9]*\)$/\1 \2 \2/p'\'' | sed '\''/ __gnu_lto/d'\'''
lt_cv_sys_global_symbol_to_c_name_address='sed -n -e '\''s/^: \(.*\) .*$/  {"\1", (void *) 0},/p'\'' -e '\''s/^[ABCDGIRSTW][ABCDGIRSTW]* .* \(.*\)$/  {"\1", (void *) \&\1},/p'\'''
lt_cv_sys_global_symbol_to_c_name_address_lib_prefix='sed -n -e '\''s/^: \(.*\) .*$/  {"\1", (void *) 0},/p'\'' -e '\''s/^[ABCDGIRSTW][ABCDGIRSTW]* .* \(lib.*\)$/  {"\1", (void *) \&\1},/p'\'' -e '\''s/^[ABCDGIRSTW][ABCDGIRSTW]* .* \(.*\)$/  {"lib\1", (void *) \&\1},/p'\'''
lt_cv_sys_global_symbol_to_cdecl='sed -n -e '\''s/^T .* \(.*\)$/extern int \1();/p'\'' -e '\''s/^[ABCDGIRSTW][ABCDGIRSTW]* .* \(.*\)$/extern char \1;/p'\'''
lt_cv_sys_global_symbol_to_import=
lt_cv_sys_max_cmd_len=1572864
lt_cv_to_host_file_cmd=func_convert_file_noop
lt_cv_to_tool_file_cmd=func_convert_file_noop
lt_cv_truncate_bin='/bin/dd bs=4096 count=1'
pkg_cv_GST_BASE_CFLAGS='-pthread -I/usr/include/gstreamer-0.10 -I/usr/include/glib-2.0 -I/usr/lib/x86_64-linux-gnu/glib-2.0/include -I/usr/include/libxml2'
pkg_cv_GST_BASE_LIBS='-lgstbase-0.10 -lgstreamer-0.10 -lgobject-2.0 -lgmodule-2.0 -pthread -lgthread-2.0 -pthread -lglib-2.0 -lxml2'
pkg_cv_GST_CFLAGS='-pthread -I/usr/include/gstreamer-0.10 -I/usr/include/glib-2.0 -I/usr/lib/x86_64-linux-gnu/glib-2.0/include -I/usr/include/libxml2'
pkg_cv_GST_LIBS='-lgstreamer-0.10 -lgobject-2.0 -lgmodule-2.0 -pthread -lgthread-2.0 -pthread -lglib-2.0 -lxml2'

## ----------------- ##
## Output variables. ##
## ----------------- ##

ACLOCAL='${SHELL} /home/goeful/tool/gstreamer/gst-ffmpeg-0.10.13/missing aclocal-1.15'
ACLOCAL_AMFLAGS='-I m4 -I common/m4'
AMDEPBACKSLASH='\'
AMDEP_FALSE='#'
AMDEP_TRUE=''
AMTAR='$${TAR-tar}'
AM_BACKSLASH='\'
AM_DEFAULT_V='$(AM_DEFAULT_VERBOSITY)'
AM_DEFAULT_VERBOSITY='0'
AM_V='$(V)'
AR='ar'
AS='as'
AUTOCONF='${SHELL} /home/goeful/tool/gstreamer/gst-ffmpeg-0.10.13/missing autoconf'
AUTOHEADER='${SHELL} /home/goeful/tool/gstreamer/gst-ffmpeg-0.10.13/missing autoheader'
AUTOMAKE='${SHELL} /home/goeful/tool/gstreamer/gst-ffmpeg-0.10.13/missing automake-1.15'
AWK='gawk'
CAT_ENTRY_END=''
CAT_ENTRY_START=''
CC='gcc'
CCDEPMODE='depmode=gcc3'
CFLAGS='-g -O2'
CPP='gcc -E'
CPPFLAGS=''
CYGPATH_W='echo'
DARWIN_LDFLAGS=''
DEFS=''
DEPDIR='.deps'
DEPRECATED_CFLAGS=''
DLLTOOL='dlltool'
DOCBOOK_ROOT=''
DOC_HTML_FALSE=''
DOC_HTML_TRUE='#'
DOC_PDF_FALSE=''
DOC_PDF_TRUE='#'
DOC_PS_FALSE=''
DOC_PS_TRUE='#'
DSYMUTIL=''
DUMPBIN=''
ECHO_C=''
ECHO_N='-n'
ECHO_T=''
EGREP='/bin/grep -E'
ENABLE_DOCBOOK_FALSE=''
ENABLE_DOCBOOK_TRUE='#'
ENABLE_GTK_DOC_FALSE=''
ENABLE_GTK_DOC_TRUE='#'
ENABLE_PLUGIN_DOCS_FALSE=''
ENABLE_PLUGIN_DOCS_TRUE='#'
ERROR_CFLAGS=''
EXEEXT=''
FFMPEG_CFLAGS=''
FFMPEG_CO_DIR=''
FFMPEG_EXTERNALS_REVISION=''
FFMPEG_LIBS=''
FFMPEG_REVISION=''
FFMPEG_SUBDIRS=''
FFMPEG_SVN=''
FGREP='/bin/grep -F'
GREP='/bin/grep'
GSTPB_PLUGINS_DIR=''
GST_ALL_LDFLAGS=''
GST_BASE_CFLAGS='-pthread -I/usr/include/gstreamer-0.10 -I/usr/include/glib-2.0 -I/usr/lib/x86_64-linux-gnu/glib-2.0/include -I/usr/include/libxml2'
GST_BASE_LIBS='-lgstbase-0.10 -lgstreamer-0.10 -lgobject-2.0 -lgmodule-2.0 -pthread -lgthread-2.0 -pthread -lglib-2.0 -lxml2'
GST_CFLAGS='-pthread -I/usr/include/gstreamer-0.10 -I/usr/include/glib-2.0 -I/usr/lib/x86_64-linux-gnu/glib-2.0/include -I/usr/include/libxml2'
GST_CHECK_CFLAGS=''
GST_CHECK_LIBS=''
GST_FFMPEG_ENABLE_LGPL_FALSE=''
GST_FFMPEG_ENABLE_LGPL_TRUE=''
GST_LEVEL_DEFAULT=''
GST_LIBS='-lgstreamer-0.10 -lgobject-2.0 -lgmodule-2.0 -pthread -lgthread-2.0 -pthread -lglib-2.0 -lxml2'
GST_MAJORMINOR='0.10'
GST_OPTION_CFLAGS=''
GST_PACKAGE_NAME='GStreamer Libav source release'
GST_PACKAGE_ORIGIN='Unknown package origin'
GST_PLUGINS_BASE_CFLAGS=''
GST_PLUGINS_BASE_DIR=''
GST_PLUGINS_BASE_LIBS=''
GST_PLUGINS_DIR='/usr/lib/x86_64-linux-gnu/gstreamer-0.10'
GST_PLUGIN_LDFLAGS=''
GST_TOOLS_DIR='/usr/bin'
GTKDOC_CHECK=''
GTK_DOC_USE_LIBTOOL_FALSE='#'
GTK_DOC_USE_LIBTOOL_TRUE=''
HAVE_BZ2=''
HAVE_BZ2_FALSE=''
HAVE_BZ2_TRUE=''
HAVE_CPU_ALPHA_FALSE=''
HAVE_CPU_ALPHA_TRUE='#'
HAVE_CPU_ARM_FALSE=''
HAVE_CPU_ARM_TRUE='#'
HAVE_CPU_CRISV32_FALSE=''
HAVE_CPU_CRISV32_TRUE='#'
HAVE_CPU_CRIS_FALSE=''
HAVE_CPU_CRIS_TRUE='#'
HAVE_CPU_HPPA_FALSE=''
HAVE_CPU_HPPA_TRUE='#'
HAVE_CPU_I386_FALSE=''
HAVE_CPU_I386_TRUE='#'
HAVE_CPU_IA64_FALSE=''
HAVE_CPU_IA64_TRUE='#'
HAVE_CPU_M68K_FALSE=''
HAVE_CPU_M68K_TRUE='#'
HAVE_CPU_MIPS_FALSE=''
HAVE_CPU_MIPS_TRUE='#'
HAVE_CPU_PPC64_FALSE=''
HAVE_CPU_PPC64_TRUE='#'
HAVE_CPU_PPC_FALSE=''
HAVE_CPU_PPC_TRUE='#'
HAVE_CPU_S390_FALSE=''
HAVE_CPU_S390_TRUE='#'
HAVE_CPU_SPARC_FALSE=''
HAVE_CPU_SPARC_TRUE='#'
HAVE_CPU_X86_64_FALSE='#'
HAVE_CPU_X86_64_TRUE=''
HAVE_DOCBOOK2HTML=''
HAVE_DOCBOOK2PS=''
HAVE_DVIPS=''
HAVE_EPSTOPDF=''
HAVE_FFMPEG_UNINSTALLED_FALSE=''
HAVE_FFMPEG_UNINSTALLED_TRUE=''
HAVE_FIG2DEV=''
HAVE_GST_CHECK_FALSE=''
HAVE_GST_CHECK_TRUE=''
HAVE_JADETEX=''
HAVE_ORCC_FALSE=''
HAVE_ORCC_TRUE=''
HAVE_ORC_FALSE=''
HAVE_ORC_TRUE=''
HAVE_PNGTOPNM=''
HAVE_PNMTOPS=''
HAVE_PS2PDF=''
HAVE_VALGRIND_FALSE=''
HAVE_VALGRIND_TRUE='#'
HAVE_XMLLINT=''
HTML_DIR='${datadir}/gtk-doc/html'
INSTALL_DATA='${INSTALL} -m 644'
INSTALL_PROGRAM='${INSTALL}'
INSTALL_SCRIPT='${INSTALL}'
INSTALL_STRIP_PROGRAM='$(install_sh) -c -s'
LD='/usr/bin/ld -m elf_x86_64'
LDFLAGS=''
LIBM='-lm'
LIBOBJS=''
LIBS=''
LIBTOOL='$(SHELL) $(top_builddir)/libtool'
LIPO=''
LN_S='ln -s'
LTLIBOBJS=''
LT_SYS_LIBRARY_PATH=''
MAINT='#'
MAINTAINER_MODE_FALSE=''
MAINTAINER_MODE_TRUE='#'
MAKEINFO='${SHELL} /home/goeful/tool/gstreamer/gst-ffmpeg-0.10.13/missing makeinfo'
MANIFEST_TOOL=':'
MKDIR_P='/bin/mkdir -p'
NM='/usr/bin/nm -B'
NMEDIT=''
OBJDUMP='objdump'
OBJEXT='o'
ORCC=''
ORCC_FLAGS=''
ORC_CFLAGS=''
ORC_LIBS=''
OTOOL64=''
OTOOL=''
PACKAGE='gst-ffmpeg'
PACKAGE_BUGREPORT='http://bugzilla.gnome.org/enter_bug.cgi?product=GStreamer'
PACKAGE_NAME='GStreamer Libav'
PACKAGE_STRING='GStreamer Libav 0.10.13'
PACKAGE_TARNAME='gst-ffmpeg'
PACKAGE_URL=''
PACKAGE_VERSION='0.10.13'
PACKAGE_VERSION_MAJOR='0'
PACKAGE_VERSION_MICRO='13'
PACKAGE_VERSION_MINOR='10'
PACKAGE_VERSION_NANO='0'
PACKAGE_VERSION_RELEASE='1'
PATH_SEPARATOR=':'
PKG_CONFIG='/usr/bin/pkg-config'
PLUGINDIR=''
POSTPROC_CFLAGS=''
POSTPROC_LIBS=''
PROFILE_CFLAGS=''
PYTHON='/usr/bin/python'
PYTHON_EXEC_PREFIX='${exec_prefix}'
PYTHON_PLATFORM='linux2'
PYTHON_PREFIX='${prefix}'
PYTHON_VERSION='2.7'
RANLIB='ranlib'
SED='/bin/sed'
SET_MAKE=''
SHELL='/bin/bash'
STRIP='strip'
SWSCALE_CFLAGS=''
SWSCALE_LIBS=''
VALGRIND_CFLAGS=''
VALGRIND_LIBS=''
VALGRIND_PATH='no'
VERSION='0.10.13'
WARNING_CFLAGS=''
WIN32_LIBS=''
XML_CATALOG=''
XSLTPROC=''
XSLTPROC_FLAGS=''
ac_ct_AR='ar'
ac_ct_CC='gcc'
ac_ct_DUMPBIN=''
am__EXEEXT_FALSE=''
am__EXEEXT_TRUE=''
am__fastdepCC_FALSE='#'
am__fastdepCC_TRUE=''
am__include='include'
am__isrc=''
am__leading_dot='.'
am__nodep='_no'
am__quote=''
am__tar='$${TAR-tar} chof - "$$tardir"'
am__untar='$${TAR-tar} xf -'
bindir='${exec_prefix}/bin'
build='x86_64-unknown-linux-gnu'
build_alias=''
build_cpu='x86_64'
build_os='linux-gnu'
build_vendor='unknown'
datadir='${datarootdir}'
datarootdir='${prefix}/share'
docdir='$(datadir)/doc/gst-ffmpeg-0.10'
dvidir='${docdir}'
exec_prefix='NONE'
host='x86_64-unknown-linux-gnu'
host_alias=''
host_cpu='x86_64'
host_os='linux-gnu'
host_vendor='unknown'
htmldir='${docdir}'
includedir='${prefix}/include'
infodir='${datarootdir}/info'
install_sh='${SHELL} /home/goeful/tool/gstreamer/gst-ffmpeg-0.10.13/install-sh'
libdir='${exec_prefix}/lib'
libexecdir='${exec_prefix}/libexec'
localedir='${datarootdir}/locale'
localstatedir='${prefix}/var'
mandir='${datarootdir}/man'
mkdir_p='$(MKDIR_P)'
oldincludedir='/usr/include'
pdfdir='${docdir}'
pkgpyexecdir='${pyexecdir}/gst-ffmpeg'
pkgpythondir='${pythondir}/gst-ffmpeg'
plugindir=''
prefix='NONE'
program_transform_name='s,x,x,'
psdir='${docdir}'
pyexecdir='${exec_prefix}/lib/python2.7/site-packages'
pythondir='${prefix}/lib/python2.7/site-packages'
runstatedir='${localstatedir}/run'
sbindir='${exec_prefix}/sbin'
sharedstatedir='${prefix}/com'
sysconfdir='${prefix}/etc'
target_alias=''

## ----------- ##
## confdefs.h. ##
## ----------- ##

/* confdefs.h */
#define PACKAGE_NAME "GStreamer Libav"
#define PACKAGE_TARNAME "gst-ffmpeg"
#define PACKAGE_VERSION "0.10.13"
#define PACKAGE_STRING "GStreamer Libav 0.10.13"
#define PACKAGE_BUGREPORT "http://bugzilla.gnome.org/enter_bug.cgi?product=GStreamer"
#define PACKAGE_URL ""
#define PACKAGE "gst-ffmpeg"
#define VERSION "0.10.13"
#define STDC_HEADERS 1
#define HAVE_SYS_TYPES_H 1
#define HAVE_SYS_STAT_H 1
#define HAVE_STDLIB_H 1
#define HAVE_STRING_H 1
#define HAVE_MEMORY_H 1
#define HAVE_STRINGS_H 1
#define HAVE_INTTYPES_H 1
#define HAVE_STDINT_H 1
#define HAVE_UNISTD_H 1
#define HAVE_DLFCN_H 1
#define LT_OBJDIR ".libs/"
#define GST_PACKAGE_NAME "GStreamer Libav source release"
#define GST_PACKAGE_ORIGIN "Unknown package origin"
#define HAVE_CPU_X86_64 1
#define HOST_CPU "x86_64"
#define STDC_HEADERS 1

configure: exit 1
