============================================================
Time  2018/10/22 11:55:27 904 
============================================================
[2018/10/22 11:55:27 904] lgi        676  SYS_MSG_LOAD  
[2018/10/22 11:55:27 905] lgi        698  SYS_MSG_REGCB  msp_status_cb  func(bc0538b0) 
[2018/10/22 11:55:27 905] lgi        292  LGI_MSG_INIT  
[2018/10/22 11:55:27 905] lgi        299  lgi  lgi_  268436457  1537256992  
[2018/10/22 11:55:27 905] lgi        335  lgi params:  appid = 59a4c2a0, work_dir = .  
[2018/10/22 11:55:27 905] lgi        349  auth_time_str=  2018/10/22 11:55:27  
[2018/10/22 11:55:27 905] lgi        355  auth_appid=  59a4c2a0  
[2018/10/22 11:55:27 908] lgi        380  lgi ivwnet_querying  
[2018/10/22 11:55:27 908] lgi        395  token:  nil  
[2018/10/22 11:55:27 908] lgi        468  msc cver : 5.0.41.1218  
[2018/10/22 11:55:27 908] lgi        511  ns_enable=  1  
[2018/10/22 11:55:27 908] lgi        523  prot_ver=1  
[2018/10/22 11:55:27 908] lgi        534  prot_type=tcp  
[2018/10/22 11:55:27 909] lgi        685  SYS_MSG_UNLOAD  go bg!  
[2018/10/22 11:55:27 920] lgi        590  LGI_MSG_START, caller =  ctts1PdHHBHcfrYQO-ceaatjJPfdCNOmnS  
[2018/10/22 11:55:27 920] lgi        596  lgistat =   0  
[2018/10/22 11:55:27 920] lgi        622  lgi_auth_id =  nil  
[2018/10/22 11:55:27 920] transport  645  paramkvsport is   0  
[2018/10/22 11:55:27 920] transport  657  ns_enable=  1  
[2018/10/22 11:55:27 920] transport  659  2017-08--24 is_ns_need_close =   nil  
[2018/10/22 11:55:27 920] transport  665  net.nettype=  unknown  
[2018/10/22 11:55:27 920] transport  675  url.full=  nil  
[2018/10/22 11:55:27 920] transport  676  urltmp=  nil  
[2018/10/22 11:55:27 920] transport  680  server_url_host=, server_url_port=, server_url_path=  open.xf-yun.com  nil  /msp.do  
[2018/10/22 11:55:27 920] transport  708  url.full=  nil  
[2018/10/22 11:55:27 920] transport  907  net type:  unknown  
[2018/10/22 11:55:27 921] transport  908  net operator:  def  
[2018/10/22 11:55:27 921] transport  909  use proxy:  false  
[2018/10/22 11:55:27 921] lgi        271  [session] send lgi request  
[2018/10/22 11:55:27 921] transport  1107 session.domain=  open.xf-yun.com  
[2018/10/22 11:55:27 921] transport  1108 url.host=  open.xf-yun.com  
[2018/10/22 11:55:27 921] transport  1085 NAMESERVER START  
[2018/10/22 11:55:27 921] transport  1088 name =   ath  
[2018/10/22 11:55:27 921] ns         629  ntt=  unknown  
[2018/10/22 11:55:27 921] transport  1091 trans,ns_inprog =  0  
[2018/10/22 11:55:27 921] ns         585  name server start  
[2018/10/22 11:55:27 921] ns         586  ns_sub =   ath  
[2018/10/22 11:55:27 921] ns         588  ns_host=  open.xf-yun.com  
[2018/10/22 11:55:27 921] ns         479  ns_host=  open.xf-yun.com  
[2018/10/22 11:55:27 921] ns         558  GET /sip/resolver?srand=1022115511.32 HTTP/1.1
Host: hdns.xf-yun.com
Connection: Keep-Alive
X-Par: ver=1.3&appid=59a4c2a0&operator=UNKNOW&nettype=STANDARD&cver=5.0.41.1218&svc=ath&host=open.xf-yun.com&sign=a9f7245105ab250ae8ae81b26b639dd8
User-Agent: iFLYCloud

  
[2018/10/22 11:55:27 921] ns         559  net_type =  standard  
[2018/10/22 11:55:27 921] ns         560  cmwapascmnet =  
[2018/10/22 11:55:27 921] ns         561  uniwapasuninet =  
[2018/10/22 11:55:27 921] ns         562  ctwapasctnet =  
[2018/10/22 11:55:27 921] ns         579  host=  hdns.xf-yun.com  
[2018/10/22 11:55:27 921] network    263  gethostbyname  hdns.xf-yun.com  ns1  
[2018/10/22 11:55:27 922] lgi        238  lver:  nil  
[2018/10/22 11:55:27 922] lgi        243  cfg_ver:  nil  
[2018/10/22 11:55:27 922] transport  1858 transport_obj.send | in  
[2018/10/22 11:55:27 922] transport  1864 self.msg_flag_q  table(bc070930) 
[2018/10/22 11:55:27 923] transport  1865 self.msg_q  table(bc005f80) 
[2018/10/22 11:55:27 923] transport  1797 transport_obj.try2send | in  
[2018/10/22 11:55:27 923] transport  1798 self.soc  nil  
[2018/10/22 11:55:27 923] transport  1799 self.connected  false  
[2018/10/22 11:55:27 923] transport  1800 self.latesterr  0  
[2018/10/22 11:55:27 923] transport  1871 transport_obj.send | out  
[2018/10/22 11:55:28 012] network    245  dns resp  0  ns1  
[2018/10/22 11:55:28 012] ns         425  ns dns ok  116.213.69.200  
[2018/10/22 11:55:28 012] ns         205  iplist not avail  
[2018/10/22 11:55:28 015] ns         432  is_voicecloud_ip=  0  
[2018/10/22 11:55:28 015] ns         439  ip_is_expected=  true  
[2018/10/22 11:55:28 015] ns         447  ip_is_expected=  true  
[2018/10/22 11:55:28 015] network    445  gethttpresp2  116.213.69.200  80  ns2  
[2018/10/22 11:55:28 015] network    465  prot_type  tcp  
[2018/10/22 11:55:28 042] transport  194  [dns] [1] response 58.67.223.138  
[2018/10/22 11:55:28 042] transport  202  58  67  223  138  
[2018/10/22 11:55:28 042] transport  204  ipv =  v4  
[2018/10/22 11:55:28 042] transport  208  dns ip is v4  
[2018/10/22 11:55:28 042] transport  130  iplist not avail  
[2018/10/22 11:55:28 042] transport  247  no iplist now  
[2018/10/22 11:55:28 042] network    95   iptoenv ,  ipcache  open.xf-yun.com  def  58.67.223.138  
[2018/10/22 11:55:28 043] transport  291  dns cb start conn  
[2018/10/22 11:55:28 043] transport  1303 [soc] connect   58.67.223.138  1028  
[2018/10/22 11:55:28 043] transport  1315 mspsoc.open,prot_type=  tcp  
[2018/10/22 11:55:28 059] network    350  connected  ns2  
[2018/10/22 11:55:28 059] transport  473  [soc] [1] connected  
[2018/10/22 11:55:28 059] transport  1797 transport_obj.try2send | in  
[2018/10/22 11:55:28 060] transport  1798 self.soc  udata(bc043bd8) 
[2018/10/22 11:55:28 060] transport  1799 self.connected  true  
[2018/10/22 11:55:28 060] transport  1800 self.latesterr  0  
[2018/10/22 11:55:28 060] transport  1817 transport:try2send,#msg_q=  1  
[2018/10/22 11:55:28 060] transport  1358 build http request.  
[2018/10/22 11:55:28 060] transport  1475 POST /msp.do HTTP/1.1
X-Sub: auth
X-Par: ver=MSSP+0%2E9&sub=auth&cmd=lgi&cver=5%2E0%2E41%2E1218&key=08ZNVrB3I9EMk=
Host: open.xf-yun.com
CT: multipart/mixed;boundary=--
CL: 331

----
Content-Length:56
Content-Type:text/appinfo
Content-Encoding:gzip,encrypt/0.2

^èõ«ÁiWòÅ  
[2018/10/22 11:55:28 061] transport  1817 transport:try2send,#msg_q=  0  
[2018/10/22 11:55:28 061] network    353  send ok  268  ns2  
[2018/10/22 11:55:28 061] transport  482  [soc] [1] send ok  516  
[2018/10/22 11:55:28 061] transport  1797 transport_obj.try2send | in  
[2018/10/22 11:55:28 061] transport  1798 self.soc  udata(bc043bd8) 
[2018/10/22 11:55:28 061] transport  1799 self.connected  true  
[2018/10/22 11:55:28 061] transport  1800 self.latesterr  0  
[2018/10/22 11:55:28 061] transport  1817 transport:try2send,#msg_q=  0  
[2018/10/22 11:55:28 091] transport  494  [soc] [1] readable  
[2018/10/22 11:55:28 091] transport  1765 HTTP/1.1 200 OK
Content-Length: 1
X-Req-Date: 2018/10/22 11:51:30 977
X-Par: ver=MSSP+0%2E9&ret=10407&cver=5%2E0%2E41%2E1218&key=09zdZRwahrT3pCiMTwo4oeQcu/5tQkOgN2JCxg3DsGI^PH94V0NfscWg==
CT: text/plain
CL: 1
Content-Length: 1
X-Res-Date: 2018/10/22 11:51:30 997

0  
[2018/10/22 11:55:28 091] transport  1493 a_complete_httpmessage  200  
[2018/10/22 11:55:28 091] transport  1603 is_update  false  
[2018/10/22 11:55:28 091] lgi        99   [trans] [id = lgi_] readable  
[2018/10/22 11:55:28 092] network    90   ipfromenv ,  ipcache  open.xf-yun.com  def  58.67.223.138  
[2018/10/22 11:55:28 092] transport  972  iplist not avail  
[2018/10/22 11:55:28 092] transport  1331 [soc] disconnect   
[2018/10/22 11:55:28 092] transport  991  transport clean  
[2018/10/22 11:55:28 092] lgi        157  [mssp] bad response : 10407  
[2018/10/22 11:55:28 092] lgi        69   notify_lgi_result, ret=10407, loginid=nil  
